{"C:\\ecole offline\\SR10\\projet\\git repo\\sr10_p2023_bridoux_perrette\\PaulEmploi\\app.js": {"path":"C:\\ecole offline\\SR10\\projet\\git repo\\sr10_p2023_bridoux_perrette\\PaulEmploi\\app.js","statementMap":{"0":{"start":{"line":1,"column":18},"end":{"line":1,"column":40}},"1":{"start":{"line":2,"column":14},"end":{"line":2,"column":32}},"2":{"start":{"line":3,"column":14},"end":{"line":3,"column":40}},"3":{"start":{"line":4,"column":11},"end":{"line":4,"column":26}},"4":{"start":{"line":5,"column":19},"end":{"line":5,"column":43}},"5":{"start":{"line":6,"column":13},"end":{"line":6,"column":30}},"6":{"start":{"line":8,"column":18},"end":{"line":8,"column":43}},"7":{"start":{"line":9,"column":25},"end":{"line":9,"column":57}},"8":{"start":{"line":10,"column":21},"end":{"line":10,"column":49}},"9":{"start":{"line":11,"column":17},"end":{"line":11,"column":39}},"10":{"start":{"line":12,"column":18},"end":{"line":12,"column":52}},"11":{"start":{"line":13,"column":19},"end":{"line":13,"column":48}},"12":{"start":{"line":14,"column":17},"end":{"line":14,"column":49}},"13":{"start":{"line":15,"column":19},"end":{"line":15,"column":46}},"14":{"start":{"line":17,"column":10},"end":{"line":17,"column":19}},"15":{"start":{"line":20,"column":0},"end":{"line":20,"column":48}},"16":{"start":{"line":21,"column":0},"end":{"line":21,"column":30}},"17":{"start":{"line":23,"column":0},"end":{"line":23,"column":23}},"18":{"start":{"line":24,"column":0},"end":{"line":24,"column":24}},"19":{"start":{"line":25,"column":0},"end":{"line":25,"column":49}},"20":{"start":{"line":26,"column":0},"end":{"line":26,"column":24}},"21":{"start":{"line":27,"column":0},"end":{"line":27,"column":56}},"22":{"start":{"line":29,"column":0},"end":{"line":29,"column":103}},"23":{"start":{"line":31,"column":0},"end":{"line":31,"column":26}},"24":{"start":{"line":32,"column":0},"end":{"line":32,"column":45}},"25":{"start":{"line":33,"column":0},"end":{"line":33,"column":37}},"26":{"start":{"line":34,"column":0},"end":{"line":34,"column":29}},"27":{"start":{"line":35,"column":0},"end":{"line":35,"column":40}},"28":{"start":{"line":36,"column":0},"end":{"line":36,"column":36}},"29":{"start":{"line":37,"column":0},"end":{"line":37,"column":34}},"30":{"start":{"line":38,"column":0},"end":{"line":38,"column":37}},"31":{"start":{"line":41,"column":0},"end":{"line":43,"column":3}},"32":{"start":{"line":42,"column":2},"end":{"line":42,"column":25}},"33":{"start":{"line":46,"column":0},"end":{"line":54,"column":3}},"34":{"start":{"line":48,"column":2},"end":{"line":48,"column":35}},"35":{"start":{"line":49,"column":2},"end":{"line":49,"column":69}},"36":{"start":{"line":52,"column":2},"end":{"line":52,"column":32}},"37":{"start":{"line":53,"column":2},"end":{"line":53,"column":22}},"38":{"start":{"line":56,"column":0},"end":{"line":56,"column":21}}},"fnMap":{"0":{"name":"(anonymous_0)","decl":{"start":{"line":41,"column":8},"end":{"line":41,"column":9}},"loc":{"start":{"line":41,"column":33},"end":{"line":43,"column":1}},"line":41},"1":{"name":"(anonymous_1)","decl":{"start":{"line":46,"column":8},"end":{"line":46,"column":9}},"loc":{"start":{"line":46,"column":38},"end":{"line":54,"column":1}},"line":46}},"branchMap":{"0":{"loc":{"start":{"line":49,"column":21},"end":{"line":49,"column":68}},"type":"cond-expr","locations":[{"start":{"line":49,"column":60},"end":{"line":49,"column":63}},{"start":{"line":49,"column":66},"end":{"line":49,"column":68}}],"line":49},"1":{"loc":{"start":{"line":52,"column":13},"end":{"line":52,"column":30}},"type":"binary-expr","locations":[{"start":{"line":52,"column":13},"end":{"line":52,"column":23}},{"start":{"line":52,"column":27},"end":{"line":52,"column":30}}],"line":52}},"s":{"0":1,"1":1,"2":1,"3":1,"4":1,"5":1,"6":1,"7":1,"8":1,"9":1,"10":1,"11":1,"12":1,"13":1,"14":1,"15":1,"16":1,"17":1,"18":1,"19":1,"20":1,"21":1,"22":1,"23":1,"24":1,"25":1,"26":1,"27":1,"28":1,"29":1,"30":1,"31":1,"32":0,"33":1,"34":0,"35":0,"36":0,"37":0,"38":1},"f":{"0":0,"1":0},"b":{"0":[0,0],"1":[0,0]},"_coverageSchema":"1a1c01bbd47fc00a2c39e90264f33305004495a9","hash":"f874ccdf3847c6e62850b8ae829381d753c52e04"}
,"C:\\ecole offline\\SR10\\projet\\git repo\\sr10_p2023_bridoux_perrette\\PaulEmploi\\model\\candidatures.js": {"path":"C:\\ecole offline\\SR10\\projet\\git repo\\sr10_p2023_bridoux_perrette\\PaulEmploi\\model\\candidatures.js","statementMap":{"0":{"start":{"line":1,"column":9},"end":{"line":1,"column":29}},"1":{"start":{"line":2,"column":10},"end":{"line":2,"column":26}},"2":{"start":{"line":4,"column":0},"end":{"line":71,"column":1}},"3":{"start":{"line":7,"column":8},"end":{"line":10,"column":11}},"4":{"start":{"line":8,"column":12},"end":{"line":8,"column":31}},"5":{"start":{"line":8,"column":21},"end":{"line":8,"column":31}},"6":{"start":{"line":9,"column":12},"end":{"line":9,"column":30}},"7":{"start":{"line":14,"column":8},"end":{"line":17,"column":11}},"8":{"start":{"line":15,"column":12},"end":{"line":15,"column":31}},"9":{"start":{"line":15,"column":21},"end":{"line":15,"column":31}},"10":{"start":{"line":16,"column":12},"end":{"line":16,"column":30}},"11":{"start":{"line":21,"column":8},"end":{"line":24,"column":11}},"12":{"start":{"line":22,"column":12},"end":{"line":22,"column":31}},"13":{"start":{"line":22,"column":21},"end":{"line":22,"column":31}},"14":{"start":{"line":23,"column":12},"end":{"line":23,"column":30}},"15":{"start":{"line":27,"column":8},"end":{"line":30,"column":11}},"16":{"start":{"line":28,"column":8},"end":{"line":28,"column":27}},"17":{"start":{"line":28,"column":17},"end":{"line":28,"column":27}},"18":{"start":{"line":29,"column":8},"end":{"line":29,"column":26}},"19":{"start":{"line":33,"column":8},"end":{"line":36,"column":11}},"20":{"start":{"line":34,"column":12},"end":{"line":34,"column":31}},"21":{"start":{"line":34,"column":21},"end":{"line":34,"column":31}},"22":{"start":{"line":35,"column":12},"end":{"line":35,"column":30}},"23":{"start":{"line":39,"column":8},"end":{"line":39,"column":114}},"24":{"start":{"line":39,"column":40},"end":{"line":39,"column":114}},"25":{"start":{"line":40,"column":8},"end":{"line":40,"column":38}},"26":{"start":{"line":41,"column":8},"end":{"line":43,"column":9}},"27":{"start":{"line":41,"column":21},"end":{"line":41,"column":22}},"28":{"start":{"line":42,"column":12},"end":{"line":42,"column":58}},"29":{"start":{"line":44,"column":8},"end":{"line":44,"column":75}},"30":{"start":{"line":46,"column":8},"end":{"line":49,"column":15}},"31":{"start":{"line":47,"column":12},"end":{"line":47,"column":31}},"32":{"start":{"line":47,"column":21},"end":{"line":47,"column":31}},"33":{"start":{"line":48,"column":12},"end":{"line":48,"column":30}},"34":{"start":{"line":50,"column":8},"end":{"line":50,"column":20}},"35":{"start":{"line":53,"column":19},"end":{"line":53,"column":36}},"36":{"start":{"line":54,"column":8},"end":{"line":57,"column":11}},"37":{"start":{"line":55,"column":8},"end":{"line":55,"column":27}},"38":{"start":{"line":55,"column":17},"end":{"line":55,"column":27}},"39":{"start":{"line":56,"column":8},"end":{"line":56,"column":26}},"40":{"start":{"line":60,"column":19},"end":{"line":60,"column":56}},"41":{"start":{"line":64,"column":19},"end":{"line":64,"column":51}},"42":{"start":{"line":65,"column":18},"end":{"line":65,"column":73}},"43":{"start":{"line":66,"column":8},"end":{"line":69,"column":11}},"44":{"start":{"line":67,"column":12},"end":{"line":67,"column":31}},"45":{"start":{"line":67,"column":21},"end":{"line":67,"column":31}},"46":{"start":{"line":68,"column":12},"end":{"line":68,"column":30}}},"fnMap":{"0":{"name":"(anonymous_0)","decl":{"start":{"line":5,"column":10},"end":{"line":5,"column":11}},"loc":{"start":{"line":5,"column":46},"end":{"line":11,"column":5}},"line":5},"1":{"name":"(anonymous_1)","decl":{"start":{"line":7,"column":85},"end":{"line":7,"column":86}},"loc":{"start":{"line":7,"column":108},"end":{"line":10,"column":9}},"line":7},"2":{"name":"(anonymous_2)","decl":{"start":{"line":12,"column":13},"end":{"line":12,"column":14}},"loc":{"start":{"line":12,"column":50},"end":{"line":18,"column":5}},"line":12},"3":{"name":"(anonymous_3)","decl":{"start":{"line":14,"column":93},"end":{"line":14,"column":94}},"loc":{"start":{"line":14,"column":116},"end":{"line":17,"column":9}},"line":14},"4":{"name":"(anonymous_4)","decl":{"start":{"line":19,"column":23},"end":{"line":19,"column":24}},"loc":{"start":{"line":19,"column":53},"end":{"line":25,"column":5}},"line":19},"5":{"name":"(anonymous_5)","decl":{"start":{"line":21,"column":204},"end":{"line":21,"column":205}},"loc":{"start":{"line":21,"column":227},"end":{"line":24,"column":9}},"line":21},"6":{"name":"(anonymous_6)","decl":{"start":{"line":26,"column":13},"end":{"line":26,"column":14}},"loc":{"start":{"line":26,"column":33},"end":{"line":31,"column":5}},"line":26},"7":{"name":"(anonymous_7)","decl":{"start":{"line":27,"column":47},"end":{"line":27,"column":48}},"loc":{"start":{"line":27,"column":71},"end":{"line":30,"column":9}},"line":27},"8":{"name":"(anonymous_8)","decl":{"start":{"line":32,"column":20},"end":{"line":32,"column":21}},"loc":{"start":{"line":32,"column":56},"end":{"line":37,"column":5}},"line":32},"9":{"name":"(anonymous_9)","decl":{"start":{"line":33,"column":73},"end":{"line":33,"column":74}},"loc":{"start":{"line":33,"column":96},"end":{"line":36,"column":9}},"line":33},"10":{"name":"(anonymous_10)","decl":{"start":{"line":38,"column":13},"end":{"line":38,"column":14}},"loc":{"start":{"line":38,"column":57},"end":{"line":51,"column":5}},"line":38},"11":{"name":"(anonymous_11)","decl":{"start":{"line":46,"column":37},"end":{"line":46,"column":38}},"loc":{"start":{"line":46,"column":61},"end":{"line":49,"column":13}},"line":46},"12":{"name":"(anonymous_12)","decl":{"start":{"line":52,"column":12},"end":{"line":52,"column":13}},"loc":{"start":{"line":52,"column":49},"end":{"line":58,"column":5}},"line":52},"13":{"name":"(anonymous_13)","decl":{"start":{"line":54,"column":79},"end":{"line":54,"column":80}},"loc":{"start":{"line":54,"column":103},"end":{"line":57,"column":9}},"line":54},"14":{"name":"(anonymous_14)","decl":{"start":{"line":59,"column":12},"end":{"line":59,"column":13}},"loc":{"start":{"line":59,"column":58},"end":{"line":70,"column":5}},"line":59},"15":{"name":"(anonymous_15)","decl":{"start":{"line":66,"column":27},"end":{"line":66,"column":28}},"loc":{"start":{"line":66,"column":51},"end":{"line":69,"column":9}},"line":66}},"branchMap":{"0":{"loc":{"start":{"line":8,"column":12},"end":{"line":8,"column":31}},"type":"if","locations":[{"start":{"line":8,"column":12},"end":{"line":8,"column":31}},{"start":{},"end":{}}],"line":8},"1":{"loc":{"start":{"line":15,"column":12},"end":{"line":15,"column":31}},"type":"if","locations":[{"start":{"line":15,"column":12},"end":{"line":15,"column":31}},{"start":{},"end":{}}],"line":15},"2":{"loc":{"start":{"line":22,"column":12},"end":{"line":22,"column":31}},"type":"if","locations":[{"start":{"line":22,"column":12},"end":{"line":22,"column":31}},{"start":{},"end":{}}],"line":22},"3":{"loc":{"start":{"line":28,"column":8},"end":{"line":28,"column":27}},"type":"if","locations":[{"start":{"line":28,"column":8},"end":{"line":28,"column":27}},{"start":{},"end":{}}],"line":28},"4":{"loc":{"start":{"line":34,"column":12},"end":{"line":34,"column":31}},"type":"if","locations":[{"start":{"line":34,"column":12},"end":{"line":34,"column":31}},{"start":{},"end":{}}],"line":34},"5":{"loc":{"start":{"line":39,"column":8},"end":{"line":39,"column":114}},"type":"if","locations":[{"start":{"line":39,"column":8},"end":{"line":39,"column":114}},{"start":{},"end":{}}],"line":39},"6":{"loc":{"start":{"line":47,"column":12},"end":{"line":47,"column":31}},"type":"if","locations":[{"start":{"line":47,"column":12},"end":{"line":47,"column":31}},{"start":{},"end":{}}],"line":47},"7":{"loc":{"start":{"line":55,"column":8},"end":{"line":55,"column":27}},"type":"if","locations":[{"start":{"line":55,"column":8},"end":{"line":55,"column":27}},{"start":{},"end":{}}],"line":55},"8":{"loc":{"start":{"line":67,"column":12},"end":{"line":67,"column":31}},"type":"if","locations":[{"start":{"line":67,"column":12},"end":{"line":67,"column":31}},{"start":{},"end":{}}],"line":67}},"s":{"0":1,"1":1,"2":1,"3":0,"4":0,"5":0,"6":0,"7":0,"8":0,"9":0,"10":0,"11":0,"12":0,"13":0,"14":0,"15":0,"16":0,"17":0,"18":0,"19":0,"20":0,"21":0,"22":0,"23":0,"24":0,"25":0,"26":0,"27":0,"28":0,"29":0,"30":0,"31":0,"32":0,"33":0,"34":0,"35":0,"36":0,"37":0,"38":0,"39":0,"40":0,"41":0,"42":0,"43":0,"44":0,"45":0,"46":0},"f":{"0":0,"1":0,"2":0,"3":0,"4":0,"5":0,"6":0,"7":0,"8":0,"9":0,"10":0,"11":0,"12":0,"13":0,"14":0,"15":0},"b":{"0":[0,0],"1":[0,0],"2":[0,0],"3":[0,0],"4":[0,0],"5":[0,0],"6":[0,0],"7":[0,0],"8":[0,0]},"_coverageSchema":"1a1c01bbd47fc00a2c39e90264f33305004495a9","hash":"b66bd86c0d88da253016f41aab755772b5a410c4"}
,"C:\\ecole offline\\SR10\\projet\\git repo\\sr10_p2023_bridoux_perrette\\PaulEmploi\\model\\fiche_postes.js": {"path":"C:\\ecole offline\\SR10\\projet\\git repo\\sr10_p2023_bridoux_perrette\\PaulEmploi\\model\\fiche_postes.js","statementMap":{"0":{"start":{"line":1,"column":9},"end":{"line":1,"column":29}},"1":{"start":{"line":2,"column":10},"end":{"line":2,"column":26}},"2":{"start":{"line":4,"column":0},"end":{"line":72,"column":1}},"3":{"start":{"line":6,"column":8},"end":{"line":9,"column":11}},"4":{"start":{"line":7,"column":12},"end":{"line":7,"column":31}},"5":{"start":{"line":7,"column":21},"end":{"line":7,"column":31}},"6":{"start":{"line":8,"column":12},"end":{"line":8,"column":30}},"7":{"start":{"line":12,"column":19},"end":{"line":12,"column":130}},"8":{"start":{"line":13,"column":8},"end":{"line":15,"column":45}},"9":{"start":{"line":16,"column":8},"end":{"line":19,"column":11}},"10":{"start":{"line":17,"column":12},"end":{"line":17,"column":31}},"11":{"start":{"line":17,"column":21},"end":{"line":17,"column":31}},"12":{"start":{"line":18,"column":12},"end":{"line":18,"column":30}},"13":{"start":{"line":22,"column":8},"end":{"line":25,"column":11}},"14":{"start":{"line":23,"column":12},"end":{"line":23,"column":31}},"15":{"start":{"line":23,"column":21},"end":{"line":23,"column":31}},"16":{"start":{"line":24,"column":12},"end":{"line":24,"column":30}},"17":{"start":{"line":28,"column":8},"end":{"line":31,"column":11}},"18":{"start":{"line":29,"column":8},"end":{"line":29,"column":27}},"19":{"start":{"line":29,"column":17},"end":{"line":29,"column":27}},"20":{"start":{"line":30,"column":8},"end":{"line":30,"column":26}},"21":{"start":{"line":34,"column":8},"end":{"line":37,"column":11}},"22":{"start":{"line":35,"column":8},"end":{"line":35,"column":27}},"23":{"start":{"line":35,"column":17},"end":{"line":35,"column":27}},"24":{"start":{"line":36,"column":8},"end":{"line":36,"column":26}},"25":{"start":{"line":40,"column":19},"end":{"line":40,"column":130}},"26":{"start":{"line":41,"column":18},"end":{"line":41,"column":77}},"27":{"start":{"line":42,"column":8},"end":{"line":45,"column":15}},"28":{"start":{"line":43,"column":12},"end":{"line":43,"column":31}},"29":{"start":{"line":43,"column":21},"end":{"line":43,"column":31}},"30":{"start":{"line":44,"column":12},"end":{"line":44,"column":30}},"31":{"start":{"line":48,"column":8},"end":{"line":48,"column":114}},"32":{"start":{"line":48,"column":40},"end":{"line":48,"column":114}},"33":{"start":{"line":49,"column":8},"end":{"line":54,"column":9}},"34":{"start":{"line":49,"column":21},"end":{"line":49,"column":22}},"35":{"start":{"line":50,"column":12},"end":{"line":53,"column":19}},"36":{"start":{"line":51,"column":16},"end":{"line":51,"column":35}},"37":{"start":{"line":51,"column":25},"end":{"line":51,"column":35}},"38":{"start":{"line":52,"column":16},"end":{"line":52,"column":34}},"39":{"start":{"line":57,"column":8},"end":{"line":57,"column":114}},"40":{"start":{"line":57,"column":40},"end":{"line":57,"column":114}},"41":{"start":{"line":58,"column":8},"end":{"line":58,"column":38}},"42":{"start":{"line":59,"column":8},"end":{"line":61,"column":9}},"43":{"start":{"line":59,"column":21},"end":{"line":59,"column":22}},"44":{"start":{"line":60,"column":12},"end":{"line":60,"column":58}},"45":{"start":{"line":62,"column":8},"end":{"line":62,"column":69}},"46":{"start":{"line":64,"column":8},"end":{"line":67,"column":15}},"47":{"start":{"line":65,"column":12},"end":{"line":65,"column":31}},"48":{"start":{"line":65,"column":21},"end":{"line":65,"column":31}},"49":{"start":{"line":66,"column":12},"end":{"line":66,"column":30}},"50":{"start":{"line":68,"column":8},"end":{"line":68,"column":20}}},"fnMap":{"0":{"name":"(anonymous_0)","decl":{"start":{"line":5,"column":10},"end":{"line":5,"column":11}},"loc":{"start":{"line":5,"column":40},"end":{"line":10,"column":5}},"line":5},"1":{"name":"(anonymous_1)","decl":{"start":{"line":6,"column":74},"end":{"line":6,"column":75}},"loc":{"start":{"line":6,"column":97},"end":{"line":9,"column":9}},"line":6},"2":{"name":"(anonymous_2)","decl":{"start":{"line":11,"column":16},"end":{"line":11,"column":17}},"loc":{"start":{"line":11,"column":147},"end":{"line":20,"column":5}},"line":11},"3":{"name":"(anonymous_3)","decl":{"start":{"line":16,"column":29},"end":{"line":16,"column":30}},"loc":{"start":{"line":16,"column":52},"end":{"line":19,"column":9}},"line":16},"4":{"name":"(anonymous_4)","decl":{"start":{"line":21,"column":20},"end":{"line":21,"column":21}},"loc":{"start":{"line":21,"column":56},"end":{"line":26,"column":5}},"line":21},"5":{"name":"(anonymous_5)","decl":{"start":{"line":22,"column":73},"end":{"line":22,"column":74}},"loc":{"start":{"line":22,"column":96},"end":{"line":25,"column":9}},"line":22},"6":{"name":"(anonymous_6)","decl":{"start":{"line":27,"column":13},"end":{"line":27,"column":14}},"loc":{"start":{"line":27,"column":33},"end":{"line":32,"column":5}},"line":27},"7":{"name":"(anonymous_7)","decl":{"start":{"line":28,"column":47},"end":{"line":28,"column":48}},"loc":{"start":{"line":28,"column":71},"end":{"line":31,"column":9}},"line":28},"8":{"name":"(anonymous_8)","decl":{"start":{"line":33,"column":12},"end":{"line":33,"column":13}},"loc":{"start":{"line":33,"column":41},"end":{"line":38,"column":5}},"line":33},"9":{"name":"(anonymous_9)","decl":{"start":{"line":34,"column":71},"end":{"line":34,"column":72}},"loc":{"start":{"line":34,"column":95},"end":{"line":37,"column":9}},"line":34},"10":{"name":"(anonymous_10)","decl":{"start":{"line":39,"column":12},"end":{"line":39,"column":13}},"loc":{"start":{"line":39,"column":143},"end":{"line":46,"column":5}},"line":39},"11":{"name":"(anonymous_11)","decl":{"start":{"line":42,"column":27},"end":{"line":42,"column":28}},"loc":{"start":{"line":42,"column":51},"end":{"line":45,"column":13}},"line":42},"12":{"name":"(anonymous_12)","decl":{"start":{"line":47,"column":13},"end":{"line":47,"column":14}},"loc":{"start":{"line":47,"column":53},"end":{"line":55,"column":5}},"line":47},"13":{"name":"(anonymous_13)","decl":{"start":{"line":50,"column":103},"end":{"line":50,"column":104}},"loc":{"start":{"line":50,"column":127},"end":{"line":53,"column":17}},"line":50},"14":{"name":"(anonymous_14)","decl":{"start":{"line":56,"column":13},"end":{"line":56,"column":14}},"loc":{"start":{"line":56,"column":52},"end":{"line":69,"column":5}},"line":56},"15":{"name":"(anonymous_15)","decl":{"start":{"line":64,"column":31},"end":{"line":64,"column":32}},"loc":{"start":{"line":64,"column":55},"end":{"line":67,"column":13}},"line":64}},"branchMap":{"0":{"loc":{"start":{"line":7,"column":12},"end":{"line":7,"column":31}},"type":"if","locations":[{"start":{"line":7,"column":12},"end":{"line":7,"column":31}},{"start":{},"end":{}}],"line":7},"1":{"loc":{"start":{"line":17,"column":12},"end":{"line":17,"column":31}},"type":"if","locations":[{"start":{"line":17,"column":12},"end":{"line":17,"column":31}},{"start":{},"end":{}}],"line":17},"2":{"loc":{"start":{"line":23,"column":12},"end":{"line":23,"column":31}},"type":"if","locations":[{"start":{"line":23,"column":12},"end":{"line":23,"column":31}},{"start":{},"end":{}}],"line":23},"3":{"loc":{"start":{"line":29,"column":8},"end":{"line":29,"column":27}},"type":"if","locations":[{"start":{"line":29,"column":8},"end":{"line":29,"column":27}},{"start":{},"end":{}}],"line":29},"4":{"loc":{"start":{"line":35,"column":8},"end":{"line":35,"column":27}},"type":"if","locations":[{"start":{"line":35,"column":8},"end":{"line":35,"column":27}},{"start":{},"end":{}}],"line":35},"5":{"loc":{"start":{"line":43,"column":12},"end":{"line":43,"column":31}},"type":"if","locations":[{"start":{"line":43,"column":12},"end":{"line":43,"column":31}},{"start":{},"end":{}}],"line":43},"6":{"loc":{"start":{"line":48,"column":8},"end":{"line":48,"column":114}},"type":"if","locations":[{"start":{"line":48,"column":8},"end":{"line":48,"column":114}},{"start":{},"end":{}}],"line":48},"7":{"loc":{"start":{"line":51,"column":16},"end":{"line":51,"column":35}},"type":"if","locations":[{"start":{"line":51,"column":16},"end":{"line":51,"column":35}},{"start":{},"end":{}}],"line":51},"8":{"loc":{"start":{"line":57,"column":8},"end":{"line":57,"column":114}},"type":"if","locations":[{"start":{"line":57,"column":8},"end":{"line":57,"column":114}},{"start":{},"end":{}}],"line":57},"9":{"loc":{"start":{"line":65,"column":12},"end":{"line":65,"column":31}},"type":"if","locations":[{"start":{"line":65,"column":12},"end":{"line":65,"column":31}},{"start":{},"end":{}}],"line":65}},"s":{"0":1,"1":1,"2":1,"3":0,"4":0,"5":0,"6":0,"7":0,"8":0,"9":0,"10":0,"11":0,"12":0,"13":0,"14":0,"15":0,"16":0,"17":0,"18":0,"19":0,"20":0,"21":0,"22":0,"23":0,"24":0,"25":0,"26":0,"27":0,"28":0,"29":0,"30":0,"31":0,"32":0,"33":0,"34":0,"35":0,"36":0,"37":0,"38":0,"39":0,"40":0,"41":0,"42":0,"43":0,"44":0,"45":0,"46":0,"47":0,"48":0,"49":0,"50":0},"f":{"0":0,"1":0,"2":0,"3":0,"4":0,"5":0,"6":0,"7":0,"8":0,"9":0,"10":0,"11":0,"12":0,"13":0,"14":0,"15":0},"b":{"0":[0,0],"1":[0,0],"2":[0,0],"3":[0,0],"4":[0,0],"5":[0,0],"6":[0,0],"7":[0,0],"8":[0,0],"9":[0,0]},"_coverageSchema":"1a1c01bbd47fc00a2c39e90264f33305004495a9","hash":"52cd12164490d804c7ebb95cd112d5a04c1dd06e"}
,"C:\\ecole offline\\SR10\\projet\\git repo\\sr10_p2023_bridoux_perrette\\PaulEmploi\\model\\offre_emplois.js": {"path":"C:\\ecole offline\\SR10\\projet\\git repo\\sr10_p2023_bridoux_perrette\\PaulEmploi\\model\\offre_emplois.js","statementMap":{"0":{"start":{"line":1,"column":9},"end":{"line":1,"column":29}},"1":{"start":{"line":2,"column":12},"end":{"line":2,"column":28}},"2":{"start":{"line":4,"column":0},"end":{"line":180,"column":1}},"3":{"start":{"line":6,"column":8},"end":{"line":9,"column":11}},"4":{"start":{"line":7,"column":12},"end":{"line":7,"column":31}},"5":{"start":{"line":7,"column":21},"end":{"line":7,"column":31}},"6":{"start":{"line":8,"column":12},"end":{"line":8,"column":30}},"7":{"start":{"line":12,"column":8},"end":{"line":15,"column":11}},"8":{"start":{"line":13,"column":12},"end":{"line":13,"column":31}},"9":{"start":{"line":13,"column":21},"end":{"line":13,"column":31}},"10":{"start":{"line":14,"column":12},"end":{"line":14,"column":30}},"11":{"start":{"line":18,"column":16},"end":{"line":21,"column":64}},"12":{"start":{"line":22,"column":8},"end":{"line":25,"column":11}},"13":{"start":{"line":23,"column":12},"end":{"line":23,"column":31}},"14":{"start":{"line":23,"column":21},"end":{"line":23,"column":31}},"15":{"start":{"line":24,"column":12},"end":{"line":24,"column":30}},"16":{"start":{"line":28,"column":16},"end":{"line":31,"column":86}},"17":{"start":{"line":32,"column":8},"end":{"line":35,"column":11}},"18":{"start":{"line":33,"column":12},"end":{"line":33,"column":31}},"19":{"start":{"line":33,"column":21},"end":{"line":33,"column":31}},"20":{"start":{"line":34,"column":12},"end":{"line":34,"column":30}},"21":{"start":{"line":38,"column":16},"end":{"line":43,"column":97}},"22":{"start":{"line":44,"column":8},"end":{"line":47,"column":11}},"23":{"start":{"line":45,"column":12},"end":{"line":45,"column":31}},"24":{"start":{"line":45,"column":21},"end":{"line":45,"column":31}},"25":{"start":{"line":46,"column":12},"end":{"line":46,"column":30}},"26":{"start":{"line":50,"column":16},"end":{"line":56,"column":84}},"27":{"start":{"line":57,"column":8},"end":{"line":60,"column":11}},"28":{"start":{"line":58,"column":12},"end":{"line":58,"column":31}},"29":{"start":{"line":58,"column":21},"end":{"line":58,"column":31}},"30":{"start":{"line":59,"column":12},"end":{"line":59,"column":30}},"31":{"start":{"line":63,"column":8},"end":{"line":63,"column":28}},"32":{"start":{"line":63,"column":19},"end":{"line":63,"column":28}},"33":{"start":{"line":64,"column":16},"end":{"line":70,"column":66}},"34":{"start":{"line":71,"column":16},"end":{"line":71,"column":18}},"35":{"start":{"line":72,"column":16},"end":{"line":72,"column":18}},"36":{"start":{"line":73,"column":23},"end":{"line":73,"column":25}},"37":{"start":{"line":74,"column":23},"end":{"line":74,"column":25}},"38":{"start":{"line":75,"column":8},"end":{"line":75,"column":114}},"39":{"start":{"line":75,"column":40},"end":{"line":75,"column":114}},"40":{"start":{"line":76,"column":8},"end":{"line":89,"column":9}},"41":{"start":{"line":76,"column":21},"end":{"line":76,"column":22}},"42":{"start":{"line":77,"column":12},"end":{"line":88,"column":28}},"43":{"start":{"line":78,"column":16},"end":{"line":78,"column":89}},"44":{"start":{"line":79,"column":17},"end":{"line":88,"column":28}},"45":{"start":{"line":80,"column":16},"end":{"line":80,"column":22}},"46":{"start":{"line":81,"column":17},"end":{"line":88,"column":28}},"47":{"start":{"line":82,"column":16},"end":{"line":82,"column":21}},"48":{"start":{"line":83,"column":17},"end":{"line":88,"column":28}},"49":{"start":{"line":84,"column":16},"end":{"line":84,"column":68}},"50":{"start":{"line":85,"column":17},"end":{"line":88,"column":28}},"51":{"start":{"line":86,"column":16},"end":{"line":86,"column":29}},"52":{"start":{"line":87,"column":17},"end":{"line":88,"column":28}},"53":{"start":{"line":88,"column":16},"end":{"line":88,"column":28}},"54":{"start":{"line":90,"column":8},"end":{"line":94,"column":9}},"55":{"start":{"line":91,"column":12},"end":{"line":93,"column":109}},"56":{"start":{"line":95,"column":8},"end":{"line":97,"column":9}},"57":{"start":{"line":96,"column":12},"end":{"line":96,"column":118}},"58":{"start":{"line":98,"column":8},"end":{"line":98,"column":34}},"59":{"start":{"line":99,"column":8},"end":{"line":102,"column":20}},"60":{"start":{"line":100,"column":12},"end":{"line":100,"column":38}},"61":{"start":{"line":102,"column":12},"end":{"line":102,"column":20}},"62":{"start":{"line":104,"column":8},"end":{"line":107,"column":11}},"63":{"start":{"line":105,"column":12},"end":{"line":105,"column":31}},"64":{"start":{"line":105,"column":21},"end":{"line":105,"column":31}},"65":{"start":{"line":106,"column":12},"end":{"line":106,"column":30}},"66":{"start":{"line":110,"column":16},"end":{"line":113,"column":111}},"67":{"start":{"line":114,"column":8},"end":{"line":117,"column":11}},"68":{"start":{"line":115,"column":12},"end":{"line":115,"column":31}},"69":{"start":{"line":115,"column":21},"end":{"line":115,"column":31}},"70":{"start":{"line":116,"column":12},"end":{"line":116,"column":30}},"71":{"start":{"line":120,"column":16},"end":{"line":123,"column":131}},"72":{"start":{"line":124,"column":8},"end":{"line":127,"column":11}},"73":{"start":{"line":125,"column":12},"end":{"line":125,"column":31}},"74":{"start":{"line":125,"column":21},"end":{"line":125,"column":31}},"75":{"start":{"line":126,"column":12},"end":{"line":126,"column":30}},"76":{"start":{"line":130,"column":16},"end":{"line":134,"column":83}},"77":{"start":{"line":135,"column":8},"end":{"line":138,"column":11}},"78":{"start":{"line":136,"column":12},"end":{"line":136,"column":31}},"79":{"start":{"line":136,"column":21},"end":{"line":136,"column":31}},"80":{"start":{"line":137,"column":12},"end":{"line":137,"column":30}},"81":{"start":{"line":141,"column":8},"end":{"line":144,"column":11}},"82":{"start":{"line":142,"column":12},"end":{"line":142,"column":31}},"83":{"start":{"line":142,"column":21},"end":{"line":142,"column":31}},"84":{"start":{"line":143,"column":12},"end":{"line":143,"column":30}},"85":{"start":{"line":147,"column":8},"end":{"line":150,"column":11}},"86":{"start":{"line":148,"column":8},"end":{"line":148,"column":27}},"87":{"start":{"line":148,"column":17},"end":{"line":148,"column":27}},"88":{"start":{"line":149,"column":8},"end":{"line":149,"column":26}},"89":{"start":{"line":153,"column":8},"end":{"line":156,"column":11}},"90":{"start":{"line":154,"column":8},"end":{"line":154,"column":27}},"91":{"start":{"line":154,"column":17},"end":{"line":154,"column":27}},"92":{"start":{"line":155,"column":8},"end":{"line":155,"column":26}},"93":{"start":{"line":159,"column":19},"end":{"line":159,"column":88}},"94":{"start":{"line":160,"column":18},"end":{"line":160,"column":76}},"95":{"start":{"line":161,"column":8},"end":{"line":164,"column":15}},"96":{"start":{"line":162,"column":12},"end":{"line":162,"column":31}},"97":{"start":{"line":162,"column":21},"end":{"line":162,"column":31}},"98":{"start":{"line":163,"column":12},"end":{"line":163,"column":30}},"99":{"start":{"line":167,"column":8},"end":{"line":167,"column":114}},"100":{"start":{"line":167,"column":40},"end":{"line":167,"column":114}},"101":{"start":{"line":168,"column":8},"end":{"line":168,"column":39}},"102":{"start":{"line":169,"column":8},"end":{"line":171,"column":9}},"103":{"start":{"line":169,"column":21},"end":{"line":169,"column":22}},"104":{"start":{"line":170,"column":12},"end":{"line":170,"column":58}},"105":{"start":{"line":172,"column":8},"end":{"line":172,"column":69}},"106":{"start":{"line":174,"column":8},"end":{"line":177,"column":15}},"107":{"start":{"line":175,"column":12},"end":{"line":175,"column":31}},"108":{"start":{"line":175,"column":21},"end":{"line":175,"column":31}},"109":{"start":{"line":176,"column":12},"end":{"line":176,"column":30}},"110":{"start":{"line":178,"column":8},"end":{"line":178,"column":20}}},"fnMap":{"0":{"name":"(anonymous_0)","decl":{"start":{"line":5,"column":10},"end":{"line":5,"column":11}},"loc":{"start":{"line":5,"column":40},"end":{"line":10,"column":5}},"line":5},"1":{"name":"(anonymous_1)","decl":{"start":{"line":6,"column":75},"end":{"line":6,"column":76}},"loc":{"start":{"line":6,"column":98},"end":{"line":9,"column":9}},"line":6},"2":{"name":"(anonymous_2)","decl":{"start":{"line":11,"column":22},"end":{"line":11,"column":23}},"loc":{"start":{"line":11,"column":52},"end":{"line":16,"column":5}},"line":11},"3":{"name":"(anonymous_3)","decl":{"start":{"line":12,"column":181},"end":{"line":12,"column":182}},"loc":{"start":{"line":12,"column":204},"end":{"line":15,"column":9}},"line":12},"4":{"name":"(anonymous_4)","decl":{"start":{"line":17,"column":18},"end":{"line":17,"column":19}},"loc":{"start":{"line":17,"column":38},"end":{"line":26,"column":5}},"line":17},"5":{"name":"(anonymous_5)","decl":{"start":{"line":22,"column":22},"end":{"line":22,"column":23}},"loc":{"start":{"line":22,"column":45},"end":{"line":25,"column":9}},"line":22},"6":{"name":"(anonymous_6)","decl":{"start":{"line":27,"column":25},"end":{"line":27,"column":26}},"loc":{"start":{"line":27,"column":45},"end":{"line":36,"column":5}},"line":27},"7":{"name":"(anonymous_7)","decl":{"start":{"line":32,"column":22},"end":{"line":32,"column":23}},"loc":{"start":{"line":32,"column":45},"end":{"line":35,"column":9}},"line":32},"8":{"name":"(anonymous_8)","decl":{"start":{"line":37,"column":38},"end":{"line":37,"column":39}},"loc":{"start":{"line":37,"column":64},"end":{"line":48,"column":5}},"line":37},"9":{"name":"(anonymous_9)","decl":{"start":{"line":44,"column":22},"end":{"line":44,"column":23}},"loc":{"start":{"line":44,"column":45},"end":{"line":47,"column":9}},"line":44},"10":{"name":"(anonymous_10)","decl":{"start":{"line":49,"column":42},"end":{"line":49,"column":43}},"loc":{"start":{"line":49,"column":75},"end":{"line":61,"column":5}},"line":49},"11":{"name":"(anonymous_11)","decl":{"start":{"line":57,"column":22},"end":{"line":57,"column":23}},"loc":{"start":{"line":57,"column":45},"end":{"line":60,"column":9}},"line":57},"12":{"name":"(anonymous_12)","decl":{"start":{"line":62,"column":47},"end":{"line":62,"column":48}},"loc":{"start":{"line":62,"column":99},"end":{"line":108,"column":5}},"line":62},"13":{"name":"(anonymous_13)","decl":{"start":{"line":104,"column":22},"end":{"line":104,"column":23}},"loc":{"start":{"line":104,"column":45},"end":{"line":107,"column":9}},"line":104},"14":{"name":"(anonymous_14)","decl":{"start":{"line":109,"column":15},"end":{"line":109,"column":16}},"loc":{"start":{"line":109,"column":44},"end":{"line":118,"column":5}},"line":109},"15":{"name":"(anonymous_15)","decl":{"start":{"line":114,"column":22},"end":{"line":114,"column":23}},"loc":{"start":{"line":114,"column":45},"end":{"line":117,"column":9}},"line":114},"16":{"name":"(anonymous_16)","decl":{"start":{"line":119,"column":30},"end":{"line":119,"column":31}},"loc":{"start":{"line":119,"column":57},"end":{"line":128,"column":5}},"line":119},"17":{"name":"(anonymous_17)","decl":{"start":{"line":124,"column":22},"end":{"line":124,"column":23}},"loc":{"start":{"line":124,"column":45},"end":{"line":127,"column":9}},"line":124},"18":{"name":"(anonymous_18)","decl":{"start":{"line":129,"column":34},"end":{"line":129,"column":35}},"loc":{"start":{"line":129,"column":69},"end":{"line":139,"column":5}},"line":129},"19":{"name":"(anonymous_19)","decl":{"start":{"line":135,"column":22},"end":{"line":135,"column":23}},"loc":{"start":{"line":135,"column":45},"end":{"line":138,"column":9}},"line":135},"20":{"name":"(anonymous_20)","decl":{"start":{"line":140,"column":20},"end":{"line":140,"column":21}},"loc":{"start":{"line":140,"column":56},"end":{"line":145,"column":5}},"line":140},"21":{"name":"(anonymous_21)","decl":{"start":{"line":141,"column":74},"end":{"line":141,"column":75}},"loc":{"start":{"line":141,"column":97},"end":{"line":144,"column":9}},"line":141},"22":{"name":"(anonymous_22)","decl":{"start":{"line":146,"column":13},"end":{"line":146,"column":14}},"loc":{"start":{"line":146,"column":33},"end":{"line":151,"column":5}},"line":146},"23":{"name":"(anonymous_23)","decl":{"start":{"line":147,"column":48},"end":{"line":147,"column":49}},"loc":{"start":{"line":147,"column":72},"end":{"line":150,"column":9}},"line":147},"24":{"name":"(anonymous_24)","decl":{"start":{"line":152,"column":12},"end":{"line":152,"column":13}},"loc":{"start":{"line":152,"column":41},"end":{"line":157,"column":5}},"line":152},"25":{"name":"(anonymous_25)","decl":{"start":{"line":153,"column":72},"end":{"line":153,"column":73}},"loc":{"start":{"line":153,"column":96},"end":{"line":156,"column":9}},"line":153},"26":{"name":"(anonymous_26)","decl":{"start":{"line":158,"column":12},"end":{"line":158,"column":13}},"loc":{"start":{"line":158,"column":101},"end":{"line":165,"column":5}},"line":158},"27":{"name":"(anonymous_27)","decl":{"start":{"line":161,"column":27},"end":{"line":161,"column":28}},"loc":{"start":{"line":161,"column":51},"end":{"line":164,"column":13}},"line":161},"28":{"name":"(anonymous_28)","decl":{"start":{"line":166,"column":13},"end":{"line":166,"column":14}},"loc":{"start":{"line":166,"column":52},"end":{"line":179,"column":5}},"line":166},"29":{"name":"(anonymous_29)","decl":{"start":{"line":174,"column":31},"end":{"line":174,"column":32}},"loc":{"start":{"line":174,"column":55},"end":{"line":177,"column":13}},"line":174}},"branchMap":{"0":{"loc":{"start":{"line":7,"column":12},"end":{"line":7,"column":31}},"type":"if","locations":[{"start":{"line":7,"column":12},"end":{"line":7,"column":31}},{"start":{},"end":{}}],"line":7},"1":{"loc":{"start":{"line":13,"column":12},"end":{"line":13,"column":31}},"type":"if","locations":[{"start":{"line":13,"column":12},"end":{"line":13,"column":31}},{"start":{},"end":{}}],"line":13},"2":{"loc":{"start":{"line":23,"column":12},"end":{"line":23,"column":31}},"type":"if","locations":[{"start":{"line":23,"column":12},"end":{"line":23,"column":31}},{"start":{},"end":{}}],"line":23},"3":{"loc":{"start":{"line":33,"column":12},"end":{"line":33,"column":31}},"type":"if","locations":[{"start":{"line":33,"column":12},"end":{"line":33,"column":31}},{"start":{},"end":{}}],"line":33},"4":{"loc":{"start":{"line":45,"column":12},"end":{"line":45,"column":31}},"type":"if","locations":[{"start":{"line":45,"column":12},"end":{"line":45,"column":31}},{"start":{},"end":{}}],"line":45},"5":{"loc":{"start":{"line":58,"column":12},"end":{"line":58,"column":31}},"type":"if","locations":[{"start":{"line":58,"column":12},"end":{"line":58,"column":31}},{"start":{},"end":{}}],"line":58},"6":{"loc":{"start":{"line":63,"column":8},"end":{"line":63,"column":28}},"type":"if","locations":[{"start":{"line":63,"column":8},"end":{"line":63,"column":28}},{"start":{},"end":{}}],"line":63},"7":{"loc":{"start":{"line":75,"column":8},"end":{"line":75,"column":114}},"type":"if","locations":[{"start":{"line":75,"column":8},"end":{"line":75,"column":114}},{"start":{},"end":{}}],"line":75},"8":{"loc":{"start":{"line":77,"column":12},"end":{"line":88,"column":28}},"type":"if","locations":[{"start":{"line":77,"column":12},"end":{"line":88,"column":28}},{"start":{"line":79,"column":17},"end":{"line":88,"column":28}}],"line":77},"9":{"loc":{"start":{"line":77,"column":15},"end":{"line":77,"column":134}},"type":"binary-expr","locations":[{"start":{"line":77,"column":15},"end":{"line":77,"column":36}},{"start":{"line":77,"column":40},"end":{"line":77,"column":61}},{"start":{"line":77,"column":65},"end":{"line":77,"column":85}},{"start":{"line":77,"column":89},"end":{"line":77,"column":109}},{"start":{"line":77,"column":113},"end":{"line":77,"column":134}}],"line":77},"10":{"loc":{"start":{"line":79,"column":17},"end":{"line":88,"column":28}},"type":"if","locations":[{"start":{"line":79,"column":17},"end":{"line":88,"column":28}},{"start":{"line":81,"column":17},"end":{"line":88,"column":28}}],"line":79},"11":{"loc":{"start":{"line":81,"column":17},"end":{"line":88,"column":28}},"type":"if","locations":[{"start":{"line":81,"column":17},"end":{"line":88,"column":28}},{"start":{"line":83,"column":17},"end":{"line":88,"column":28}}],"line":81},"12":{"loc":{"start":{"line":83,"column":17},"end":{"line":88,"column":28}},"type":"if","locations":[{"start":{"line":83,"column":17},"end":{"line":88,"column":28}},{"start":{"line":85,"column":17},"end":{"line":88,"column":28}}],"line":83},"13":{"loc":{"start":{"line":83,"column":21},"end":{"line":83,"column":58}},"type":"binary-expr","locations":[{"start":{"line":83,"column":21},"end":{"line":83,"column":42}},{"start":{"line":83,"column":46},"end":{"line":83,"column":58}}],"line":83},"14":{"loc":{"start":{"line":85,"column":17},"end":{"line":88,"column":28}},"type":"if","locations":[{"start":{"line":85,"column":17},"end":{"line":88,"column":28}},{"start":{"line":87,"column":17},"end":{"line":88,"column":28}}],"line":85},"15":{"loc":{"start":{"line":87,"column":17},"end":{"line":88,"column":28}},"type":"if","locations":[{"start":{"line":87,"column":17},"end":{"line":88,"column":28}},{"start":{},"end":{}}],"line":87},"16":{"loc":{"start":{"line":90,"column":8},"end":{"line":94,"column":9}},"type":"if","locations":[{"start":{"line":90,"column":8},"end":{"line":94,"column":9}},{"start":{},"end":{}}],"line":90},"17":{"loc":{"start":{"line":95,"column":8},"end":{"line":97,"column":9}},"type":"if","locations":[{"start":{"line":95,"column":8},"end":{"line":97,"column":9}},{"start":{},"end":{}}],"line":95},"18":{"loc":{"start":{"line":99,"column":8},"end":{"line":102,"column":20}},"type":"if","locations":[{"start":{"line":99,"column":8},"end":{"line":102,"column":20}},{"start":{"line":102,"column":12},"end":{"line":102,"column":20}}],"line":99},"19":{"loc":{"start":{"line":105,"column":12},"end":{"line":105,"column":31}},"type":"if","locations":[{"start":{"line":105,"column":12},"end":{"line":105,"column":31}},{"start":{},"end":{}}],"line":105},"20":{"loc":{"start":{"line":115,"column":12},"end":{"line":115,"column":31}},"type":"if","locations":[{"start":{"line":115,"column":12},"end":{"line":115,"column":31}},{"start":{},"end":{}}],"line":115},"21":{"loc":{"start":{"line":125,"column":12},"end":{"line":125,"column":31}},"type":"if","locations":[{"start":{"line":125,"column":12},"end":{"line":125,"column":31}},{"start":{},"end":{}}],"line":125},"22":{"loc":{"start":{"line":136,"column":12},"end":{"line":136,"column":31}},"type":"if","locations":[{"start":{"line":136,"column":12},"end":{"line":136,"column":31}},{"start":{},"end":{}}],"line":136},"23":{"loc":{"start":{"line":142,"column":12},"end":{"line":142,"column":31}},"type":"if","locations":[{"start":{"line":142,"column":12},"end":{"line":142,"column":31}},{"start":{},"end":{}}],"line":142},"24":{"loc":{"start":{"line":148,"column":8},"end":{"line":148,"column":27}},"type":"if","locations":[{"start":{"line":148,"column":8},"end":{"line":148,"column":27}},{"start":{},"end":{}}],"line":148},"25":{"loc":{"start":{"line":154,"column":8},"end":{"line":154,"column":27}},"type":"if","locations":[{"start":{"line":154,"column":8},"end":{"line":154,"column":27}},{"start":{},"end":{}}],"line":154},"26":{"loc":{"start":{"line":162,"column":12},"end":{"line":162,"column":31}},"type":"if","locations":[{"start":{"line":162,"column":12},"end":{"line":162,"column":31}},{"start":{},"end":{}}],"line":162},"27":{"loc":{"start":{"line":167,"column":8},"end":{"line":167,"column":114}},"type":"if","locations":[{"start":{"line":167,"column":8},"end":{"line":167,"column":114}},{"start":{},"end":{}}],"line":167},"28":{"loc":{"start":{"line":175,"column":12},"end":{"line":175,"column":31}},"type":"if","locations":[{"start":{"line":175,"column":12},"end":{"line":175,"column":31}},{"start":{},"end":{}}],"line":175}},"s":{"0":1,"1":1,"2":1,"3":0,"4":0,"5":0,"6":0,"7":0,"8":0,"9":0,"10":0,"11":0,"12":0,"13":0,"14":0,"15":0,"16":0,"17":0,"18":0,"19":0,"20":0,"21":0,"22":0,"23":0,"24":0,"25":0,"26":0,"27":0,"28":0,"29":0,"30":0,"31":0,"32":0,"33":0,"34":0,"35":0,"36":0,"37":0,"38":0,"39":0,"40":0,"41":0,"42":0,"43":0,"44":0,"45":0,"46":0,"47":0,"48":0,"49":0,"50":0,"51":0,"52":0,"53":0,"54":0,"55":0,"56":0,"57":0,"58":0,"59":0,"60":0,"61":0,"62":0,"63":0,"64":0,"65":0,"66":0,"67":0,"68":0,"69":0,"70":0,"71":0,"72":0,"73":0,"74":0,"75":0,"76":0,"77":0,"78":0,"79":0,"80":0,"81":0,"82":0,"83":0,"84":0,"85":0,"86":0,"87":0,"88":0,"89":0,"90":0,"91":0,"92":0,"93":0,"94":0,"95":0,"96":0,"97":0,"98":0,"99":0,"100":0,"101":0,"102":0,"103":0,"104":0,"105":0,"106":0,"107":0,"108":0,"109":0,"110":0},"f":{"0":0,"1":0,"2":0,"3":0,"4":0,"5":0,"6":0,"7":0,"8":0,"9":0,"10":0,"11":0,"12":0,"13":0,"14":0,"15":0,"16":0,"17":0,"18":0,"19":0,"20":0,"21":0,"22":0,"23":0,"24":0,"25":0,"26":0,"27":0,"28":0,"29":0},"b":{"0":[0,0],"1":[0,0],"2":[0,0],"3":[0,0],"4":[0,0],"5":[0,0],"6":[0,0],"7":[0,0],"8":[0,0],"9":[0,0,0,0,0],"10":[0,0],"11":[0,0],"12":[0,0],"13":[0,0],"14":[0,0],"15":[0,0],"16":[0,0],"17":[0,0],"18":[0,0],"19":[0,0],"20":[0,0],"21":[0,0],"22":[0,0],"23":[0,0],"24":[0,0],"25":[0,0],"26":[0,0],"27":[0,0],"28":[0,0]},"_coverageSchema":"1a1c01bbd47fc00a2c39e90264f33305004495a9","hash":"51097d004f50cbbd6ba95d760f70655048cf217b"}
,"C:\\ecole offline\\SR10\\projet\\git repo\\sr10_p2023_bridoux_perrette\\PaulEmploi\\model\\organisations.js": {"path":"C:\\ecole offline\\SR10\\projet\\git repo\\sr10_p2023_bridoux_perrette\\PaulEmploi\\model\\organisations.js","statementMap":{"0":{"start":{"line":1,"column":9},"end":{"line":1,"column":29}},"1":{"start":{"line":2,"column":10},"end":{"line":2,"column":26}},"2":{"start":{"line":4,"column":0},"end":{"line":96,"column":1}},"3":{"start":{"line":6,"column":8},"end":{"line":9,"column":11}},"4":{"start":{"line":7,"column":12},"end":{"line":7,"column":31}},"5":{"start":{"line":7,"column":21},"end":{"line":7,"column":31}},"6":{"start":{"line":8,"column":12},"end":{"line":8,"column":30}},"7":{"start":{"line":12,"column":8},"end":{"line":15,"column":11}},"8":{"start":{"line":13,"column":12},"end":{"line":13,"column":31}},"9":{"start":{"line":13,"column":21},"end":{"line":13,"column":31}},"10":{"start":{"line":14,"column":12},"end":{"line":14,"column":30}},"11":{"start":{"line":18,"column":8},"end":{"line":21,"column":11}},"12":{"start":{"line":19,"column":12},"end":{"line":19,"column":31}},"13":{"start":{"line":19,"column":21},"end":{"line":19,"column":31}},"14":{"start":{"line":20,"column":12},"end":{"line":20,"column":30}},"15":{"start":{"line":24,"column":8},"end":{"line":27,"column":11}},"16":{"start":{"line":25,"column":12},"end":{"line":25,"column":31}},"17":{"start":{"line":25,"column":21},"end":{"line":25,"column":31}},"18":{"start":{"line":26,"column":12},"end":{"line":26,"column":30}},"19":{"start":{"line":30,"column":8},"end":{"line":30,"column":86}},"20":{"start":{"line":31,"column":8},"end":{"line":34,"column":11}},"21":{"start":{"line":32,"column":12},"end":{"line":32,"column":31}},"22":{"start":{"line":32,"column":21},"end":{"line":32,"column":31}},"23":{"start":{"line":33,"column":12},"end":{"line":33,"column":30}},"24":{"start":{"line":37,"column":8},"end":{"line":40,"column":11}},"25":{"start":{"line":38,"column":12},"end":{"line":38,"column":31}},"26":{"start":{"line":38,"column":21},"end":{"line":38,"column":31}},"27":{"start":{"line":39,"column":12},"end":{"line":39,"column":30}},"28":{"start":{"line":43,"column":19},"end":{"line":43,"column":79}},"29":{"start":{"line":44,"column":8},"end":{"line":47,"column":11}},"30":{"start":{"line":45,"column":12},"end":{"line":45,"column":31}},"31":{"start":{"line":45,"column":21},"end":{"line":45,"column":31}},"32":{"start":{"line":46,"column":12},"end":{"line":46,"column":30}},"33":{"start":{"line":48,"column":8},"end":{"line":48,"column":20}},"34":{"start":{"line":51,"column":8},"end":{"line":54,"column":11}},"35":{"start":{"line":52,"column":12},"end":{"line":52,"column":31}},"36":{"start":{"line":52,"column":21},"end":{"line":52,"column":31}},"37":{"start":{"line":53,"column":12},"end":{"line":53,"column":30}},"38":{"start":{"line":55,"column":8},"end":{"line":55,"column":20}},"39":{"start":{"line":58,"column":8},"end":{"line":58,"column":114}},"40":{"start":{"line":58,"column":40},"end":{"line":58,"column":114}},"41":{"start":{"line":59,"column":8},"end":{"line":59,"column":39}},"42":{"start":{"line":60,"column":8},"end":{"line":62,"column":9}},"43":{"start":{"line":60,"column":21},"end":{"line":60,"column":22}},"44":{"start":{"line":61,"column":12},"end":{"line":61,"column":58}},"45":{"start":{"line":63,"column":8},"end":{"line":63,"column":66}},"46":{"start":{"line":65,"column":8},"end":{"line":68,"column":15}},"47":{"start":{"line":66,"column":12},"end":{"line":66,"column":31}},"48":{"start":{"line":66,"column":21},"end":{"line":66,"column":31}},"49":{"start":{"line":67,"column":12},"end":{"line":67,"column":30}},"50":{"start":{"line":69,"column":8},"end":{"line":69,"column":20}},"51":{"start":{"line":72,"column":8},"end":{"line":75,"column":11}},"52":{"start":{"line":73,"column":12},"end":{"line":73,"column":31}},"53":{"start":{"line":73,"column":21},"end":{"line":73,"column":31}},"54":{"start":{"line":74,"column":12},"end":{"line":74,"column":30}},"55":{"start":{"line":78,"column":8},"end":{"line":81,"column":11}},"56":{"start":{"line":79,"column":12},"end":{"line":79,"column":31}},"57":{"start":{"line":79,"column":21},"end":{"line":79,"column":31}},"58":{"start":{"line":80,"column":12},"end":{"line":80,"column":30}},"59":{"start":{"line":84,"column":8},"end":{"line":87,"column":11}},"60":{"start":{"line":85,"column":12},"end":{"line":85,"column":31}},"61":{"start":{"line":85,"column":21},"end":{"line":85,"column":31}},"62":{"start":{"line":86,"column":12},"end":{"line":86,"column":30}},"63":{"start":{"line":90,"column":8},"end":{"line":93,"column":11}},"64":{"start":{"line":91,"column":12},"end":{"line":91,"column":31}},"65":{"start":{"line":91,"column":21},"end":{"line":91,"column":31}},"66":{"start":{"line":92,"column":12},"end":{"line":92,"column":30}}},"fnMap":{"0":{"name":"(anonymous_0)","decl":{"start":{"line":5,"column":10},"end":{"line":5,"column":11}},"loc":{"start":{"line":5,"column":37},"end":{"line":10,"column":5}},"line":5},"1":{"name":"(anonymous_1)","decl":{"start":{"line":6,"column":69},"end":{"line":6,"column":70}},"loc":{"start":{"line":6,"column":92},"end":{"line":9,"column":9}},"line":6},"2":{"name":"(anonymous_2)","decl":{"start":{"line":11,"column":16},"end":{"line":11,"column":17}},"loc":{"start":{"line":11,"column":41},"end":{"line":16,"column":5}},"line":11},"3":{"name":"(anonymous_3)","decl":{"start":{"line":12,"column":64},"end":{"line":12,"column":65}},"loc":{"start":{"line":12,"column":87},"end":{"line":15,"column":9}},"line":12},"4":{"name":"(anonymous_4)","decl":{"start":{"line":17,"column":13},"end":{"line":17,"column":14}},"loc":{"start":{"line":17,"column":33},"end":{"line":22,"column":5}},"line":17},"5":{"name":"(anonymous_5)","decl":{"start":{"line":18,"column":48},"end":{"line":18,"column":49}},"loc":{"start":{"line":18,"column":72},"end":{"line":21,"column":9}},"line":18},"6":{"name":"(anonymous_6)","decl":{"start":{"line":23,"column":30},"end":{"line":23,"column":31}},"loc":{"start":{"line":23,"column":50},"end":{"line":28,"column":5}},"line":23},"7":{"name":"(anonymous_7)","decl":{"start":{"line":24,"column":50},"end":{"line":24,"column":51}},"loc":{"start":{"line":24,"column":74},"end":{"line":27,"column":9}},"line":24},"8":{"name":"(anonymous_8)","decl":{"start":{"line":29,"column":17},"end":{"line":29,"column":18}},"loc":{"start":{"line":29,"column":43},"end":{"line":35,"column":5}},"line":29},"9":{"name":"(anonymous_9)","decl":{"start":{"line":31,"column":22},"end":{"line":31,"column":23}},"loc":{"start":{"line":31,"column":46},"end":{"line":34,"column":9}},"line":31},"10":{"name":"(anonymous_10)","decl":{"start":{"line":36,"column":20},"end":{"line":36,"column":21}},"loc":{"start":{"line":36,"column":56},"end":{"line":41,"column":5}},"line":36},"11":{"name":"(anonymous_11)","decl":{"start":{"line":37,"column":74},"end":{"line":37,"column":75}},"loc":{"start":{"line":37,"column":97},"end":{"line":40,"column":9}},"line":37},"12":{"name":"(anonymous_12)","decl":{"start":{"line":42,"column":12},"end":{"line":42,"column":13}},"loc":{"start":{"line":42,"column":92},"end":{"line":49,"column":5}},"line":42},"13":{"name":"(anonymous_13)","decl":{"start":{"line":44,"column":142},"end":{"line":44,"column":143}},"loc":{"start":{"line":44,"column":166},"end":{"line":47,"column":9}},"line":44},"14":{"name":"(anonymous_14)","decl":{"start":{"line":50,"column":12},"end":{"line":50,"column":13}},"loc":{"start":{"line":50,"column":39},"end":{"line":56,"column":5}},"line":50},"15":{"name":"(anonymous_15)","decl":{"start":{"line":51,"column":67},"end":{"line":51,"column":68}},"loc":{"start":{"line":51,"column":91},"end":{"line":54,"column":9}},"line":51},"16":{"name":"(anonymous_16)","decl":{"start":{"line":57,"column":13},"end":{"line":57,"column":14}},"loc":{"start":{"line":57,"column":48},"end":{"line":70,"column":5}},"line":57},"17":{"name":"(anonymous_17)","decl":{"start":{"line":65,"column":28},"end":{"line":65,"column":29}},"loc":{"start":{"line":65,"column":52},"end":{"line":68,"column":13}},"line":65},"18":{"name":"(anonymous_18)","decl":{"start":{"line":71,"column":16},"end":{"line":71,"column":17}},"loc":{"start":{"line":71,"column":46},"end":{"line":76,"column":5}},"line":71},"19":{"name":"(anonymous_19)","decl":{"start":{"line":72,"column":78},"end":{"line":72,"column":79}},"loc":{"start":{"line":72,"column":102},"end":{"line":75,"column":9}},"line":72},"20":{"name":"(anonymous_20)","decl":{"start":{"line":77,"column":28},"end":{"line":77,"column":29}},"loc":{"start":{"line":77,"column":70},"end":{"line":82,"column":5}},"line":77},"21":{"name":"(anonymous_21)","decl":{"start":{"line":78,"column":104},"end":{"line":78,"column":105}},"loc":{"start":{"line":78,"column":128},"end":{"line":81,"column":9}},"line":78},"22":{"name":"(anonymous_22)","decl":{"start":{"line":83,"column":25},"end":{"line":83,"column":26}},"loc":{"start":{"line":83,"column":63},"end":{"line":88,"column":5}},"line":83},"23":{"name":"(anonymous_23)","decl":{"start":{"line":84,"column":96},"end":{"line":84,"column":97}},"loc":{"start":{"line":84,"column":120},"end":{"line":87,"column":9}},"line":84},"24":{"name":"(anonymous_24)","decl":{"start":{"line":89,"column":26},"end":{"line":89,"column":27}},"loc":{"start":{"line":89,"column":66},"end":{"line":94,"column":5}},"line":89},"25":{"name":"(anonymous_25)","decl":{"start":{"line":90,"column":100},"end":{"line":90,"column":101}},"loc":{"start":{"line":90,"column":124},"end":{"line":93,"column":9}},"line":90}},"branchMap":{"0":{"loc":{"start":{"line":7,"column":12},"end":{"line":7,"column":31}},"type":"if","locations":[{"start":{"line":7,"column":12},"end":{"line":7,"column":31}},{"start":{},"end":{}}],"line":7},"1":{"loc":{"start":{"line":13,"column":12},"end":{"line":13,"column":31}},"type":"if","locations":[{"start":{"line":13,"column":12},"end":{"line":13,"column":31}},{"start":{},"end":{}}],"line":13},"2":{"loc":{"start":{"line":19,"column":12},"end":{"line":19,"column":31}},"type":"if","locations":[{"start":{"line":19,"column":12},"end":{"line":19,"column":31}},{"start":{},"end":{}}],"line":19},"3":{"loc":{"start":{"line":25,"column":12},"end":{"line":25,"column":31}},"type":"if","locations":[{"start":{"line":25,"column":12},"end":{"line":25,"column":31}},{"start":{},"end":{}}],"line":25},"4":{"loc":{"start":{"line":32,"column":12},"end":{"line":32,"column":31}},"type":"if","locations":[{"start":{"line":32,"column":12},"end":{"line":32,"column":31}},{"start":{},"end":{}}],"line":32},"5":{"loc":{"start":{"line":38,"column":12},"end":{"line":38,"column":31}},"type":"if","locations":[{"start":{"line":38,"column":12},"end":{"line":38,"column":31}},{"start":{},"end":{}}],"line":38},"6":{"loc":{"start":{"line":45,"column":12},"end":{"line":45,"column":31}},"type":"if","locations":[{"start":{"line":45,"column":12},"end":{"line":45,"column":31}},{"start":{},"end":{}}],"line":45},"7":{"loc":{"start":{"line":52,"column":12},"end":{"line":52,"column":31}},"type":"if","locations":[{"start":{"line":52,"column":12},"end":{"line":52,"column":31}},{"start":{},"end":{}}],"line":52},"8":{"loc":{"start":{"line":58,"column":8},"end":{"line":58,"column":114}},"type":"if","locations":[{"start":{"line":58,"column":8},"end":{"line":58,"column":114}},{"start":{},"end":{}}],"line":58},"9":{"loc":{"start":{"line":66,"column":12},"end":{"line":66,"column":31}},"type":"if","locations":[{"start":{"line":66,"column":12},"end":{"line":66,"column":31}},{"start":{},"end":{}}],"line":66},"10":{"loc":{"start":{"line":73,"column":12},"end":{"line":73,"column":31}},"type":"if","locations":[{"start":{"line":73,"column":12},"end":{"line":73,"column":31}},{"start":{},"end":{}}],"line":73},"11":{"loc":{"start":{"line":79,"column":12},"end":{"line":79,"column":31}},"type":"if","locations":[{"start":{"line":79,"column":12},"end":{"line":79,"column":31}},{"start":{},"end":{}}],"line":79},"12":{"loc":{"start":{"line":85,"column":12},"end":{"line":85,"column":31}},"type":"if","locations":[{"start":{"line":85,"column":12},"end":{"line":85,"column":31}},{"start":{},"end":{}}],"line":85},"13":{"loc":{"start":{"line":91,"column":12},"end":{"line":91,"column":31}},"type":"if","locations":[{"start":{"line":91,"column":12},"end":{"line":91,"column":31}},{"start":{},"end":{}}],"line":91}},"s":{"0":1,"1":1,"2":1,"3":0,"4":0,"5":0,"6":0,"7":0,"8":0,"9":0,"10":0,"11":0,"12":0,"13":0,"14":0,"15":0,"16":0,"17":0,"18":0,"19":0,"20":0,"21":0,"22":0,"23":0,"24":0,"25":0,"26":0,"27":0,"28":0,"29":0,"30":0,"31":0,"32":0,"33":0,"34":0,"35":0,"36":0,"37":0,"38":0,"39":0,"40":0,"41":0,"42":0,"43":0,"44":0,"45":0,"46":0,"47":0,"48":0,"49":0,"50":0,"51":0,"52":0,"53":0,"54":0,"55":0,"56":0,"57":0,"58":0,"59":0,"60":0,"61":0,"62":0,"63":0,"64":0,"65":0,"66":0},"f":{"0":0,"1":0,"2":0,"3":0,"4":0,"5":0,"6":0,"7":0,"8":0,"9":0,"10":0,"11":0,"12":0,"13":0,"14":0,"15":0,"16":0,"17":0,"18":0,"19":0,"20":0,"21":0,"22":0,"23":0,"24":0,"25":0},"b":{"0":[0,0],"1":[0,0],"2":[0,0],"3":[0,0],"4":[0,0],"5":[0,0],"6":[0,0],"7":[0,0],"8":[0,0],"9":[0,0],"10":[0,0],"11":[0,0],"12":[0,0],"13":[0,0]},"_coverageSchema":"1a1c01bbd47fc00a2c39e90264f33305004495a9","hash":"d1a1550b8cbe767f3fe6738a11dd7387c2b6a908"}
,"C:\\ecole offline\\SR10\\projet\\git repo\\sr10_p2023_bridoux_perrette\\PaulEmploi\\model\\pool.js": {"path":"C:\\ecole offline\\SR10\\projet\\git repo\\sr10_p2023_bridoux_perrette\\PaulEmploi\\model\\pool.js","statementMap":{"0":{"start":{"line":1,"column":12},"end":{"line":1,"column":28}},"1":{"start":{"line":2,"column":11},"end":{"line":7,"column":2}},"2":{"start":{"line":8,"column":0},"end":{"line":8,"column":22}}},"fnMap":{},"branchMap":{},"s":{"0":2,"1":2,"2":2},"f":{},"b":{},"_coverageSchema":"1a1c01bbd47fc00a2c39e90264f33305004495a9","hash":"a3ee1b1604cc0f09f8a80e85401ea2217fc0995b"}
,"C:\\ecole offline\\SR10\\projet\\git repo\\sr10_p2023_bridoux_perrette\\PaulEmploi\\model\\statut_activites.js": {"path":"C:\\ecole offline\\SR10\\projet\\git repo\\sr10_p2023_bridoux_perrette\\PaulEmploi\\model\\statut_activites.js","statementMap":{"0":{"start":{"line":1,"column":9},"end":{"line":1,"column":29}},"1":{"start":{"line":3,"column":0},"end":{"line":35,"column":1}},"2":{"start":{"line":5,"column":8},"end":{"line":8,"column":11}},"3":{"start":{"line":6,"column":12},"end":{"line":6,"column":31}},"4":{"start":{"line":6,"column":21},"end":{"line":6,"column":31}},"5":{"start":{"line":7,"column":12},"end":{"line":7,"column":30}},"6":{"start":{"line":11,"column":8},"end":{"line":14,"column":11}},"7":{"start":{"line":12,"column":12},"end":{"line":12,"column":31}},"8":{"start":{"line":12,"column":21},"end":{"line":12,"column":31}},"9":{"start":{"line":13,"column":12},"end":{"line":13,"column":30}},"10":{"start":{"line":15,"column":8},"end":{"line":15,"column":20}},"11":{"start":{"line":18,"column":8},"end":{"line":21,"column":11}},"12":{"start":{"line":19,"column":12},"end":{"line":19,"column":31}},"13":{"start":{"line":19,"column":21},"end":{"line":19,"column":31}},"14":{"start":{"line":20,"column":12},"end":{"line":20,"column":30}},"15":{"start":{"line":22,"column":8},"end":{"line":22,"column":20}},"16":{"start":{"line":25,"column":8},"end":{"line":25,"column":63}},"17":{"start":{"line":26,"column":8},"end":{"line":33,"column":11}},"18":{"start":{"line":27,"column":8},"end":{"line":27,"column":27}},"19":{"start":{"line":27,"column":17},"end":{"line":27,"column":27}},"20":{"start":{"line":28,"column":8},"end":{"line":32,"column":9}},"21":{"start":{"line":29,"column":12},"end":{"line":29,"column":27}},"22":{"start":{"line":31,"column":12},"end":{"line":31,"column":28}}},"fnMap":{"0":{"name":"(anonymous_0)","decl":{"start":{"line":4,"column":13},"end":{"line":4,"column":14}},"loc":{"start":{"line":4,"column":33},"end":{"line":9,"column":5}},"line":4},"1":{"name":"(anonymous_1)","decl":{"start":{"line":5,"column":51},"end":{"line":5,"column":52}},"loc":{"start":{"line":5,"column":75},"end":{"line":8,"column":9}},"line":5},"2":{"name":"(anonymous_2)","decl":{"start":{"line":10,"column":12},"end":{"line":10,"column":13}},"loc":{"start":{"line":10,"column":37},"end":{"line":16,"column":5}},"line":10},"3":{"name":"(anonymous_3)","decl":{"start":{"line":11,"column":71},"end":{"line":11,"column":72}},"loc":{"start":{"line":11,"column":95},"end":{"line":14,"column":9}},"line":11},"4":{"name":"(anonymous_4)","decl":{"start":{"line":17,"column":12},"end":{"line":17,"column":13}},"loc":{"start":{"line":17,"column":37},"end":{"line":23,"column":5}},"line":17},"5":{"name":"(anonymous_5)","decl":{"start":{"line":18,"column":66},"end":{"line":18,"column":67}},"loc":{"start":{"line":18,"column":90},"end":{"line":21,"column":9}},"line":18},"6":{"name":"(anonymous_6)","decl":{"start":{"line":24,"column":13},"end":{"line":24,"column":14}},"loc":{"start":{"line":24,"column":38},"end":{"line":34,"column":5}},"line":24},"7":{"name":"(anonymous_7)","decl":{"start":{"line":26,"column":34},"end":{"line":26,"column":35}},"loc":{"start":{"line":26,"column":58},"end":{"line":33,"column":9}},"line":26}},"branchMap":{"0":{"loc":{"start":{"line":6,"column":12},"end":{"line":6,"column":31}},"type":"if","locations":[{"start":{"line":6,"column":12},"end":{"line":6,"column":31}},{"start":{},"end":{}}],"line":6},"1":{"loc":{"start":{"line":12,"column":12},"end":{"line":12,"column":31}},"type":"if","locations":[{"start":{"line":12,"column":12},"end":{"line":12,"column":31}},{"start":{},"end":{}}],"line":12},"2":{"loc":{"start":{"line":19,"column":12},"end":{"line":19,"column":31}},"type":"if","locations":[{"start":{"line":19,"column":12},"end":{"line":19,"column":31}},{"start":{},"end":{}}],"line":19},"3":{"loc":{"start":{"line":27,"column":8},"end":{"line":27,"column":27}},"type":"if","locations":[{"start":{"line":27,"column":8},"end":{"line":27,"column":27}},{"start":{},"end":{}}],"line":27},"4":{"loc":{"start":{"line":28,"column":8},"end":{"line":32,"column":9}},"type":"if","locations":[{"start":{"line":28,"column":8},"end":{"line":32,"column":9}},{"start":{"line":30,"column":15},"end":{"line":32,"column":9}}],"line":28}},"s":{"0":1,"1":1,"2":0,"3":0,"4":0,"5":0,"6":0,"7":0,"8":0,"9":0,"10":0,"11":0,"12":0,"13":0,"14":0,"15":0,"16":0,"17":0,"18":0,"19":0,"20":0,"21":0,"22":0},"f":{"0":0,"1":0,"2":0,"3":0,"4":0,"5":0,"6":0,"7":0},"b":{"0":[0,0],"1":[0,0],"2":[0,0],"3":[0,0],"4":[0,0]},"_coverageSchema":"1a1c01bbd47fc00a2c39e90264f33305004495a9","hash":"90b57c83fed49f7385eac0d1eb92bb12834d30d9"}
,"C:\\ecole offline\\SR10\\projet\\git repo\\sr10_p2023_bridoux_perrette\\PaulEmploi\\model\\type_metiers.js": {"path":"C:\\ecole offline\\SR10\\projet\\git repo\\sr10_p2023_bridoux_perrette\\PaulEmploi\\model\\type_metiers.js","statementMap":{"0":{"start":{"line":1,"column":9},"end":{"line":1,"column":29}},"1":{"start":{"line":3,"column":0},"end":{"line":35,"column":1}},"2":{"start":{"line":5,"column":8},"end":{"line":8,"column":11}},"3":{"start":{"line":6,"column":12},"end":{"line":6,"column":31}},"4":{"start":{"line":6,"column":21},"end":{"line":6,"column":31}},"5":{"start":{"line":7,"column":12},"end":{"line":7,"column":30}},"6":{"start":{"line":11,"column":8},"end":{"line":14,"column":11}},"7":{"start":{"line":12,"column":12},"end":{"line":12,"column":31}},"8":{"start":{"line":12,"column":21},"end":{"line":12,"column":31}},"9":{"start":{"line":13,"column":12},"end":{"line":13,"column":30}},"10":{"start":{"line":15,"column":8},"end":{"line":15,"column":20}},"11":{"start":{"line":18,"column":8},"end":{"line":21,"column":11}},"12":{"start":{"line":19,"column":12},"end":{"line":19,"column":31}},"13":{"start":{"line":19,"column":21},"end":{"line":19,"column":31}},"14":{"start":{"line":20,"column":12},"end":{"line":20,"column":30}},"15":{"start":{"line":22,"column":8},"end":{"line":22,"column":20}},"16":{"start":{"line":25,"column":8},"end":{"line":25,"column":64}},"17":{"start":{"line":26,"column":8},"end":{"line":33,"column":11}},"18":{"start":{"line":27,"column":8},"end":{"line":27,"column":27}},"19":{"start":{"line":27,"column":17},"end":{"line":27,"column":27}},"20":{"start":{"line":28,"column":8},"end":{"line":32,"column":9}},"21":{"start":{"line":29,"column":12},"end":{"line":29,"column":27}},"22":{"start":{"line":31,"column":12},"end":{"line":31,"column":28}}},"fnMap":{"0":{"name":"(anonymous_0)","decl":{"start":{"line":4,"column":13},"end":{"line":4,"column":14}},"loc":{"start":{"line":4,"column":33},"end":{"line":9,"column":5}},"line":4},"1":{"name":"(anonymous_1)","decl":{"start":{"line":5,"column":47},"end":{"line":5,"column":48}},"loc":{"start":{"line":5,"column":71},"end":{"line":8,"column":9}},"line":5},"2":{"name":"(anonymous_2)","decl":{"start":{"line":10,"column":12},"end":{"line":10,"column":13}},"loc":{"start":{"line":10,"column":44},"end":{"line":16,"column":5}},"line":10},"3":{"name":"(anonymous_3)","decl":{"start":{"line":11,"column":81},"end":{"line":11,"column":82}},"loc":{"start":{"line":11,"column":105},"end":{"line":14,"column":9}},"line":11},"4":{"name":"(anonymous_4)","decl":{"start":{"line":17,"column":12},"end":{"line":17,"column":13}},"loc":{"start":{"line":17,"column":44},"end":{"line":23,"column":5}},"line":17},"5":{"name":"(anonymous_5)","decl":{"start":{"line":18,"column":76},"end":{"line":18,"column":77}},"loc":{"start":{"line":18,"column":100},"end":{"line":21,"column":9}},"line":18},"6":{"name":"(anonymous_6)","decl":{"start":{"line":24,"column":13},"end":{"line":24,"column":14}},"loc":{"start":{"line":24,"column":45},"end":{"line":34,"column":5}},"line":24},"7":{"name":"(anonymous_7)","decl":{"start":{"line":26,"column":41},"end":{"line":26,"column":42}},"loc":{"start":{"line":26,"column":65},"end":{"line":33,"column":9}},"line":26}},"branchMap":{"0":{"loc":{"start":{"line":6,"column":12},"end":{"line":6,"column":31}},"type":"if","locations":[{"start":{"line":6,"column":12},"end":{"line":6,"column":31}},{"start":{},"end":{}}],"line":6},"1":{"loc":{"start":{"line":12,"column":12},"end":{"line":12,"column":31}},"type":"if","locations":[{"start":{"line":12,"column":12},"end":{"line":12,"column":31}},{"start":{},"end":{}}],"line":12},"2":{"loc":{"start":{"line":19,"column":12},"end":{"line":19,"column":31}},"type":"if","locations":[{"start":{"line":19,"column":12},"end":{"line":19,"column":31}},{"start":{},"end":{}}],"line":19},"3":{"loc":{"start":{"line":27,"column":8},"end":{"line":27,"column":27}},"type":"if","locations":[{"start":{"line":27,"column":8},"end":{"line":27,"column":27}},{"start":{},"end":{}}],"line":27},"4":{"loc":{"start":{"line":28,"column":8},"end":{"line":32,"column":9}},"type":"if","locations":[{"start":{"line":28,"column":8},"end":{"line":32,"column":9}},{"start":{"line":30,"column":15},"end":{"line":32,"column":9}}],"line":28}},"s":{"0":1,"1":1,"2":0,"3":0,"4":0,"5":0,"6":0,"7":0,"8":0,"9":0,"10":0,"11":0,"12":0,"13":0,"14":0,"15":0,"16":0,"17":0,"18":0,"19":0,"20":0,"21":0,"22":0},"f":{"0":0,"1":0,"2":0,"3":0,"4":0,"5":0,"6":0,"7":0},"b":{"0":[0,0],"1":[0,0],"2":[0,0],"3":[0,0],"4":[0,0]},"_coverageSchema":"1a1c01bbd47fc00a2c39e90264f33305004495a9","hash":"bcd4ed64ecb73f84b8e4a970323f385e246b9307"}
,"C:\\ecole offline\\SR10\\projet\\git repo\\sr10_p2023_bridoux_perrette\\PaulEmploi\\model\\utilisateurs.js": {"path":"C:\\ecole offline\\SR10\\projet\\git repo\\sr10_p2023_bridoux_perrette\\PaulEmploi\\model\\utilisateurs.js","statementMap":{"0":{"start":{"line":1,"column":9},"end":{"line":1,"column":29}},"1":{"start":{"line":2,"column":15},"end":{"line":2,"column":32}},"2":{"start":{"line":3,"column":12},"end":{"line":3,"column":28}},"3":{"start":{"line":5,"column":0},"end":{"line":168,"column":1}},"4":{"start":{"line":7,"column":8},"end":{"line":11,"column":11}},"5":{"start":{"line":9,"column":8},"end":{"line":9,"column":27}},"6":{"start":{"line":9,"column":17},"end":{"line":9,"column":27}},"7":{"start":{"line":10,"column":8},"end":{"line":10,"column":26}},"8":{"start":{"line":14,"column":8},"end":{"line":17,"column":11}},"9":{"start":{"line":15,"column":8},"end":{"line":15,"column":27}},"10":{"start":{"line":15,"column":17},"end":{"line":15,"column":27}},"11":{"start":{"line":16,"column":8},"end":{"line":16,"column":26}},"12":{"start":{"line":20,"column":8},"end":{"line":20,"column":152}},"13":{"start":{"line":21,"column":8},"end":{"line":24,"column":11}},"14":{"start":{"line":22,"column":12},"end":{"line":22,"column":31}},"15":{"start":{"line":22,"column":21},"end":{"line":22,"column":31}},"16":{"start":{"line":23,"column":12},"end":{"line":23,"column":30}},"17":{"start":{"line":27,"column":8},"end":{"line":30,"column":11}},"18":{"start":{"line":28,"column":8},"end":{"line":28,"column":27}},"19":{"start":{"line":28,"column":17},"end":{"line":28,"column":27}},"20":{"start":{"line":29,"column":8},"end":{"line":29,"column":26}},"21":{"start":{"line":33,"column":8},"end":{"line":36,"column":11}},"22":{"start":{"line":34,"column":8},"end":{"line":34,"column":27}},"23":{"start":{"line":34,"column":17},"end":{"line":34,"column":27}},"24":{"start":{"line":35,"column":8},"end":{"line":35,"column":26}},"25":{"start":{"line":39,"column":8},"end":{"line":42,"column":11}},"26":{"start":{"line":40,"column":12},"end":{"line":40,"column":31}},"27":{"start":{"line":40,"column":21},"end":{"line":40,"column":31}},"28":{"start":{"line":41,"column":12},"end":{"line":41,"column":30}},"29":{"start":{"line":45,"column":8},"end":{"line":48,"column":11}},"30":{"start":{"line":46,"column":12},"end":{"line":46,"column":31}},"31":{"start":{"line":46,"column":21},"end":{"line":46,"column":31}},"32":{"start":{"line":47,"column":12},"end":{"line":47,"column":30}},"33":{"start":{"line":51,"column":8},"end":{"line":51,"column":84}},"34":{"start":{"line":53,"column":16},"end":{"line":65,"column":19}},"35":{"start":{"line":54,"column":20},"end":{"line":54,"column":39}},"36":{"start":{"line":54,"column":29},"end":{"line":54,"column":39}},"37":{"start":{"line":55,"column":20},"end":{"line":64,"column":21}},"38":{"start":{"line":56,"column":24},"end":{"line":61,"column":29}},"39":{"start":{"line":57,"column":28},"end":{"line":60,"column":49}},"40":{"start":{"line":59,"column":30},"end":{"line":59,"column":48}},"41":{"start":{"line":60,"column":33},"end":{"line":60,"column":49}},"42":{"start":{"line":63,"column":24},"end":{"line":63,"column":40}},"43":{"start":{"line":71,"column":19},"end":{"line":71,"column":56}},"44":{"start":{"line":72,"column":8},"end":{"line":80,"column":13}},"45":{"start":{"line":74,"column":23},"end":{"line":74,"column":78}},"46":{"start":{"line":75,"column":12},"end":{"line":78,"column":15}},"47":{"start":{"line":76,"column":16},"end":{"line":76,"column":35}},"48":{"start":{"line":76,"column":25},"end":{"line":76,"column":35}},"49":{"start":{"line":77,"column":16},"end":{"line":77,"column":34}},"50":{"start":{"line":79,"column":12},"end":{"line":79,"column":27}},"51":{"start":{"line":82,"column":8},"end":{"line":82,"column":20}},"52":{"start":{"line":85,"column":8},"end":{"line":88,"column":11}},"53":{"start":{"line":86,"column":12},"end":{"line":86,"column":31}},"54":{"start":{"line":86,"column":21},"end":{"line":86,"column":31}},"55":{"start":{"line":87,"column":12},"end":{"line":87,"column":30}},"56":{"start":{"line":89,"column":8},"end":{"line":89,"column":20}},"57":{"start":{"line":92,"column":8},"end":{"line":92,"column":114}},"58":{"start":{"line":92,"column":40},"end":{"line":92,"column":114}},"59":{"start":{"line":93,"column":8},"end":{"line":93,"column":38}},"60":{"start":{"line":94,"column":8},"end":{"line":96,"column":9}},"61":{"start":{"line":94,"column":21},"end":{"line":94,"column":22}},"62":{"start":{"line":95,"column":12},"end":{"line":95,"column":58}},"63":{"start":{"line":97,"column":8},"end":{"line":97,"column":65}},"64":{"start":{"line":99,"column":8},"end":{"line":102,"column":15}},"65":{"start":{"line":100,"column":12},"end":{"line":100,"column":31}},"66":{"start":{"line":100,"column":21},"end":{"line":100,"column":31}},"67":{"start":{"line":101,"column":12},"end":{"line":101,"column":30}},"68":{"start":{"line":103,"column":8},"end":{"line":103,"column":20}},"69":{"start":{"line":106,"column":8},"end":{"line":109,"column":11}},"70":{"start":{"line":107,"column":12},"end":{"line":107,"column":31}},"71":{"start":{"line":107,"column":21},"end":{"line":107,"column":31}},"72":{"start":{"line":108,"column":12},"end":{"line":108,"column":30}},"73":{"start":{"line":112,"column":8},"end":{"line":115,"column":11}},"74":{"start":{"line":113,"column":12},"end":{"line":113,"column":32}},"75":{"start":{"line":113,"column":22},"end":{"line":113,"column":32}},"76":{"start":{"line":114,"column":12},"end":{"line":114,"column":30}},"77":{"start":{"line":118,"column":8},"end":{"line":121,"column":11}},"78":{"start":{"line":119,"column":12},"end":{"line":119,"column":31}},"79":{"start":{"line":119,"column":21},"end":{"line":119,"column":31}},"80":{"start":{"line":120,"column":12},"end":{"line":120,"column":30}},"81":{"start":{"line":124,"column":8},"end":{"line":127,"column":11}},"82":{"start":{"line":125,"column":12},"end":{"line":125,"column":31}},"83":{"start":{"line":125,"column":21},"end":{"line":125,"column":31}},"84":{"start":{"line":126,"column":12},"end":{"line":126,"column":30}},"85":{"start":{"line":132,"column":8},"end":{"line":137,"column":73}},"86":{"start":{"line":133,"column":12},"end":{"line":134,"column":72}},"87":{"start":{"line":134,"column":16},"end":{"line":134,"column":72}},"88":{"start":{"line":136,"column":13},"end":{"line":137,"column":73}},"89":{"start":{"line":137,"column":16},"end":{"line":137,"column":73}},"90":{"start":{"line":138,"column":8},"end":{"line":141,"column":11}},"91":{"start":{"line":139,"column":12},"end":{"line":139,"column":31}},"92":{"start":{"line":139,"column":21},"end":{"line":139,"column":31}},"93":{"start":{"line":140,"column":12},"end":{"line":140,"column":30}},"94":{"start":{"line":144,"column":8},"end":{"line":147,"column":11}},"95":{"start":{"line":145,"column":12},"end":{"line":145,"column":31}},"96":{"start":{"line":145,"column":21},"end":{"line":145,"column":31}},"97":{"start":{"line":146,"column":12},"end":{"line":146,"column":30}},"98":{"start":{"line":150,"column":8},"end":{"line":153,"column":11}},"99":{"start":{"line":151,"column":12},"end":{"line":151,"column":31}},"100":{"start":{"line":151,"column":21},"end":{"line":151,"column":31}},"101":{"start":{"line":152,"column":12},"end":{"line":152,"column":30}},"102":{"start":{"line":156,"column":8},"end":{"line":159,"column":11}},"103":{"start":{"line":157,"column":12},"end":{"line":157,"column":31}},"104":{"start":{"line":157,"column":21},"end":{"line":157,"column":31}},"105":{"start":{"line":158,"column":12},"end":{"line":158,"column":30}},"106":{"start":{"line":162,"column":8},"end":{"line":165,"column":11}},"107":{"start":{"line":163,"column":12},"end":{"line":163,"column":31}},"108":{"start":{"line":163,"column":21},"end":{"line":163,"column":31}},"109":{"start":{"line":164,"column":12},"end":{"line":164,"column":30}}},"fnMap":{"0":{"name":"(anonymous_0)","decl":{"start":{"line":6,"column":10},"end":{"line":6,"column":11}},"loc":{"start":{"line":6,"column":37},"end":{"line":12,"column":5}},"line":6},"1":{"name":"(anonymous_1)","decl":{"start":{"line":7,"column":68},"end":{"line":7,"column":69}},"loc":{"start":{"line":8,"column":23},"end":{"line":11,"column":9}},"line":8},"2":{"name":"(anonymous_2)","decl":{"start":{"line":13,"column":13},"end":{"line":13,"column":14}},"loc":{"start":{"line":13,"column":33},"end":{"line":18,"column":5}},"line":13},"3":{"name":"(anonymous_3)","decl":{"start":{"line":14,"column":47},"end":{"line":14,"column":48}},"loc":{"start":{"line":14,"column":71},"end":{"line":17,"column":9}},"line":14},"4":{"name":"(anonymous_4)","decl":{"start":{"line":19,"column":17},"end":{"line":19,"column":18}},"loc":{"start":{"line":19,"column":43},"end":{"line":25,"column":5}},"line":19},"5":{"name":"(anonymous_5)","decl":{"start":{"line":21,"column":22},"end":{"line":21,"column":23}},"loc":{"start":{"line":21,"column":46},"end":{"line":24,"column":9}},"line":21},"6":{"name":"(anonymous_6)","decl":{"start":{"line":26,"column":21},"end":{"line":26,"column":22}},"loc":{"start":{"line":26,"column":48},"end":{"line":31,"column":5}},"line":26},"7":{"name":"(anonymous_7)","decl":{"start":{"line":27,"column":101},"end":{"line":27,"column":102}},"loc":{"start":{"line":27,"column":125},"end":{"line":30,"column":9}},"line":27},"8":{"name":"(anonymous_8)","decl":{"start":{"line":32,"column":25},"end":{"line":32,"column":26}},"loc":{"start":{"line":32,"column":60},"end":{"line":37,"column":5}},"line":32},"9":{"name":"(anonymous_9)","decl":{"start":{"line":33,"column":210},"end":{"line":33,"column":211}},"loc":{"start":{"line":33,"column":234},"end":{"line":36,"column":9}},"line":33},"10":{"name":"(anonymous_10)","decl":{"start":{"line":38,"column":20},"end":{"line":38,"column":21}},"loc":{"start":{"line":38,"column":56},"end":{"line":43,"column":5}},"line":38},"11":{"name":"(anonymous_11)","decl":{"start":{"line":39,"column":73},"end":{"line":39,"column":74}},"loc":{"start":{"line":39,"column":96},"end":{"line":42,"column":9}},"line":39},"12":{"name":"(anonymous_12)","decl":{"start":{"line":44,"column":15},"end":{"line":44,"column":16}},"loc":{"start":{"line":44,"column":43},"end":{"line":49,"column":5}},"line":44},"13":{"name":"(anonymous_13)","decl":{"start":{"line":45,"column":79},"end":{"line":45,"column":80}},"loc":{"start":{"line":45,"column":102},"end":{"line":48,"column":9}},"line":45},"14":{"name":"(anonymous_14)","decl":{"start":{"line":50,"column":13},"end":{"line":50,"column":14}},"loc":{"start":{"line":50,"column":50},"end":{"line":69,"column":5}},"line":50},"15":{"name":"(anonymous_15)","decl":{"start":{"line":53,"column":44},"end":{"line":53,"column":45}},"loc":{"start":{"line":53,"column":68},"end":{"line":65,"column":17}},"line":53},"16":{"name":"(anonymous_16)","decl":{"start":{"line":56,"column":75},"end":{"line":56,"column":76}},"loc":{"start":{"line":56,"column":98},"end":{"line":61,"column":27}},"line":56},"17":{"name":"(anonymous_17)","decl":{"start":{"line":70,"column":12},"end":{"line":70,"column":13}},"loc":{"start":{"line":70,"column":72},"end":{"line":83,"column":5}},"line":70},"18":{"name":"(anonymous_18)","decl":{"start":{"line":72,"column":36},"end":{"line":72,"column":37}},"loc":{"start":{"line":72,"column":57},"end":{"line":80,"column":11}},"line":72},"19":{"name":"(anonymous_19)","decl":{"start":{"line":75,"column":193},"end":{"line":75,"column":194}},"loc":{"start":{"line":75,"column":217},"end":{"line":78,"column":13}},"line":75},"20":{"name":"(anonymous_20)","decl":{"start":{"line":84,"column":12},"end":{"line":84,"column":13}},"loc":{"start":{"line":84,"column":39},"end":{"line":90,"column":5}},"line":84},"21":{"name":"(anonymous_21)","decl":{"start":{"line":85,"column":66},"end":{"line":85,"column":67}},"loc":{"start":{"line":85,"column":90},"end":{"line":88,"column":9}},"line":85},"22":{"name":"(anonymous_22)","decl":{"start":{"line":91,"column":13},"end":{"line":91,"column":14}},"loc":{"start":{"line":91,"column":48},"end":{"line":104,"column":5}},"line":91},"23":{"name":"(anonymous_23)","decl":{"start":{"line":99,"column":28},"end":{"line":99,"column":29}},"loc":{"start":{"line":99,"column":52},"end":{"line":102,"column":13}},"line":99},"24":{"name":"(anonymous_24)","decl":{"start":{"line":105,"column":16},"end":{"line":105,"column":17}},"loc":{"start":{"line":105,"column":45},"end":{"line":110,"column":5}},"line":105},"25":{"name":"(anonymous_25)","decl":{"start":{"line":106,"column":77},"end":{"line":106,"column":78}},"loc":{"start":{"line":106,"column":101},"end":{"line":109,"column":9}},"line":106},"26":{"name":"(anonymous_26)","decl":{"start":{"line":111,"column":19},"end":{"line":111,"column":20}},"loc":{"start":{"line":111,"column":51},"end":{"line":116,"column":5}},"line":111},"27":{"name":"(anonymous_27)","decl":{"start":{"line":112,"column":83},"end":{"line":112,"column":84}},"loc":{"start":{"line":112,"column":107},"end":{"line":115,"column":9}},"line":112},"28":{"name":"(anonymous_28)","decl":{"start":{"line":117,"column":23},"end":{"line":117,"column":24}},"loc":{"start":{"line":117,"column":52},"end":{"line":122,"column":5}},"line":117},"29":{"name":"(anonymous_29)","decl":{"start":{"line":118,"column":86},"end":{"line":118,"column":87}},"loc":{"start":{"line":118,"column":110},"end":{"line":121,"column":9}},"line":118},"30":{"name":"(anonymous_30)","decl":{"start":{"line":123,"column":19},"end":{"line":123,"column":20}},"loc":{"start
[...]
ne":98,"column":67}},"type":"binary-expr","locations":[{"start":{"line":98,"column":11},"end":{"line":98,"column":28}},{"start":{"line":98,"column":32},"end":{"line":98,"column":67}}],"line":98},"16":{"loc":{"start":{"line":111,"column":2},"end":{"line":147,"column":3}},"type":"if","locations":[{"start":{"line":111,"column":2},"end":{"line":147,"column":3}},{"start":{"line":113,"column":8},"end":{"line":147,"column":3}}],"line":111},"17":{"loc":{"start":{"line":113,"column":8},"end":{"line":147,"column":3}},"type":"if","locations":[{"start":{"line":113,"column":8},"end":{"line":147,"column":3}},{"start":{"line":115,"column":9},"end":{"line":147,"column":3}}],"line":113},"18":{"loc":{"start":{"line":136,"column":4},"end":{"line":139,"column":21}},"type":"if","locations":[{"start":{"line":136,"column":4},"end":{"line":139,"column":21}},{"start":{"line":139,"column":6},"end":{"line":139,"column":21}}],"line":136},"19":{"loc":{"start":{"line":136,"column":7},"end":{"line":136,"column":63}},"type":"binary-expr","locations":[{"start":{"line":136,"column":7},"end":{"line":136,"column":24}},{"start":{"line":136,"column":28},"end":{"line":136,"column":63}}],"line":136},"20":{"loc":{"start":{"line":150,"column":2},"end":{"line":161,"column":3}},"type":"if","locations":[{"start":{"line":150,"column":2},"end":{"line":161,"column":3}},{"start":{"line":152,"column":8},"end":{"line":161,"column":3}}],"line":150},"21":{"loc":{"start":{"line":152,"column":8},"end":{"line":161,"column":3}},"type":"if","locations":[{"start":{"line":152,"column":8},"end":{"line":161,"column":3}},{"start":{"line":154,"column":9},"end":{"line":161,"column":3}}],"line":152},"22":{"loc":{"start":{"line":164,"column":2},"end":{"line":174,"column":3}},"type":"if","locations":[{"start":{"line":164,"column":2},"end":{"line":174,"column":3}},{"start":{"line":166,"column":8},"end":{"line":174,"column":3}}],"line":164},"23":{"loc":{"start":{"line":166,"column":8},"end":{"line":174,"column":3}},"type":"if","locations":[{"start":{"line":166,"column":8},"end":{"line":174,"column":3}},{"start":{"line":168,"column":9},"end":{"line":174,"column":3}}],"line":166},"24":{"loc":{"start":{"line":177,"column":2},"end":{"line":186,"column":3}},"type":"if","locations":[{"start":{"line":177,"column":2},"end":{"line":186,"column":3}},{"start":{"line":179,"column":8},"end":{"line":186,"column":3}}],"line":177},"25":{"loc":{"start":{"line":179,"column":8},"end":{"line":186,"column":3}},"type":"if","locations":[{"start":{"line":179,"column":8},"end":{"line":186,"column":3}},{"start":{"line":181,"column":9},"end":{"line":186,"column":3}}],"line":179},"26":{"loc":{"start":{"line":189,"column":2},"end":{"line":204,"column":3}},"type":"if","locations":[{"start":{"line":189,"column":2},"end":{"line":204,"column":3}},{"start":{"line":191,"column":8},"end":{"line":204,"column":3}}],"line":189},"27":{"loc":{"start":{"line":191,"column":8},"end":{"line":204,"column":3}},"type":"if","locations":[{"start":{"line":191,"column":8},"end":{"line":204,"column":3}},{"start":{"line":193,"column":9},"end":{"line":204,"column":3}}],"line":191}},"s":{"0":1,"1":1,"2":1,"3":1,"4":1,"5":1,"6":1,"7":1,"8":1,"9":0,"10":0,"11":0,"12":0,"13":0,"14":0,"15":0,"16":0,"17":0,"18":0,"19":0,"20":0,"21":0,"22":1,"23":0,"24":0,"25":0,"26":0,"27":0,"28":0,"29":0,"30":0,"31":0,"32":0,"33":0,"34":0,"35":0,"36":0,"37":1,"38":0,"39":0,"40":0,"41":0,"42":0,"43":0,"44":0,"45":1,"46":0,"47":0,"48":0,"49":0,"50":0,"51":0,"52":0,"53":1,"54":0,"55":0,"56":0,"57":0,"58":0,"59":0,"60":0,"61":0,"62":0,"63":0,"64":0,"65":0,"66":0,"67":0,"68":0,"69":0,"70":0,"71":0,"72":0,"73":0,"74":0,"75":0,"76":0,"77":0,"78":0,"79":0,"80":0,"81":1,"82":0,"83":0,"84":0,"85":0,"86":0,"87":0,"88":0,"89":0,"90":0,"91":0,"92":0,"93":0,"94":0,"95":0,"96":0,"97":0,"98":0,"99":0,"100":0,"101":0,"102":0,"103":0,"104":0,"105":0,"106":0,"107":0,"108":0,"109":0,"110":0,"111":0,"112":0,"113":1,"114":0,"115":0,"116":0,"117":0,"118":0,"119":0,"120":0,"121":0,"122":1,"123":0,"124":0,"125":0,"126":0,"127":0,"128":0,"129":0,"130":1,"131":0,"132":0,"133":0,"134":0,"135":0,"136":0,"137":0,"138":1,"139":0,"140":0,"141":0,"142":0,"143":0,"144":0,"145":0,"146":0,"147":0,"148":1},"f":{"0":0,"1":0,"2":0,"3":0,"4":0,"5":0,"6":0,"7":0,"8":0,"9":0,"10":0,"11":0,"12":0,"13":0,"14":0,"15":0,"16":0,"17":0,"18":0,"19":0,"20":0,"21":0,"22":0,"23":0,"24":0,"25":0,"26":0,"27":0,"28":0},"b":{"0":[0,0],"1":[0,0],"2":[0,0],"3":[0,0],"4":[0,0],"5":[0,0],"6":[0,0],"7":[0,0],"8":[0,0],"9":[0,0],"10":[0,0],"11":[0,0],"12":[0,0],"13":[0,0],"14":[0,0],"15":[0,0],"16":[0,0],"17":[0,0],"18":[0,0],"19":[0,0],"20":[0,0],"21":[0,0],"22":[0,0],"23":[0,0],"24":[0,0],"25":[0,0],"26":[0,0],"27":[0,0]},"_coverageSchema":"1a1c01bbd47fc00a2c39e90264f33305004495a9","hash":"7b47701a782d3fdb2e0f7287204f683262f3d71e"}
,"C:\\ecole offline\\SR10\\projet\\git repo\\sr10_p2023_bridoux_perrette\\PaulEmploi\\routes\\utilisateurs.js": {"path":"C:\\ecole offline\\SR10\\projet\\git repo\\sr10_p2023_bridoux_perrette\\PaulEmploi\\routes\\utilisateurs.js","statementMap":{"0":{"start":{"line":1,"column":14},"end":{"line":1,"column":32}},"1":{"start":{"line":2,"column":16},"end":{"line":2,"column":42}},"2":{"start":{"line":3,"column":21},"end":{"line":3,"column":53}},"3":{"start":{"line":4,"column":13},"end":{"line":4,"column":29}},"4":{"start":{"line":5,"column":10},"end":{"line":5,"column":19}},"5":{"start":{"line":8,"column":0},"end":{"line":12,"column":3}},"6":{"start":{"line":9,"column":2},"end":{"line":11,"column":5}},"7":{"start":{"line":10,"column":4},"end":{"line":10,"column":87}},"8":{"start":{"line":14,"column":0},"end":{"line":17,"column":3}},"9":{"start":{"line":15,"column":2},"end":{"line":15,"column":23}},"10":{"start":{"line":16,"column":2},"end":{"line":16,"column":20}},"11":{"start":{"line":19,"column":0},"end":{"line":56,"column":3}},"12":{"start":{"line":20,"column":16},"end":{"line":20,"column":42}},"13":{"start":{"line":21,"column":12},"end":{"line":21,"column":36}},"14":{"start":{"line":22,"column":2},"end":{"line":22,"column":24}},"15":{"start":{"line":23,"column":2},"end":{"line":23,"column":40}},"16":{"start":{"line":24,"column":15},"end":{"line":24,"column":42}},"17":{"start":{"line":25,"column":2},"end":{"line":25,"column":30}},"18":{"start":{"line":26,"column":2},"end":{"line":26,"column":49}},"19":{"start":{"line":27,"column":21},"end":{"line":27,"column":52}},"20":{"start":{"line":28,"column":12},"end":{"line":28,"column":36}},"21":{"start":{"line":30,"column":17},"end":{"line":30,"column":60}},"22":{"start":{"line":31,"column":2},"end":{"line":32,"column":57}},"23":{"start":{"line":32,"column":4},"end":{"line":32,"column":57}},"24":{"start":{"line":34,"column":2},"end":{"line":34,"column":28}},"25":{"start":{"line":35,"column":2},"end":{"line":35,"column":28}},"26":{"start":{"line":37,"column":4},"end":{"line":37,"column":121}},"27":{"start":{"line":38,"column":4},"end":{"line":39,"column":60}},"28":{"start":{"line":39,"column":4},"end":{"line":39,"column":60}},"29":{"start":{"line":40,"column":2},"end":{"line":55,"column":5}},"30":{"start":{"line":41,"column":6},"end":{"line":54,"column":7}},"31":{"start":{"line":42,"column":8},"end":{"line":42,"column":62}},"32":{"start":{"line":44,"column":8},"end":{"line":53,"column":23}},"33":{"start":{"line":46,"column":10},"end":{"line":46,"column":36}},"34":{"start":{"line":47,"column":10},"end":{"line":47,"column":32}},"35":{"start":{"line":48,"column":10},"end":{"line":48,"column":47}},"36":{"start":{"line":49,"column":10},"end":{"line":49,"column":29}},"37":{"start":{"line":50,"column":10},"end":{"line":50,"column":40}},"38":{"start":{"line":51,"column":10},"end":{"line":51,"column":36}},"39":{"start":{"line":53,"column":13},"end":{"line":53,"column":23}},"40":{"start":{"line":58,"column":15},"end":{"line":58,"column":17}},"41":{"start":{"line":61,"column":12},"end":{"line":61,"column":118}},"42":{"start":{"line":62,"column":4},"end":{"line":62,"column":14}},"43":{"start":{"line":63,"column":4},"end":{"line":63,"column":51}},"44":{"start":{"line":66,"column":31},"end":{"line":66,"column":73}},"45":{"start":{"line":69,"column":13},"end":{"line":69,"column":19}},"46":{"start":{"line":69,"column":30},"end":{"line":69,"column":40}},"47":{"start":{"line":70,"column":0},"end":{"line":76,"column":11}},"48":{"start":{"line":71,"column":4},"end":{"line":75,"column":5}},"49":{"start":{"line":72,"column":8},"end":{"line":74,"column":9}},"50":{"start":{"line":73,"column":12},"end":{"line":73,"column":32}},"51":{"start":{"line":78,"column":0},"end":{"line":107,"column":3}},"52":{"start":{"line":79,"column":10},"end":{"line":79,"column":44}},"53":{"start":{"line":80,"column":2},"end":{"line":106,"column":3}},"54":{"start":{"line":81,"column":4},"end":{"line":81,"column":67}},"55":{"start":{"line":82,"column":6},"end":{"line":82,"column":25}},"56":{"start":{"line":84,"column":18},"end":{"line":84,"column":44}},"57":{"start":{"line":85,"column":23},"end":{"line":85,"column":54}},"58":{"start":{"line":86,"column":4},"end":{"line":105,"column":7}},"59":{"start":{"line":88,"column":6},"end":{"line":104,"column":7}},"60":{"start":{"line":89,"column":8},"end":{"line":89,"column":28}},"61":{"start":{"line":90,"column":8},"end":{"line":97,"column":11}},"62":{"start":{"line":92,"column":10},"end":{"line":92,"column":46}},"63":{"start":{"line":93,"column":10},"end":{"line":93,"column":42}},"64":{"start":{"line":94,"column":10},"end":{"line":94,"column":58}},"65":{"start":{"line":95,"column":10},"end":{"line":95,"column":28}},"66":{"start":{"line":96,"column":10},"end":{"line":96,"column":36}},"67":{"start":{"line":99,"column":11},"end":{"line":104,"column":7}},"68":{"start":{"line":100,"column":8},"end":{"line":100,"column":95}},"69":{"start":{"line":102,"column":8},"end":{"line":102,"column":25}},"70":{"start":{"line":103,"column":8},"end":{"line":103,"column":64}},"71":{"start":{"line":109,"column":0},"end":{"line":120,"column":3}},"72":{"start":{"line":110,"column":2},"end":{"line":119,"column":3}},"73":{"start":{"line":111,"column":4},"end":{"line":111,"column":22}},"74":{"start":{"line":112,"column":8},"end":{"line":119,"column":3}},"75":{"start":{"line":113,"column":4},"end":{"line":113,"column":74}},"76":{"start":{"line":115,"column":21},"end":{"line":115,"column":50}},"77":{"start":{"line":116,"column":4},"end":{"line":118,"column":7}},"78":{"start":{"line":117,"column":6},"end":{"line":117,"column":38}},"79":{"start":{"line":122,"column":0},"end":{"line":144,"column":3}},"80":{"start":{"line":123,"column":2},"end":{"line":143,"column":3}},"81":{"start":{"line":124,"column":4},"end":{"line":124,"column":22}},"82":{"start":{"line":125,"column":8},"end":{"line":143,"column":3}},"83":{"start":{"line":126,"column":4},"end":{"line":126,"column":74}},"84":{"start":{"line":128,"column":21},"end":{"line":128,"column":50}},"85":{"start":{"line":129,"column":19},"end":{"line":129,"column":46}},"86":{"start":{"line":130,"column":16},"end":{"line":130,"column":40}},"87":{"start":{"line":131,"column":18},"end":{"line":131,"column":44}},"88":{"start":{"line":132,"column":19},"end":{"line":132,"column":46}},"89":{"start":{"line":133,"column":17},"end":{"line":133,"column":42}},"90":{"start":{"line":134,"column":4},"end":{"line":136,"column":5}},"91":{"start":{"line":135,"column":6},"end":{"line":135,"column":61}},"92":{"start":{"line":137,"column":18},"end":{"line":137,"column":44}},"93":{"start":{"line":138,"column":18},"end":{"line":138,"column":85}},"94":{"start":{"line":139,"column":15},"end":{"line":139,"column":56}},"95":{"start":{"line":140,"column":4},"end":{"line":142,"column":7}},"96":{"start":{"line":141,"column":6},"end":{"line":141,"column":38}},"97":{"start":{"line":146,"column":0},"end":{"line":146,"column":24}}},"fnMap":{"0":{"name":"(anonymous_0)","decl":{"start":{"line":8,"column":16},"end":{"line":8,"column":17}},"loc":{"start":{"line":8,"column":41},"end":{"line":12,"column":1}},"line":8},"1":{"name":"(anonymous_1)","decl":{"start":{"line":9,"column":30},"end":{"line":9,"column":31}},"loc":{"start":{"line":9,"column":46},"end":{"line":11,"column":3}},"line":9},"2":{"name":"(anonymous_2)","decl":{"start":{"line":14,"column":28},"end":{"line":14,"column":29}},"loc":{"start":{"line":14,"column":53},"end":{"line":17,"column":1}},"line":14},"3":{"name":"(anonymous_3)","decl":{"start":{"line":19,"column":34},"end":{"line":19,"column":35}},"loc":{"start":{"line":19,"column":59},"end":{"line":56,"column":1}},"line":19},"4":{"name":"(anonymous_4)","decl":{"start":{"line":40,"column":34},"end":{"line":40,"column":35}},"loc":{"start":{"line":40,"column":50},"end":{"line":55,"column":3}},"line":40},"5":{"name":"(anonymous_5)","decl":{"start":{"line":44,"column":68},"end":{"line":44,"column":69}},"loc":{"start":{"line":44,"column":84},"end":{"line":44,"column":87}},"line":44},"6":{"name":"onLoginFail","decl":{"start":{"line":60,"column":9},"end":{"line":60,"column":20}},"loc":{"start":{"line":60,"column":26},"end":{"line":64,"column":1}},"line":60},"7":{"name":"onLoginSuccess","decl":{"start":{"line":66,"column":9},"end":{"line":66,"column":23}},"loc":{"start":{"line":66,"column":29},"end":{"line":66,"column":75}},"line":66},"8":{"name":"(anonymous_8)","decl":{"start":{"line":70,"column":12},"end":{"line":70,"column":13}},"loc":{"start":{"line":70,"column":23},"end":{"line":76,"column":1}},"line":70},"9":{"name":"(anonymous_9)","decl":{"start":{"line":78,"column":37},"end":{"line":78,"column":38}},"loc":{"start":{"line":78,"column":62},"end":{"line":107,"column":1}},"line":78},"10":{"name":"(anonymous_10)","decl":{"start":{"line":86,"column":43},"end":{"line":86,"column":44}},"loc":{"start":{"line":86,"column":59},"end":{"line":105,"column":5}},"line":86},"11":{"name":"(anonymous_11)","decl":{"start":{"line":90,"column":40},"end":{"line":90,"column":41}},"loc":{"start":{"line":90,"column":56},"end":{"line":97,"column":9}},"line":90},"12":{"name":"(anonymous_12)","decl":{"start":{"line":109,"column":37},"end":{"line":109,"column":38}},"loc":{"start":{"line":109,"column":62},"end":{"line":120,"column":1}},"line":109},"13":{"name":"(anonymous_13)","decl":{"start":{"line":116,"column":54},"end":{"line":116,"column":55}},"loc":{"start":{"line":116,"column":70},"end":{"line":118,"column":5}},"line":116},"14":{"name":"(anonymous_14)","decl":{"start":{"line":122,"column":32},"end":{"line":122,"column":33}},"loc":{"start":{"line":122,"column":57},"end":{"line":144,"column":1}},"line":122},"15":{"name":"(anonymous_15)","decl":{"start":{"line":140,"column":57},"end":{"line":140,"column":58}},"loc":{"start":{"line":140,"column":73},"end":{"line":142,"column":5}},"line":140}},"branchMap":{"0":{"loc":{"start":{"line":31,"column":2},"end":{"line":32,"column":57}},"type":"if","locations":[{"start":{"line":31,"column":2},"end":{"line":32,"column":57}},{"start":{},"end":{}}],"line":31},"1":{"loc":{"start":{"line":38,"column":4},"end":{"line":39,"column":60}},"type":"if","locations":[{"start":{"line":38,"column":4},"end":{"line":39,"column":60}},{"start":{},"end":{}}],"line":38},"2":{"loc":{"start":{"line":41,"column":6},"end":{"line":54,"column":7}},"type":"if","locations":[{"start":{"line":41,"column":6},"end":{"line":54,"column":7}},{"start":{"line":43,"column":11},"end":{"line":54,"column":7}}],"line":41},"3":{"loc":{"start":{"line":44,"column":8},"end":{"line":53,"column":23}},"type":"if","locations":[{"start":{"line":44,"column":8},"end":{"line":53,"column":23}},{"start":{"line":53,"column":13},"end":{"line":53,"column":23}}],"line":44},"4":{"loc":{"start":{"line":61,"column":49},"end":{"line":61,"column":118}},"type":"binary-expr","locations":[{"start":{"line":61,"column":49},"end":{"line":61,"column":83}},{"start":{"line":61,"column":87},"end":{"line":61,"column":118}}],"line":61},"5":{"loc":{"start":{"line":72,"column":8},"end":{"line":74,"column":9}},"type":"if","locations":[{"start":{"line":72,"column":8},"end":{"line":74,"column":9}},{"start":{},"end":{}}],"line":72},"6":{"loc":{"start":{"line":80,"column":2},"end":{"line":106,"column":3}},"type":"if","locations":[{"start":{"line":80,"column":2},"end":{"line":106,"column":3}},{"start":{"line":83,"column":7},"end":{"line":106,"column":3}}],"line":80},"7":{"loc":{"start":{"line":80,"column":6},"end":{"line":80,"column":33}},"type":"binary-expr","locations":[{"start":{"line":80,"column":6},"end":{"line":80,"column":7}},{"start":{"line":80,"column":11},"end":{"line":80,"column":33}}],"line":80},"8":{"loc":{"start":{"line":88,"column":6},"end":{"line":104,"column":7}},"type":"if","locations":[{"start":{"line":88,"column":6},"end":{"line":104,"column":7}},{"start":{"line":99,"column":11},"end":{"line":104,"column":7}}],"line":88},"9":{"loc":{"start":{"line":88,"column":9},"end":{"line":88,"column":45}},"type":"binary-expr","locations":[{"start":{"line":88,"column":9},"end":{"line":88,"column":15}},{"start":{"line":88,"column":19},"end":{"line":88,"column":45}}],"line":88},"10":{"loc":{"start":{"line":99,"column":11},"end":{"line":104,"column":7}},"type":"if","locations":[{"start":{"line":99,"column":11},"end":{"line":104,"column":7}},{"start":{"line":101,"column":13},"end":{"line":104,"column":7}}],"line":99},"11":{"loc":{"start":{"line":99,"column":15},"end":{"line":99,"column":51}},"type":"binary-expr","locations":[{"start":{"line":99,"column":15},"end":{"line":99,"column":21}},{"start":{"line":99,"column":25},"end":{"line":99,"column":51}}],"line":99},"12":{"loc":{"start":{"line":110,"column":2},"end":{"line":119,"column":3}},"type":"if","locations":[{"start":{"line":110,"column":2},"end":{"line":119,"column":3}},{"start":{"line":112,"column":8},"end":{"line":119,"column":3}}],"line":110},"13":{"loc":{"start":{"line":112,"column":8},"end":{"line":119,"column":3}},"type":"if","locations":[{"start":{"line":112,"column":8},"end":{"line":119,"column":3}},{"start":{"line":114,"column":9},"end":{"line":119,"column":3}}],"line":112},"14":{"loc":{"start":{"line":123,"column":2},"end":{"line":143,"column":3}},"type":"if","locations":[{"start":{"line":123,"column":2},"end":{"line":143,"column":3}},{"start":{"line":125,"column":8},"end":{"line":143,"column":3}}],"line":123},"15":{"loc":{"start":{"line":125,"column":8},"end":{"line":143,"column":3}},"type":"if","locations":[{"start":{"line":125,"column":8},"end":{"line":143,"column":3}},{"start":{"line":127,"column":9},"end":{"line":143,"column":3}}],"line":125},"16":{"loc":{"start":{"line":134,"column":4},"end":{"line":136,"column":5}},"type":"if","locations":[{"start":{"line":134,"column":4},"end":{"line":136,"column":5}},{"start":{},"end":{}}],"line":134},"17":{"loc":{"start":{"line":134,"column":7},"end":{"line":134,"column":57}},"type":"binary-expr","locations":[{"start":{"line":134,"column":7},"end":{"line":134,"column":30}},{"start":{"line":134,"column":34},"end":{"line":134,"column":57}}],"line":134}},"s":{"0":1,"1":1,"2":1,"3":1,"4":1,"5":1,"6":0,"7":0,"8":1,"9":0,"10":0,"11":1,"12":0,"13":0,"14":0,"15":0,"16":0,"17":0,"18":0,"19":0,"20":0,"21":0,"22":0,"23":0,"24":0,"25":0,"26":0,"27":0,"28":0,"29":0,"30":0,"31":0,"32":0,"33":0,"34":0,"35":0,"36":0,"37":0,"38":0,"39":0,"40":1,"41":0,"42":0,"43":0,"44":0,"45":1,"46":1,"47":1,"48":0,"49":0,"50":0,"51":1,"52":0,"53":0,"54":0,"55":0,"56":0,"57":0,"58":0,"59":0,"60":0,"61":0,"62":0,"63":0,"64":0,"65":0,"66":0,"67":0,"68":0,"69":0,"70":0,"71":1,"72":0,"73":0,"74":0,"75":0,"76":0,"77":0,"78":0,"79":1,"80":0,"81":0,"82":0,"83":0,"84":0,"85":0,"86":0,"87":0,"88":0,"89":0,"90":0,"91":0,"92":0,"93":0,"94":0,"95":0,"96":0,"97":1},"f":{"0":0,"1":0,"2":0,"3":0,"4":0,"5":0,"6":0,"7":0,"8":0,"9":0,"10":0,"11":0,"12":0,"13":0,"14":0,"15":0},"b":{"0":[0,0],"1":[0,0],"2":[0,0],"3":[0,0],"4":[0,0],"5":[0,0],"6":[0,0],"7":[0,0],"8":[0,0],"9":[0,0],"10":[0,0],"11":[0,0],"12":[0,0],"13":[0,0],"14":[0,0],"15":[0,0],"16":[0,0],"17":[0,0]},"_coverageSchema":"1a1c01bbd47fc00a2c39e90264f33305004495a9","hash":"bce501803b33bdbc2ef0f2b30852e49de98bb3ca"}
}
