{"C:\\ecole offline\\SR10\\projet\\git repo\\sr10_p2023_bridoux_perrette\\PaulEmploi\\app.js": {"path":"C:\\ecole offline\\SR10\\projet\\git repo\\sr10_p2023_bridoux_perrette\\PaulEmploi\\app.js","statementMap":{"0":{"start":{"line":1,"column":18},"end":{"line":1,"column":40}},"1":{"start":{"line":2,"column":14},"end":{"line":2,"column":32}},"2":{"start":{"line":3,"column":14},"end":{"line":3,"column":40}},"3":{"start":{"line":4,"column":11},"end":{"line":4,"column":26}},"4":{"start":{"line":5,"column":19},"end":{"line":5,"column":43}},"5":{"start":{"line":6,"column":13},"end":{"line":6,"column":30}},"6":{"start":{"line":7,"column":9},"end":{"line":7,"column":24}},"7":{"start":{"line":9,"column":18},"end":{"line":9,"column":43}},"8":{"start":{"line":10,"column":25},"end":{"line":10,"column":57}},"9":{"start":{"line":11,"column":21},"end":{"line":11,"column":49}},"10":{"start":{"line":12,"column":17},"end":{"line":12,"column":39}},"11":{"start":{"line":13,"column":18},"end":{"line":13,"column":52}},"12":{"start":{"line":14,"column":19},"end":{"line":14,"column":48}},"13":{"start":{"line":15,"column":19},"end":{"line":15,"column":46}},"14":{"start":{"line":16,"column":16},"end":{"line":16,"column":39}},"15":{"start":{"line":18,"column":10},"end":{"line":18,"column":19}},"16":{"start":{"line":21,"column":0},"end":{"line":21,"column":48}},"17":{"start":{"line":22,"column":0},"end":{"line":22,"column":30}},"18":{"start":{"line":24,"column":0},"end":{"line":24,"column":16}},"19":{"start":{"line":25,"column":0},"end":{"line":25,"column":23}},"20":{"start":{"line":26,"column":0},"end":{"line":26,"column":24}},"21":{"start":{"line":27,"column":0},"end":{"line":27,"column":49}},"22":{"start":{"line":28,"column":0},"end":{"line":28,"column":24}},"23":{"start":{"line":29,"column":0},"end":{"line":29,"column":56}},"24":{"start":{"line":31,"column":0},"end":{"line":31,"column":103}},"25":{"start":{"line":33,"column":0},"end":{"line":33,"column":26}},"26":{"start":{"line":34,"column":0},"end":{"line":34,"column":45}},"27":{"start":{"line":35,"column":0},"end":{"line":35,"column":37}},"28":{"start":{"line":36,"column":0},"end":{"line":36,"column":29}},"29":{"start":{"line":37,"column":0},"end":{"line":37,"column":40}},"30":{"start":{"line":38,"column":0},"end":{"line":38,"column":36}},"31":{"start":{"line":39,"column":0},"end":{"line":39,"column":34}},"32":{"start":{"line":40,"column":0},"end":{"line":40,"column":27}},"33":{"start":{"line":43,"column":0},"end":{"line":45,"column":3}},"34":{"start":{"line":44,"column":2},"end":{"line":44,"column":25}},"35":{"start":{"line":48,"column":0},"end":{"line":56,"column":3}},"36":{"start":{"line":50,"column":2},"end":{"line":50,"column":35}},"37":{"start":{"line":51,"column":2},"end":{"line":51,"column":69}},"38":{"start":{"line":54,"column":2},"end":{"line":54,"column":32}},"39":{"start":{"line":55,"column":2},"end":{"line":55,"column":22}},"40":{"start":{"line":58,"column":0},"end":{"line":58,"column":21}}},"fnMap":{"0":{"name":"(anonymous_0)","decl":{"start":{"line":43,"column":8},"end":{"line":43,"column":9}},"loc":{"start":{"line":43,"column":33},"end":{"line":45,"column":1}},"line":43},"1":{"name":"(anonymous_1)","decl":{"start":{"line":48,"column":8},"end":{"line":48,"column":9}},"loc":{"start":{"line":48,"column":38},"end":{"line":56,"column":1}},"line":48}},"branchMap":{"0":{"loc":{"start":{"line":51,"column":21},"end":{"line":51,"column":68}},"type":"cond-expr","locations":[{"start":{"line":51,"column":60},"end":{"line":51,"column":63}},{"start":{"line":51,"column":66},"end":{"line":51,"column":68}}],"line":51},"1":{"loc":{"start":{"line":54,"column":13},"end":{"line":54,"column":30}},"type":"binary-expr","locations":[{"start":{"line":54,"column":13},"end":{"line":54,"column":23}},{"start":{"line":54,"column":27},"end":{"line":54,"column":30}}],"line":54}},"s":{"0":1,"1":1,"2":1,"3":1,"4":1,"5":1,"6":1,"7":1,"8":1,"9":1,"10":1,"11":1,"12":1,"13":1,"14":1,"15":1,"16":1,"17":1,"18":1,"19":1,"20":1,"21":1,"22":1,"23":1,"24":1,"25":1,"26":1,"27":1,"28":1,"29":1,"30":1,"31":1,"32":1,"33":1,"34":0,"35":1,"36":0,"37":0,"38":0,"39":0,"40":1},"f":{"0":0,"1":0},"b":{"0":[0,0],"1":[0,0]},"_coverageSchema":"1a1c01bbd47fc00a2c39e90264f33305004495a9","hash":"2d257ba105274cfc3c9eca57b31f498e31540500"}
,"C:\\ecole offline\\SR10\\projet\\git repo\\sr10_p2023_bridoux_perrette\\PaulEmploi\\model\\candidatures.js": {"path":"C:\\ecole offline\\SR10\\projet\\git repo\\sr10_p2023_bridoux_perrette\\PaulEmploi\\model\\candidatures.js","statementMap":{"0":{"start":{"line":1,"column":9},"end":{"line":1,"column":29}},"1":{"start":{"line":3,"column":0},"end":{"line":63,"column":1}},"2":{"start":{"line":6,"column":8},"end":{"line":9,"column":11}},"3":{"start":{"line":7,"column":12},"end":{"line":7,"column":31}},"4":{"start":{"line":7,"column":21},"end":{"line":7,"column":31}},"5":{"start":{"line":8,"column":12},"end":{"line":8,"column":30}},"6":{"start":{"line":12,"column":8},"end":{"line":12,"column":29}},"7":{"start":{"line":13,"column":8},"end":{"line":16,"column":11}},"8":{"start":{"line":14,"column":12},"end":{"line":14,"column":31}},"9":{"start":{"line":14,"column":21},"end":{"line":14,"column":31}},"10":{"start":{"line":15,"column":12},"end":{"line":15,"column":30}},"11":{"start":{"line":19,"column":8},"end":{"line":22,"column":11}},"12":{"start":{"line":20,"column":8},"end":{"line":20,"column":27}},"13":{"start":{"line":20,"column":17},"end":{"line":20,"column":27}},"14":{"start":{"line":21,"column":8},"end":{"line":21,"column":26}},"15":{"start":{"line":25,"column":8},"end":{"line":28,"column":11}},"16":{"start":{"line":26,"column":12},"end":{"line":26,"column":31}},"17":{"start":{"line":26,"column":21},"end":{"line":26,"column":31}},"18":{"start":{"line":27,"column":12},"end":{"line":27,"column":30}},"19":{"start":{"line":31,"column":8},"end":{"line":31,"column":114}},"20":{"start":{"line":31,"column":40},"end":{"line":31,"column":114}},"21":{"start":{"line":32,"column":8},"end":{"line":32,"column":38}},"22":{"start":{"line":33,"column":8},"end":{"line":35,"column":9}},"23":{"start":{"line":33,"column":21},"end":{"line":33,"column":22}},"24":{"start":{"line":34,"column":12},"end":{"line":34,"column":46}},"25":{"start":{"line":36,"column":8},"end":{"line":36,"column":63}},"26":{"start":{"line":37,"column":8},"end":{"line":37,"column":25}},"27":{"start":{"line":38,"column":8},"end":{"line":41,"column":15}},"28":{"start":{"line":39,"column":12},"end":{"line":39,"column":31}},"29":{"start":{"line":39,"column":21},"end":{"line":39,"column":31}},"30":{"start":{"line":40,"column":12},"end":{"line":40,"column":30}},"31":{"start":{"line":42,"column":8},"end":{"line":42,"column":20}},"32":{"start":{"line":45,"column":19},"end":{"line":45,"column":36}},"33":{"start":{"line":46,"column":8},"end":{"line":49,"column":11}},"34":{"start":{"line":47,"column":8},"end":{"line":47,"column":27}},"35":{"start":{"line":47,"column":17},"end":{"line":47,"column":27}},"36":{"start":{"line":48,"column":8},"end":{"line":48,"column":26}},"37":{"start":{"line":52,"column":19},"end":{"line":52,"column":56}},"38":{"start":{"line":54,"column":8},"end":{"line":54,"column":35}},"39":{"start":{"line":55,"column":8},"end":{"line":55,"column":29}},"40":{"start":{"line":56,"column":19},"end":{"line":56,"column":51}},"41":{"start":{"line":57,"column":18},"end":{"line":57,"column":73}},"42":{"start":{"line":58,"column":8},"end":{"line":61,"column":11}},"43":{"start":{"line":59,"column":12},"end":{"line":59,"column":31}},"44":{"start":{"line":59,"column":21},"end":{"line":59,"column":31}},"45":{"start":{"line":60,"column":12},"end":{"line":60,"column":30}}},"fnMap":{"0":{"name":"(anonymous_0)","decl":{"start":{"line":4,"column":10},"end":{"line":4,"column":11}},"loc":{"start":{"line":4,"column":46},"end":{"line":10,"column":5}},"line":4},"1":{"name":"(anonymous_1)","decl":{"start":{"line":6,"column":85},"end":{"line":6,"column":86}},"loc":{"start":{"line":6,"column":108},"end":{"line":9,"column":9}},"line":6},"2":{"name":"(anonymous_2)","decl":{"start":{"line":11,"column":23},"end":{"line":11,"column":24}},"loc":{"start":{"line":11,"column":53},"end":{"line":17,"column":5}},"line":11},"3":{"name":"(anonymous_3)","decl":{"start":{"line":13,"column":204},"end":{"line":13,"column":205}},"loc":{"start":{"line":13,"column":227},"end":{"line":16,"column":9}},"line":13},"4":{"name":"(anonymous_4)","decl":{"start":{"line":18,"column":13},"end":{"line":18,"column":14}},"loc":{"start":{"line":18,"column":33},"end":{"line":23,"column":5}},"line":18},"5":{"name":"(anonymous_5)","decl":{"start":{"line":19,"column":47},"end":{"line":19,"column":48}},"loc":{"start":{"line":19,"column":71},"end":{"line":22,"column":9}},"line":19},"6":{"name":"(anonymous_6)","decl":{"start":{"line":24,"column":20},"end":{"line":24,"column":21}},"loc":{"start":{"line":24,"column":56},"end":{"line":29,"column":5}},"line":24},"7":{"name":"(anonymous_7)","decl":{"start":{"line":25,"column":73},"end":{"line":25,"column":74}},"loc":{"start":{"line":25,"column":96},"end":{"line":28,"column":9}},"line":25},"8":{"name":"(anonymous_8)","decl":{"start":{"line":30,"column":13},"end":{"line":30,"column":14}},"loc":{"start":{"line":30,"column":57},"end":{"line":43,"column":5}},"line":30},"9":{"name":"(anonymous_9)","decl":{"start":{"line":38,"column":37},"end":{"line":38,"column":38}},"loc":{"start":{"line":38,"column":61},"end":{"line":41,"column":13}},"line":38},"10":{"name":"(anonymous_10)","decl":{"start":{"line":44,"column":12},"end":{"line":44,"column":13}},"loc":{"start":{"line":44,"column":49},"end":{"line":50,"column":5}},"line":44},"11":{"name":"(anonymous_11)","decl":{"start":{"line":46,"column":79},"end":{"line":46,"column":80}},"loc":{"start":{"line":46,"column":103},"end":{"line":49,"column":9}},"line":46},"12":{"name":"(anonymous_12)","decl":{"start":{"line":51,"column":12},"end":{"line":51,"column":13}},"loc":{"start":{"line":51,"column":58},"end":{"line":62,"column":5}},"line":51},"13":{"name":"(anonymous_13)","decl":{"start":{"line":58,"column":27},"end":{"line":58,"column":28}},"loc":{"start":{"line":58,"column":51},"end":{"line":61,"column":9}},"line":58}},"branchMap":{"0":{"loc":{"start":{"line":7,"column":12},"end":{"line":7,"column":31}},"type":"if","locations":[{"start":{"line":7,"column":12},"end":{"line":7,"column":31}},{"start":{},"end":{}}],"line":7},"1":{"loc":{"start":{"line":14,"column":12},"end":{"line":14,"column":31}},"type":"if","locations":[{"start":{"line":14,"column":12},"end":{"line":14,"column":31}},{"start":{},"end":{}}],"line":14},"2":{"loc":{"start":{"line":20,"column":8},"end":{"line":20,"column":27}},"type":"if","locations":[{"start":{"line":20,"column":8},"end":{"line":20,"column":27}},{"start":{},"end":{}}],"line":20},"3":{"loc":{"start":{"line":26,"column":12},"end":{"line":26,"column":31}},"type":"if","locations":[{"start":{"line":26,"column":12},"end":{"line":26,"column":31}},{"start":{},"end":{}}],"line":26},"4":{"loc":{"start":{"line":31,"column":8},"end":{"line":31,"column":114}},"type":"if","locations":[{"start":{"line":31,"column":8},"end":{"line":31,"column":114}},{"start":{},"end":{}}],"line":31},"5":{"loc":{"start":{"line":39,"column":12},"end":{"line":39,"column":31}},"type":"if","locations":[{"start":{"line":39,"column":12},"end":{"line":39,"column":31}},{"start":{},"end":{}}],"line":39},"6":{"loc":{"start":{"line":47,"column":8},"end":{"line":47,"column":27}},"type":"if","locations":[{"start":{"line":47,"column":8},"end":{"line":47,"column":27}},{"start":{},"end":{}}],"line":47},"7":{"loc":{"start":{"line":59,"column":12},"end":{"line":59,"column":31}},"type":"if","locations":[{"start":{"line":59,"column":12},"end":{"line":59,"column":31}},{"start":{},"end":{}}],"line":59}},"s":{"0":1,"1":1,"2":0,"3":0,"4":0,"5":0,"6":0,"7":0,"8":0,"9":0,"10":0,"11":0,"12":0,"13":0,"14":0,"15":0,"16":0,"17":0,"18":0,"19":0,"20":0,"21":0,"22":0,"23":0,"24":0,"25":0,"26":0,"27":0,"28":0,"29":0,"30":0,"31":0,"32":0,"33":0,"34":0,"35":0,"36":0,"37":0,"38":0,"39":0,"40":0,"41":0,"42":0,"43":0,"44":0,"45":0},"f":{"0":0,"1":0,"2":0,"3":0,"4":0,"5":0,"6":0,"7":0,"8":0,"9":0,"10":0,"11":0,"12":0,"13":0},"b":{"0":[0,0],"1":[0,0],"2":[0,0],"3":[0,0],"4":[0,0],"5":[0,0],"6":[0,0],"7":[0,0]},"_coverageSchema":"1a1c01bbd47fc00a2c39e90264f33305004495a9","hash":"6b0423c81cb094b699df9b88549931864b81a03d"}
,"C:\\ecole offline\\SR10\\projet\\git repo\\sr10_p2023_bridoux_perrette\\PaulEmploi\\model\\fiche_postes.js": {"path":"C:\\ecole offline\\SR10\\projet\\git repo\\sr10_p2023_bridoux_perrette\\PaulEmploi\\model\\fiche_postes.js","statementMap":{"0":{"start":{"line":1,"column":9},"end":{"line":1,"column":29}},"1":{"start":{"line":3,"column":0},"end":{"line":71,"column":1}},"2":{"start":{"line":5,"column":8},"end":{"line":8,"column":11}},"3":{"start":{"line":6,"column":12},"end":{"line":6,"column":31}},"4":{"start":{"line":6,"column":21},"end":{"line":6,"column":31}},"5":{"start":{"line":7,"column":12},"end":{"line":7,"column":30}},"6":{"start":{"line":11,"column":19},"end":{"line":11,"column":130}},"7":{"start":{"line":12,"column":8},"end":{"line":14,"column":45}},"8":{"start":{"line":15,"column":8},"end":{"line":18,"column":11}},"9":{"start":{"line":16,"column":12},"end":{"line":16,"column":31}},"10":{"start":{"line":16,"column":21},"end":{"line":16,"column":31}},"11":{"start":{"line":17,"column":12},"end":{"line":17,"column":30}},"12":{"start":{"line":21,"column":8},"end":{"line":24,"column":11}},"13":{"start":{"line":22,"column":12},"end":{"line":22,"column":31}},"14":{"start":{"line":22,"column":21},"end":{"line":22,"column":31}},"15":{"start":{"line":23,"column":12},"end":{"line":23,"column":30}},"16":{"start":{"line":27,"column":8},"end":{"line":30,"column":11}},"17":{"start":{"line":28,"column":8},"end":{"line":28,"column":27}},"18":{"start":{"line":28,"column":17},"end":{"line":28,"column":27}},"19":{"start":{"line":29,"column":8},"end":{"line":29,"column":26}},"20":{"start":{"line":33,"column":8},"end":{"line":36,"column":11}},"21":{"start":{"line":34,"column":8},"end":{"line":34,"column":27}},"22":{"start":{"line":34,"column":17},"end":{"line":34,"column":27}},"23":{"start":{"line":35,"column":8},"end":{"line":35,"column":26}},"24":{"start":{"line":39,"column":19},"end":{"line":39,"column":130}},"25":{"start":{"line":40,"column":18},"end":{"line":40,"column":77}},"26":{"start":{"line":41,"column":8},"end":{"line":44,"column":15}},"27":{"start":{"line":42,"column":12},"end":{"line":42,"column":31}},"28":{"start":{"line":42,"column":21},"end":{"line":42,"column":31}},"29":{"start":{"line":43,"column":12},"end":{"line":43,"column":30}},"30":{"start":{"line":47,"column":8},"end":{"line":47,"column":114}},"31":{"start":{"line":47,"column":40},"end":{"line":47,"column":114}},"32":{"start":{"line":48,"column":8},"end":{"line":53,"column":9}},"33":{"start":{"line":48,"column":21},"end":{"line":48,"column":22}},"34":{"start":{"line":49,"column":12},"end":{"line":52,"column":19}},"35":{"start":{"line":50,"column":16},"end":{"line":50,"column":35}},"36":{"start":{"line":50,"column":25},"end":{"line":50,"column":35}},"37":{"start":{"line":51,"column":16},"end":{"line":51,"column":34}},"38":{"start":{"line":56,"column":8},"end":{"line":56,"column":114}},"39":{"start":{"line":56,"column":40},"end":{"line":56,"column":114}},"40":{"start":{"line":57,"column":8},"end":{"line":57,"column":38}},"41":{"start":{"line":58,"column":8},"end":{"line":60,"column":9}},"42":{"start":{"line":58,"column":21},"end":{"line":58,"column":22}},"43":{"start":{"line":59,"column":12},"end":{"line":59,"column":46}},"44":{"start":{"line":61,"column":8},"end":{"line":61,"column":57}},"45":{"start":{"line":62,"column":8},"end":{"line":62,"column":25}},"46":{"start":{"line":63,"column":8},"end":{"line":66,"column":15}},"47":{"start":{"line":64,"column":12},"end":{"line":64,"column":31}},"48":{"start":{"line":64,"column":21},"end":{"line":64,"column":31}},"49":{"start":{"line":65,"column":12},"end":{"line":65,"column":30}},"50":{"start":{"line":67,"column":8},"end":{"line":67,"column":20}}},"fnMap":{"0":{"name":"(anonymous_0)","decl":{"start":{"line":4,"column":10},"end":{"line":4,"column":11}},"loc":{"start":{"line":4,"column":40},"end":{"line":9,"column":5}},"line":4},"1":{"name":"(anonymous_1)","decl":{"start":{"line":5,"column":74},"end":{"line":5,"column":75}},"loc":{"start":{"line":5,"column":97},"end":{"line":8,"column":9}},"line":5},"2":{"name":"(anonymous_2)","decl":{"start":{"line":10,"column":16},"end":{"line":10,"column":17}},"loc":{"start":{"line":10,"column":147},"end":{"line":19,"column":5}},"line":10},"3":{"name":"(anonymous_3)","decl":{"start":{"line":15,"column":29},"end":{"line":15,"column":30}},"loc":{"start":{"line":15,"column":52},"end":{"line":18,"column":9}},"line":15},"4":{"name":"(anonymous_4)","decl":{"start":{"line":20,"column":20},"end":{"line":20,"column":21}},"loc":{"start":{"line":20,"column":56},"end":{"line":25,"column":5}},"line":20},"5":{"name":"(anonymous_5)","decl":{"start":{"line":21,"column":73},"end":{"line":21,"column":74}},"loc":{"start":{"line":21,"column":96},"end":{"line":24,"column":9}},"line":21},"6":{"name":"(anonymous_6)","decl":{"start":{"line":26,"column":13},"end":{"line":26,"column":14}},"loc":{"start":{"line":26,"column":33},"end":{"line":31,"column":5}},"line":26},"7":{"name":"(anonymous_7)","decl":{"start":{"line":27,"column":47},"end":{"line":27,"column":48}},"loc":{"start":{"line":27,"column":71},"end":{"line":30,"column":9}},"line":27},"8":{"name":"(anonymous_8)","decl":{"start":{"line":32,"column":12},"end":{"line":32,"column":13}},"loc":{"start":{"line":32,"column":41},"end":{"line":37,"column":5}},"line":32},"9":{"name":"(anonymous_9)","decl":{"start":{"line":33,"column":71},"end":{"line":33,"column":72}},"loc":{"start":{"line":33,"column":95},"end":{"line":36,"column":9}},"line":33},"10":{"name":"(anonymous_10)","decl":{"start":{"line":38,"column":12},"end":{"line":38,"column":13}},"loc":{"start":{"line":38,"column":143},"end":{"line":45,"column":5}},"line":38},"11":{"name":"(anonymous_11)","decl":{"start":{"line":41,"column":27},"end":{"line":41,"column":28}},"loc":{"start":{"line":41,"column":51},"end":{"line":44,"column":13}},"line":41},"12":{"name":"(anonymous_12)","decl":{"start":{"line":46,"column":13},"end":{"line":46,"column":14}},"loc":{"start":{"line":46,"column":53},"end":{"line":54,"column":5}},"line":46},"13":{"name":"(anonymous_13)","decl":{"start":{"line":49,"column":103},"end":{"line":49,"column":104}},"loc":{"start":{"line":49,"column":127},"end":{"line":52,"column":17}},"line":49},"14":{"name":"(anonymous_14)","decl":{"start":{"line":55,"column":13},"end":{"line":55,"column":14}},"loc":{"start":{"line":55,"column":52},"end":{"line":68,"column":5}},"line":55},"15":{"name":"(anonymous_15)","decl":{"start":{"line":63,"column":31},"end":{"line":63,"column":32}},"loc":{"start":{"line":63,"column":55},"end":{"line":66,"column":13}},"line":63}},"branchMap":{"0":{"loc":{"start":{"line":6,"column":12},"end":{"line":6,"column":31}},"type":"if","locations":[{"start":{"line":6,"column":12},"end":{"line":6,"column":31}},{"start":{},"end":{}}],"line":6},"1":{"loc":{"start":{"line":16,"column":12},"end":{"line":16,"column":31}},"type":"if","locations":[{"start":{"line":16,"column":12},"end":{"line":16,"column":31}},{"start":{},"end":{}}],"line":16},"2":{"loc":{"start":{"line":22,"column":12},"end":{"line":22,"column":31}},"type":"if","locations":[{"start":{"line":22,"column":12},"end":{"line":22,"column":31}},{"start":{},"end":{}}],"line":22},"3":{"loc":{"start":{"line":28,"column":8},"end":{"line":28,"column":27}},"type":"if","locations":[{"start":{"line":28,"column":8},"end":{"line":28,"column":27}},{"start":{},"end":{}}],"line":28},"4":{"loc":{"start":{"line":34,"column":8},"end":{"line":34,"column":27}},"type":"if","locations":[{"start":{"line":34,"column":8},"end":{"line":34,"column":27}},{"start":{},"end":{}}],"line":34},"5":{"loc":{"start":{"line":42,"column":12},"end":{"line":42,"column":31}},"type":"if","locations":[{"start":{"line":42,"column":12},"end":{"line":42,"column":31}},{"start":{},"end":{}}],"line":42},"6":{"loc":{"start":{"line":47,"column":8},"end":{"line":47,"column":114}},"type":"if","locations":[{"start":{"line":47,"column":8},"end":{"line":47,"column":114}},{"start":{},"end":{}}],"line":47},"7":{"loc":{"start":{"line":50,"column":16},"end":{"line":50,"column":35}},"type":"if","locations":[{"start":{"line":50,"column":16},"end":{"line":50,"column":35}},{"start":{},"end":{}}],"line":50},"8":{"loc":{"start":{"line":56,"column":8},"end":{"line":56,"column":114}},"type":"if","locations":[{"start":{"line":56,"column":8},"end":{"line":56,"column":114}},{"start":{},"end":{}}],"line":56},"9":{"loc":{"start":{"line":64,"column":12},"end":{"line":64,"column":31}},"type":"if","locations":[{"start":{"line":64,"column":12},"end":{"line":64,"column":31}},{"start":{},"end":{}}],"line":64}},"s":{"0":1,"1":1,"2":0,"3":0,"4":0,"5":0,"6":0,"7":0,"8":0,"9":0,"10":0,"11":0,"12":0,"13":0,"14":0,"15":0,"16":0,"17":0,"18":0,"19":0,"20":0,"21":0,"22":0,"23":0,"24":0,"25":0,"26":0,"27":0,"28":0,"29":0,"30":0,"31":0,"32":0,"33":0,"34":0,"35":0,"36":0,"37":0,"38":0,"39":0,"40":0,"41":0,"42":0,"43":0,"44":0,"45":0,"46":0,"47":0,"48":0,"49":0,"50":0},"f":{"0":0,"1":0,"2":0,"3":0,"4":0,"5":0,"6":0,"7":0,"8":0,"9":0,"10":0,"11":0,"12":0,"13":0,"14":0,"15":0},"b":{"0":[0,0],"1":[0,0],"2":[0,0],"3":[0,0],"4":[0,0],"5":[0,0],"6":[0,0],"7":[0,0],"8":[0,0],"9":[0,0]},"_coverageSchema":"1a1c01bbd47fc00a2c39e90264f33305004495a9","hash":"2d4d214dc88aa856beaa07a16327e72ef0836ff6"}
,"C:\\ecole offline\\SR10\\projet\\git repo\\sr10_p2023_bridoux_perrette\\PaulEmploi\\model\\offre_emplois.js": {"path":"C:\\ecole offline\\SR10\\projet\\git repo\\sr10_p2023_bridoux_perrette\\PaulEmploi\\model\\offre_emplois.js","statementMap":{"0":{"start":{"line":1,"column":9},"end":{"line":1,"column":29}},"1":{"start":{"line":3,"column":0},"end":{"line":178,"column":1}},"2":{"start":{"line":5,"column":8},"end":{"line":8,"column":11}},"3":{"start":{"line":6,"column":12},"end":{"line":6,"column":31}},"4":{"start":{"line":6,"column":21},"end":{"line":6,"column":31}},"5":{"start":{"line":7,"column":12},"end":{"line":7,"column":30}},"6":{"start":{"line":11,"column":8},"end":{"line":14,"column":11}},"7":{"start":{"line":12,"column":12},"end":{"line":12,"column":31}},"8":{"start":{"line":12,"column":21},"end":{"line":12,"column":31}},"9":{"start":{"line":13,"column":12},"end":{"line":13,"column":30}},"10":{"start":{"line":17,"column":16},"end":{"line":20,"column":64}},"11":{"start":{"line":21,"column":8},"end":{"line":24,"column":11}},"12":{"start":{"line":22,"column":12},"end":{"line":22,"column":31}},"13":{"start":{"line":22,"column":21},"end":{"line":22,"column":31}},"14":{"start":{"line":23,"column":12},"end":{"line":23,"column":30}},"15":{"start":{"line":27,"column":16},"end":{"line":30,"column":86}},"16":{"start":{"line":31,"column":8},"end":{"line":34,"column":11}},"17":{"start":{"line":32,"column":12},"end":{"line":32,"column":31}},"18":{"start":{"line":32,"column":21},"end":{"line":32,"column":31}},"19":{"start":{"line":33,"column":12},"end":{"line":33,"column":30}},"20":{"start":{"line":37,"column":16},"end":{"line":42,"column":85}},"21":{"start":{"line":43,"column":8},"end":{"line":46,"column":11}},"22":{"start":{"line":44,"column":12},"end":{"line":44,"column":31}},"23":{"start":{"line":44,"column":21},"end":{"line":44,"column":31}},"24":{"start":{"line":45,"column":12},"end":{"line":45,"column":30}},"25":{"start":{"line":49,"column":16},"end":{"line":55,"column":63}},"26":{"start":{"line":56,"column":8},"end":{"line":59,"column":11}},"27":{"start":{"line":57,"column":12},"end":{"line":57,"column":31}},"28":{"start":{"line":57,"column":21},"end":{"line":57,"column":31}},"29":{"start":{"line":58,"column":12},"end":{"line":58,"column":30}},"30":{"start":{"line":62,"column":16},"end":{"line":68,"column":45}},"31":{"start":{"line":69,"column":16},"end":{"line":69,"column":18}},"32":{"start":{"line":70,"column":16},"end":{"line":70,"column":18}},"33":{"start":{"line":71,"column":23},"end":{"line":71,"column":25}},"34":{"start":{"line":72,"column":23},"end":{"line":72,"column":25}},"35":{"start":{"line":73,"column":8},"end":{"line":73,"column":114}},"36":{"start":{"line":73,"column":40},"end":{"line":73,"column":114}},"37":{"start":{"line":74,"column":8},"end":{"line":87,"column":9}},"38":{"start":{"line":74,"column":21},"end":{"line":74,"column":22}},"39":{"start":{"line":75,"column":12},"end":{"line":86,"column":28}},"40":{"start":{"line":76,"column":16},"end":{"line":76,"column":66}},"41":{"start":{"line":77,"column":17},"end":{"line":86,"column":28}},"42":{"start":{"line":78,"column":16},"end":{"line":78,"column":22}},"43":{"start":{"line":79,"column":17},"end":{"line":86,"column":28}},"44":{"start":{"line":80,"column":16},"end":{"line":80,"column":21}},"45":{"start":{"line":81,"column":17},"end":{"line":86,"column":28}},"46":{"start":{"line":82,"column":16},"end":{"line":82,"column":54}},"47":{"start":{"line":83,"column":17},"end":{"line":86,"column":28}},"48":{"start":{"line":84,"column":16},"end":{"line":84,"column":29}},"49":{"start":{"line":85,"column":17},"end":{"line":86,"column":28}},"50":{"start":{"line":86,"column":16},"end":{"line":86,"column":28}},"51":{"start":{"line":88,"column":8},"end":{"line":92,"column":9}},"52":{"start":{"line":89,"column":12},"end":{"line":91,"column":81}},"53":{"start":{"line":93,"column":8},"end":{"line":95,"column":9}},"54":{"start":{"line":94,"column":12},"end":{"line":94,"column":90}},"55":{"start":{"line":96,"column":8},"end":{"line":96,"column":34}},"56":{"start":{"line":97,"column":8},"end":{"line":100,"column":20}},"57":{"start":{"line":98,"column":12},"end":{"line":98,"column":38}},"58":{"start":{"line":100,"column":12},"end":{"line":100,"column":20}},"59":{"start":{"line":101,"column":8},"end":{"line":101,"column":24}},"60":{"start":{"line":102,"column":8},"end":{"line":105,"column":11}},"61":{"start":{"line":103,"column":12},"end":{"line":103,"column":31}},"62":{"start":{"line":103,"column":21},"end":{"line":103,"column":31}},"63":{"start":{"line":104,"column":12},"end":{"line":104,"column":30}},"64":{"start":{"line":108,"column":16},"end":{"line":111,"column":97}},"65":{"start":{"line":112,"column":8},"end":{"line":115,"column":11}},"66":{"start":{"line":113,"column":12},"end":{"line":113,"column":31}},"67":{"start":{"line":113,"column":21},"end":{"line":113,"column":31}},"68":{"start":{"line":114,"column":12},"end":{"line":114,"column":30}},"69":{"start":{"line":118,"column":16},"end":{"line":121,"column":119}},"70":{"start":{"line":122,"column":8},"end":{"line":125,"column":11}},"71":{"start":{"line":123,"column":12},"end":{"line":123,"column":31}},"72":{"start":{"line":123,"column":21},"end":{"line":123,"column":31}},"73":{"start":{"line":124,"column":12},"end":{"line":124,"column":30}},"74":{"start":{"line":128,"column":16},"end":{"line":132,"column":62}},"75":{"start":{"line":133,"column":8},"end":{"line":136,"column":11}},"76":{"start":{"line":134,"column":12},"end":{"line":134,"column":31}},"77":{"start":{"line":134,"column":21},"end":{"line":134,"column":31}},"78":{"start":{"line":135,"column":12},"end":{"line":135,"column":30}},"79":{"start":{"line":139,"column":8},"end":{"line":142,"column":11}},"80":{"start":{"line":140,"column":12},"end":{"line":140,"column":31}},"81":{"start":{"line":140,"column":21},"end":{"line":140,"column":31}},"82":{"start":{"line":141,"column":12},"end":{"line":141,"column":30}},"83":{"start":{"line":145,"column":8},"end":{"line":148,"column":11}},"84":{"start":{"line":146,"column":8},"end":{"line":146,"column":27}},"85":{"start":{"line":146,"column":17},"end":{"line":146,"column":27}},"86":{"start":{"line":147,"column":8},"end":{"line":147,"column":26}},"87":{"start":{"line":151,"column":8},"end":{"line":154,"column":11}},"88":{"start":{"line":152,"column":8},"end":{"line":152,"column":27}},"89":{"start":{"line":152,"column":17},"end":{"line":152,"column":27}},"90":{"start":{"line":153,"column":8},"end":{"line":153,"column":26}},"91":{"start":{"line":157,"column":19},"end":{"line":157,"column":88}},"92":{"start":{"line":158,"column":18},"end":{"line":158,"column":76}},"93":{"start":{"line":159,"column":8},"end":{"line":162,"column":15}},"94":{"start":{"line":160,"column":12},"end":{"line":160,"column":31}},"95":{"start":{"line":160,"column":21},"end":{"line":160,"column":31}},"96":{"start":{"line":161,"column":12},"end":{"line":161,"column":30}},"97":{"start":{"line":165,"column":8},"end":{"line":165,"column":114}},"98":{"start":{"line":165,"column":40},"end":{"line":165,"column":114}},"99":{"start":{"line":166,"column":8},"end":{"line":166,"column":39}},"100":{"start":{"line":167,"column":8},"end":{"line":169,"column":9}},"101":{"start":{"line":167,"column":21},"end":{"line":167,"column":22}},"102":{"start":{"line":168,"column":12},"end":{"line":168,"column":46}},"103":{"start":{"line":170,"column":8},"end":{"line":170,"column":57}},"104":{"start":{"line":171,"column":8},"end":{"line":171,"column":25}},"105":{"start":{"line":172,"column":8},"end":{"line":175,"column":15}},"106":{"start":{"line":173,"column":12},"end":{"line":173,"column":31}},"107":{"start":{"line":173,"column":21},"end":{"line":173,"column":31}},"108":{"start":{"line":174,"column":12},"end":{"line":174,"column":30}},"109":{"start":{"line":176,"column":8},"end":{"line":176,"column":20}}},"fnMap":{"0":{"name":"(anonymous_0)","decl":{"start":{"line":4,"column":10},"end":{"line":4,"column":11}},"loc":{"start":{"line":4,"column":40},"end":{"line":9,"column":5}},"line":4},"1":{"name":"(anonymous_1)","decl":{"start":{"line":5,"column":75},"end":{"line":5,"column":76}},"loc":{"start":{"line":5,"column":98},"end":{"line":8,"column":9}},"line":5},"2":{"name":"(anonymous_2)","decl":{"start":{"line":10,"column":22},"end":{"line":10,"column":23}},"loc":{"start":{"line":10,"column":52},"end":{"line":15,"column":5}},"line":10},"3":{"name":"(anonymous_3)","decl":{"start":{"line":11,"column":181},"end":{"line":11,"column":182}},"loc":{"start":{"line":11,"column":204},"end":{"line":14,"column":9}},"line":11},"4":{"name":"(anonymous_4)","decl":{"start":{"line":16,"column":18},"end":{"line":16,"column":19}},"loc":{"start":{"line":16,"column":38},"end":{"line":25,"column":5}},"line":16},"5":{"name":"(anonymous_5)","decl":{"start":{"line":21,"column":22},"end":{"line":21,"column":23}},"loc":{"start":{"line":21,"column":45},"end":{"line":24,"column":9}},"line":21},"6":{"name":"(anonymous_6)","decl":{"start":{"line":26,"column":25},"end":{"line":26,"column":26}},"loc":{"start":{"line":26,"column":45},"end":{"line":35,"column":5}},"line":26},"7":{"name":"(anonymous_7)","decl":{"start":{"line":31,"column":22},"end":{"line":31,"column":23}},"loc":{"start":{"line":31,"column":45},"end":{"line":34,"column":9}},"line":31},"8":{"name":"(anonymous_8)","decl":{"start":{"line":36,"column":38},"end":{"line":36,"column":39}},"loc":{"start":{"line":36,"column":64},"end":{"line":47,"column":5}},"line":36},"9":{"name":"(anonymous_9)","decl":{"start":{"line":43,"column":22},"end":{"line":43,"column":23}},"loc":{"start":{"line":43,"column":45},"end":{"line":46,"column":9}},"line":43},"10":{"name":"(anonymous_10)","decl":{"start":{"line":48,"column":42},"end":{"line":48,"column":43}},"loc":{"start":{"line":48,"column":75},"end":{"line":60,"column":5}},"line":48},"11":{"name":"(anonymous_11)","decl":{"start":{"line":56,"column":22},"end":{"line":56,"column":23}},"loc":{"start":{"line":56,"column":45},"end":{"line":59,"column":9}},"line":56},"12":{"name":"(anonymous_12)","decl":{"start":{"line":61,"column":47},"end":{"line":61,"column":48}},"loc":{"start":{"line":61,"column":99},"end":{"line":106,"column":5}},"line":61},"13":{"name":"(anonymous_13)","decl":{"start":{"line":102,"column":22},"end":{"line":102,"column":23}},"loc":{"start":{"line":102,"column":45},"end":{"line":105,"column":9}},"line":102},"14":{"name":"(anonymous_14)","decl":{"start":{"line":107,"column":15},"end":{"line":107,"column":16}},"loc":{"start":{"line":107,"column":44},"end":{"line":116,"column":5}},"line":107},"15":{"name":"(anonymous_15)","decl":{"start":{"line":112,"column":22},"end":{"line":112,"column":23}},"loc":{"start":{"line":112,"column":45},"end":{"line":115,"column":9}},"line":112},"16":{"name":"(anonymous_16)","decl":{"start":{"line":117,"column":30},"end":{"line":117,"column":31}},"loc":{"start":{"line":117,"column":57},"end":{"line":126,"column":5}},"line":117},"17":{"name":"(anonymous_17)","decl":{"start":{"line":122,"column":22},"end":{"line":122,"column":23}},"loc":{"start":{"line":122,"column":45},"end":{"line":125,"column":9}},"line":122},"18":{"name":"(anonymous_18)","decl":{"start":{"line":127,"column":34},"end":{"line":127,"column":35}},"loc":{"start":{"line":127,"column":69},"end":{"line":137,"column":5}},"line":127},"19":{"name":"(anonymous_19)","decl":{"start":{"line":133,"column":22},"end":{"line":133,"column":23}},"loc":{"start":{"line":133,"column":45},"end":{"line":136,"column":9}},"line":133},"20":{"name":"(anonymous_20)","decl":{"start":{"line":138,"column":20},"end":{"line":138,"column":21}},"loc":{"start":{"line":138,"column":56},"end":{"line":143,"column":5}},"line":138},"21":{"name":"(anonymous_21)","decl":{"start":{"line":139,"column":74},"end":{"line":139,"column":75}},"loc":{"start":{"line":139,"column":97},"end":{"line":142,"column":9}},"line":139},"22":{"name":"(anonymous_22)","decl":{"start":{"line":144,"column":13},"end":{"line":144,"column":14}},"loc":{"start":{"line":144,"column":33},"end":{"line":149,"column":5}},"line":144},"23":{"name":"(anonymous_23)","decl":{"start":{"line":145,"column":48},"end":{"line":145,"column":49}},"loc":{"start":{"line":145,"column":72},"end":{"line":148,"column":9}},"line":145},"24":{"name":"(anonymous_24)","decl":{"start":{"line":150,"column":12},"end":{"line":150,"column":13}},"loc":{"start":{"line":150,"column":41},"end":{"line":155,"column":5}},"line":150},"25":{"name":"(anonymous_25)","decl":{"start":{"line":151,"column":72},"end":{"line":151,"column":73}},"loc":{"start":{"line":151,"column":96},"end":{"line":154,"column":9}},"line":151},"26":{"name":"(anonymous_26)","decl":{"start":{"line":156,"column":12},"end":{"line":156,"column":13}},"loc":{"start":{"line":156,"column":101},"end":{"line":163,"column":5}},"line":156},"27":{"name":"(anonymous_27)","decl":{"start":{"line":159,"column":27},"end":{"line":159,"column":28}},"loc":{"start":{"line":159,"column":51},"end":{"line":162,"column":13}},"line":159},"28":{"name":"(anonymous_28)","decl":{"start":{"line":164,"column":13},"end":{"line":164,"column":14}},"loc":{"start":{"line":164,"column":52},"end":{"line":177,"column":5}},"line":164},"29":{"name":"(anonymous_29)","decl":{"start":{"line":172,"column":31},"end":{"line":172,"column":32}},"loc":{"start":{"line":172,"column":55},"end":{"line":175,"column":13}},"line":172}},"branchMap":{"0":{"loc":{"start":{"line":6,"column":12},"end":{"line":6,"column":31}},"type":"if","locations":[{"start":{"line":6,"column":12},"end":{"line":6,"column":31}},{"start":{},"end":{}}],"line":6},"1":{"loc":{"start":{"line":12,"column":12},"end":{"line":12,"column":31}},"type":"if","locations":[{"start":{"line":12,"column":12},"end":{"line":12,"column":31}},{"start":{},"end":{}}],"line":12},"2":{"loc":{"start":{"line":22,"column":12},"end":{"line":22,"column":31}},"type":"if","locations":[{"start":{"line":22,"column":12},"end":{"line":22,"column":31}},{"start":{},"end":{}}],"line":22},"3":{"loc":{"start":{"line":32,"column":12},"end":{"line":32,"column":31}},"type":"if","locations":[{"start":{"line":32,"column":12},"end":{"line":32,"column":31}},{"start":{},"end":{}}],"line":32},"4":{"loc":{"start":{"line":44,"column":12},"end":{"line":44,"column":31}},"type":"if","locations":[{"start":{"line":44,"column":12},"end":{"line":44,"column":31}},{"start":{},"end":{}}],"line":44},"5":{"loc":{"start":{"line":57,"column":12},"end":{"line":57,"column":31}},"type":"if","locations":[{"start":{"line":57,"column":12},"end":{"line":57,"column":31}},{"start":{},"end":{}}],"line":57},"6":{"loc":{"start":{"line":73,"column":8},"end":{"line":73,"column":114}},"type":"if","locations":[{"start":{"line":73,"column":8},"end":{"line":73,"column":114}},{"start":{},"end":{}}],"line":73},"7":{"loc":{"start":{"line":75,"column":12},"end":{"line":86,"column":28}},"type":"if","locations":[{"start":{"line":75,"column":12},"end":{"line":86,"column":28}},{"start":{"line":77,"column":17},"end":{"line":86,"column":28}}],"line":75},"8":{"loc":{"start":{"line":75,"column":15},"end":{"line":75,"column":134}},"type":"binary-expr","locations":[{"start":{"line":75,"column":15},"end":{"line":75,"column":36}},{"start":{"line":75,"column":40},"end":{"line":75,"column":61}},{"start":{"line":75,"column":65},"end":{"line":75,"column":85}},{"start":{"line":75,"column":89},"end":{"line":75,"column":109}},{"start":{"line":75,"column":113},"end":{"line":75,"column":134}}],"line":75},"9":{"loc":{"start":{"line":77,"column":17},"end":{"line":86,"column":28}},"type":"if","locations":[{"start":{"line":77,"column":17},"end":{"line":86,"column":28}},{"start":{"line":79,"column":17},"end":{"line":86,"column":28}}],"line":77},"10":{"loc":{"start":{"line":79,"column":17},"end":{"line":86,"column":28}},"type":"if","locations":[{"start":{"line":79,"column":17},"end":{"line":86,"column":28}},{"start":{"line":81,"column":17},"end":{"line":86,"column":28}}],"line":79},"11":{"loc":{"start":{"line":81,"column":17},"end":{"line":86,"column":28}},"type":"if","locations":[{"start":{"line":81,"column":17},"end":{"line":86,"column":28}},{"start":{"line":83,"column":17},"end":{"line":86,"column":28}}],"line":81},"12":{"loc":{"start":{"line":81,"column":21},"end":{"line":81,"column":58}},"type":"binary-expr","locations":[{"start":{"line":81,"column":21},"end":{"line":81,"column":42}},{"start":{"line":81,"column":46},"end":{"line":81,"column":58}}],"line":81},"13":{"loc":{"start":{"line":83,"column":17},"end":{"line":86,"column":28}},"type":"if","locations":[{"start":{"line":83,"column":17},"end":{"line":86,"column":28}},{"start":{"line":85,"column":17},"end":{"line":86,"column":28}}],"line":83},"14":{"loc":{"start":{"line":85,"column":17},"end":{"line":86,"column":28}},"type":"if","locations":[{"start":{"line":85,"column":17},"end":{"line":86,"column":28}},{"start":{},"end":{}}],"line":85},"15":{"loc":{"start":{"line":88,"column":8},"end":{"line":92,"column":9}},"type":"if","locations":[{"start":{"line":88,"column":8},"end":{"line":92,"column":9}},{"start":{},"end":{}}],"line":88},"16":{"loc":{"start":{"line":93,"column":8},"end":{"line":95,"column":9}},"type":"if","locations":[{"start":{"line":93,"column":8},"end":{"line":95,"column":9}},{"start":{},"end":{}}],"line":93},"17":{"loc":{"start":{"line":97,"column":8},"end":{"line":100,"column":20}},"type":"if","locations":[{"start":{"line":97,"column":8},"end":{"line":100,"column":20}},{"start":{"line":100,"column":12},"end":{"line":100,"column":20}}],"line":97},"18":{"loc":{"start":{"line":103,"column":12},"end":{"line":103,"column":31}},"type":"if","locations":[{"start":{"line":103,"column":12},"end":{"line":103,"column":31}},{"start":{},"end":{}}],"line":103},"19":{"loc":{"start":{"line":113,"column":12},"end":{"line":113,"column":31}},"type":"if","locations":[{"start":{"line":113,"column":12},"end":{"line":113,"column":31}},{"start":{},"end":{}}],"line":113},"20":{"loc":{"start":{"line":123,"column":12},"end":{"line":123,"column":31}},"type":"if","locations":[{"start":{"line":123,"column":12},"end":{"line":123,"column":31}},{"start":{},"end":{}}],"line":123},"21":{"loc":{"start":{"line":134,"column":12},"end":{"line":134,"column":31}},"type":"if","locations":[{"start":{"line":134,"column":12},"end":{"line":134,"column":31}},{"start":{},"end":{}}],"line":134},"22":{"loc":{"start":{"line":140,"column":12},"end":{"line":140,"column":31}},"type":"if","locations":[{"start":{"line":140,"column":12},"end":{"line":140,"column":31}},{"start":{},"end":{}}],"line":140},"23":{"loc":{"start":{"line":146,"column":8},"end":{"line":146,"column":27}},"type":"if","locations":[{"start":{"line":146,"column":8},"end":{"line":146,"column":27}},{"start":{},"end":{}}],"line":146},"24":{"loc":{"start":{"line":152,"column":8},"end":{"line":152,"column":27}},"type":"if","locations":[{"start":{"line":152,"column":8},"end":{"line":152,"column":27}},{"start":{},"end":{}}],"line":152},"25":{"loc":{"start":{"line":160,"column":12},"end":{"line":160,"column":31}},"type":"if","locations":[{"start":{"line":160,"column":12},"end":{"line":160,"column":31}},{"start":{},"end":{}}],"line":160},"26":{"loc":{"start":{"line":165,"column":8},"end":{"line":165,"column":114}},"type":"if","locations":[{"start":{"line":165,"column":8},"end":{"line":165,"column":114}},{"start":{},"end":{}}],"line":165},"27":{"loc":{"start":{"line":173,"column":12},"end":{"line":173,"column":31}},"type":"if","locations":[{"start":{"line":173,"column":12},"end":{"line":173,"column":31}},{"start":{},"end":{}}],"line":173}},"s":{"0":1,"1":1,"2":0,"3":0,"4":0,"5":0,"6":0,"7":0,"8":0,"9":0,"10":0,"11":0,"12":0,"13":0,"14":0,"15":0,"16":0,"17":0,"18":0,"19":0,"20":0,"21":0,"22":0,"23":0,"24":0,"25":0,"26":0,"27":0,"28":0,"29":0,"30":0,"31":0,"32":0,"33":0,"34":0,"35":0,"36":0,"37":0,"38":0,"39":0,"40":0,"41":0,"42":0,"43":0,"44":0,"45":0,"46":0,"47":0,"48":0,"49":0,"50":0,"51":0,"52":0,"53":0,"54":0,"55":0,"56":0,"57":0,"58":0,"59":0,"60":0,"61":0,"62":0,"63":0,"64":0,"65":0,"66":0,"67":0,"68":0,"69":0,"70":0,"71":0,"72":0,"73":0,"74":0,"75":0,"76":0,"77":0,"78":0,"79":0,"80":0,"81":0,"82":0,"83":0,"84":0,"85":0,"86":0,"87":0,"88":0,"89":0,"90":0,"91":0,"92":0,"93":0,"94":0,"95":0,"96":0,"97":0,"98":0,"99":0,"100":0,"101":0,"102":0,"103":0,"104":0,"105":0,"106":0,"107":0,"108":0,"109":0},"f":{"0":0,"1":0,"2":0,"3":0,"4":0,"5":0,"6":0,"7":0,"8":0,"9":0,"10":0,"11":0,"12":0,"13":0,"14":0,"15":0,"16":0,"17":0,"18":0,"19":0,"20":0,"21":0,"22":0,"23":0,"24":0,"25":0,"26":0,"27":0,"28":0,"29":0},"b":{"0":[0,0],"1":[0,0],"2":[0,0],"3":[0,0],"4":[0,0],"5":[0,0],"6":[0,0],"7":[0,0],"8":[0,0,0,0,0],"9":[0,0],"10":[0,0],"11":[0,0],"12":[0,0],"13":[0,0],"14":[0,0],"15":[0,0],"16":[0,0],"17":[0,0],"18":[0,0],"19":[0,0],"20":[0,0],"21":[0,0],"22":[0,0],"23":[0,0],"24":[0,0],"25":[0,0],"26":[0,0],"27":[0,0]},"_coverageSchema":"1a1c01bbd47fc00a2c39e90264f33305004495a9","hash":"fe59631ba96043953a991b12283eb0b84a6b233b"}
,"C:\\ecole offline\\SR10\\projet\\git repo\\sr10_p2023_bridoux_perrette\\PaulEmploi\\model\\organisations.js": {"path":"C:\\ecole offline\\SR10\\projet\\git repo\\sr10_p2023_bridoux_perrette\\PaulEmploi\\model\\organisations.js","statementMap":{"0":{"start":{"line":1,"column":9},"end":{"line":1,"column":29}},"1":{"start":{"line":3,"column":0},"end":{"line":83,"column":1}},"2":{"start":{"line":5,"column":8},"end":{"line":8,"column":11}},"3":{"start":{"line":6,"column":12},"end":{"line":6,"column":31}},"4":{"start":{"line":6,"column":21},"end":{"line":6,"column":31}},"5":{"start":{"line":7,"column":12},"end":{"line":7,"column":30}},"6":{"start":{"line":11,"column":8},"end":{"line":14,"column":11}},"7":{"start":{"line":12,"column":12},"end":{"line":12,"column":31}},"8":{"start":{"line":12,"column":21},"end":{"line":12,"column":31}},"9":{"start":{"line":13,"column":12},"end":{"line":13,"column":30}},"10":{"start":{"line":17,"column":8},"end":{"line":17,"column":86}},"11":{"start":{"line":18,"column":8},"end":{"line":21,"column":11}},"12":{"start":{"line":19,"column":12},"end":{"line":19,"column":31}},"13":{"start":{"line":19,"column":21},"end":{"line":19,"column":31}},"14":{"start":{"line":20,"column":12},"end":{"line":20,"column":30}},"15":{"start":{"line":24,"column":8},"end":{"line":27,"column":11}},"16":{"start":{"line":25,"column":12},"end":{"line":25,"column":31}},"17":{"start":{"line":25,"column":21},"end":{"line":25,"column":31}},"18":{"start":{"line":26,"column":12},"end":{"line":26,"column":30}},"19":{"start":{"line":30,"column":19},"end":{"line":30,"column":79}},"20":{"start":{"line":31,"column":8},"end":{"line":34,"column":11}},"21":{"start":{"line":32,"column":12},"end":{"line":32,"column":31}},"22":{"start":{"line":32,"column":21},"end":{"line":32,"column":31}},"23":{"start":{"line":33,"column":12},"end":{"line":33,"column":30}},"24":{"start":{"line":35,"column":8},"end":{"line":35,"column":20}},"25":{"start":{"line":38,"column":8},"end":{"line":41,"column":11}},"26":{"start":{"line":39,"column":12},"end":{"line":39,"column":31}},"27":{"start":{"line":39,"column":21},"end":{"line":39,"column":31}},"28":{"start":{"line":40,"column":12},"end":{"line":40,"column":30}},"29":{"start":{"line":42,"column":8},"end":{"line":42,"column":20}},"30":{"start":{"line":45,"column":8},"end":{"line":45,"column":114}},"31":{"start":{"line":45,"column":40},"end":{"line":45,"column":114}},"32":{"start":{"line":46,"column":8},"end":{"line":46,"column":39}},"33":{"start":{"line":47,"column":8},"end":{"line":49,"column":9}},"34":{"start":{"line":47,"column":21},"end":{"line":47,"column":22}},"35":{"start":{"line":48,"column":12},"end":{"line":48,"column":46}},"36":{"start":{"line":50,"column":8},"end":{"line":50,"column":54}},"37":{"start":{"line":51,"column":8},"end":{"line":51,"column":25}},"38":{"start":{"line":52,"column":8},"end":{"line":55,"column":15}},"39":{"start":{"line":53,"column":12},"end":{"line":53,"column":31}},"40":{"start":{"line":53,"column":21},"end":{"line":53,"column":31}},"41":{"start":{"line":54,"column":12},"end":{"line":54,"column":30}},"42":{"start":{"line":56,"column":8},"end":{"line":56,"column":20}},"43":{"start":{"line":59,"column":8},"end":{"line":62,"column":11}},"44":{"start":{"line":60,"column":12},"end":{"line":60,"column":31}},"45":{"start":{"line":60,"column":21},"end":{"line":60,"column":31}},"46":{"start":{"line":61,"column":12},"end":{"line":61,"column":30}},"47":{"start":{"line":65,"column":8},"end":{"line":68,"column":11}},"48":{"start":{"line":66,"column":12},"end":{"line":66,"column":31}},"49":{"start":{"line":66,"column":21},"end":{"line":66,"column":31}},"50":{"start":{"line":67,"column":12},"end":{"line":67,"column":30}},"51":{"start":{"line":71,"column":8},"end":{"line":74,"column":11}},"52":{"start":{"line":72,"column":12},"end":{"line":72,"column":31}},"53":{"start":{"line":72,"column":21},"end":{"line":72,"column":31}},"54":{"start":{"line":73,"column":12},"end":{"line":73,"column":30}},"55":{"start":{"line":77,"column":8},"end":{"line":80,"column":11}},"56":{"start":{"line":78,"column":12},"end":{"line":78,"column":31}},"57":{"start":{"line":78,"column":21},"end":{"line":78,"column":31}},"58":{"start":{"line":79,"column":12},"end":{"line":79,"column":30}}},"fnMap":{"0":{"name":"(anonymous_0)","decl":{"start":{"line":4,"column":10},"end":{"line":4,"column":11}},"loc":{"start":{"line":4,"column":37},"end":{"line":9,"column":5}},"line":4},"1":{"name":"(anonymous_1)","decl":{"start":{"line":5,"column":69},"end":{"line":5,"column":70}},"loc":{"start":{"line":5,"column":92},"end":{"line":8,"column":9}},"line":5},"2":{"name":"(anonymous_2)","decl":{"start":{"line":10,"column":13},"end":{"line":10,"column":14}},"loc":{"start":{"line":10,"column":33},"end":{"line":15,"column":5}},"line":10},"3":{"name":"(anonymous_3)","decl":{"start":{"line":11,"column":48},"end":{"line":11,"column":49}},"loc":{"start":{"line":11,"column":72},"end":{"line":14,"column":9}},"line":11},"4":{"name":"(anonymous_4)","decl":{"start":{"line":16,"column":17},"end":{"line":16,"column":18}},"loc":{"start":{"line":16,"column":43},"end":{"line":22,"column":5}},"line":16},"5":{"name":"(anonymous_5)","decl":{"start":{"line":18,"column":22},"end":{"line":18,"column":23}},"loc":{"start":{"line":18,"column":46},"end":{"line":21,"column":9}},"line":18},"6":{"name":"(anonymous_6)","decl":{"start":{"line":23,"column":20},"end":{"line":23,"column":21}},"loc":{"start":{"line":23,"column":56},"end":{"line":28,"column":5}},"line":23},"7":{"name":"(anonymous_7)","decl":{"start":{"line":24,"column":74},"end":{"line":24,"column":75}},"loc":{"start":{"line":24,"column":97},"end":{"line":27,"column":9}},"line":24},"8":{"name":"(anonymous_8)","decl":{"start":{"line":29,"column":12},"end":{"line":29,"column":13}},"loc":{"start":{"line":29,"column":92},"end":{"line":36,"column":5}},"line":29},"9":{"name":"(anonymous_9)","decl":{"start":{"line":31,"column":142},"end":{"line":31,"column":143}},"loc":{"start":{"line":31,"column":166},"end":{"line":34,"column":9}},"line":31},"10":{"name":"(anonymous_10)","decl":{"start":{"line":37,"column":12},"end":{"line":37,"column":13}},"loc":{"start":{"line":37,"column":39},"end":{"line":43,"column":5}},"line":37},"11":{"name":"(anonymous_11)","decl":{"start":{"line":38,"column":67},"end":{"line":38,"column":68}},"loc":{"start":{"line":38,"column":91},"end":{"line":41,"column":9}},"line":38},"12":{"name":"(anonymous_12)","decl":{"start":{"line":44,"column":13},"end":{"line":44,"column":14}},"loc":{"start":{"line":44,"column":48},"end":{"line":57,"column":5}},"line":44},"13":{"name":"(anonymous_13)","decl":{"start":{"line":52,"column":28},"end":{"line":52,"column":29}},"loc":{"start":{"line":52,"column":52},"end":{"line":55,"column":13}},"line":52},"14":{"name":"(anonymous_14)","decl":{"start":{"line":58,"column":16},"end":{"line":58,"column":17}},"loc":{"start":{"line":58,"column":46},"end":{"line":63,"column":5}},"line":58},"15":{"name":"(anonymous_15)","decl":{"start":{"line":59,"column":78},"end":{"line":59,"column":79}},"loc":{"start":{"line":59,"column":102},"end":{"line":62,"column":9}},"line":59},"16":{"name":"(anonymous_16)","decl":{"start":{"line":64,"column":28},"end":{"line":64,"column":29}},"loc":{"start":{"line":64,"column":70},"end":{"line":69,"column":5}},"line":64},"17":{"name":"(anonymous_17)","decl":{"start":{"line":65,"column":104},"end":{"line":65,"column":105}},"loc":{"start":{"line":65,"column":128},"end":{"line":68,"column":9}},"line":65},"18":{"name":"(anonymous_18)","decl":{"start":{"line":70,"column":25},"end":{"line":70,"column":26}},"loc":{"start":{"line":70,"column":63},"end":{"line":75,"column":5}},"line":70},"19":{"name":"(anonymous_19)","decl":{"start":{"line":71,"column":96},"end":{"line":71,"column":97}},"loc":{"start":{"line":71,"column":120},"end":{"line":74,"column":9}},"line":71},"20":{"name":"(anonymous_20)","decl":{"start":{"line":76,"column":26},"end":{"line":76,"column":27}},"loc":{"start":{"line":76,"column":66},"end":{"line":81,"column":5}},"line":76},"21":{"name":"(anonymous_21)","decl":{"start":{"line":77,"column":100},"end":{"line":77,"column":101}},"loc":{"start":{"line":77,"column":124},"end":{"line":80,"column":9}},"line":77}},"branchMap":{"0":{"loc":{"start":{"line":6,"column":12},"end":{"line":6,"column":31}},"type":"if","locations":[{"start":{"line":6,"column":12},"end":{"line":6,"column":31}},{"start":{},"end":{}}],"line":6},"1":{"loc":{"start":{"line":12,"column":12},"end":{"line":12,"column":31}},"type":"if","locations":[{"start":{"line":12,"column":12},"end":{"line":12,"column":31}},{"start":{},"end":{}}],"line":12},"2":{"loc":{"start":{"line":19,"column":12},"end":{"line":19,"column":31}},"type":"if","locations":[{"start":{"line":19,"column":12},"end":{"line":19,"column":31}},{"start":{},"end":{}}],"line":19},"3":{"loc":{"start":{"line":25,"column":12},"end":{"line":25,"column":31}},"type":"if","locations":[{"start":{"line":25,"column":12},"end":{"line":25,"column":31}},{"start":{},"end":{}}],"line":25},"4":{"loc":{"start":{"line":32,"column":12},"end":{"line":32,"column":31}},"type":"if","locations":[{"start":{"line":32,"column":12},"end":{"line":32,"column":31}},{"start":{},"end":{}}],"line":32},"5":{"loc":{"start":{"line":39,"column":12},"end":{"line":39,"column":31}},"type":"if","locations":[{"start":{"line":39,"column":12},"end":{"line":39,"column":31}},{"start":{},"end":{}}],"line":39},"6":{"loc":{"start":{"line":45,"column":8},"end":{"line":45,"column":114}},"type":"if","locations":[{"start":{"line":45,"column":8},"end":{"line":45,"column":114}},{"start":{},"end":{}}],"line":45},"7":{"loc":{"start":{"line":53,"column":12},"end":{"line":53,"column":31}},"type":"if","locations":[{"start":{"line":53,"column":12},"end":{"line":53,"column":31}},{"start":{},"end":{}}],"line":53},"8":{"loc":{"start":{"line":60,"column":12},"end":{"line":60,"column":31}},"type":"if","locations":[{"start":{"line":60,"column":12},"end":{"line":60,"column":31}},{"start":{},"end":{}}],"line":60},"9":{"loc":{"start":{"line":66,"column":12},"end":{"line":66,"column":31}},"type":"if","locations":[{"start":{"line":66,"column":12},"end":{"line":66,"column":31}},{"start":{},"end":{}}],"line":66},"10":{"loc":{"start":{"line":72,"column":12},"end":{"line":72,"column":31}},"type":"if","locations":[{"start":{"line":72,"column":12},"end":{"line":72,"column":31}},{"start":{},"end":{}}],"line":72},"11":{"loc":{"start":{"line":78,"column":12},"end":{"line":78,"column":31}},"type":"if","locations":[{"start":{"line":78,"column":12},"end":{"line":78,"column":31}},{"start":{},"end":{}}],"line":78}},"s":{"0":1,"1":1,"2":0,"3":0,"4":0,"5":0,"6":0,"7":0,"8":0,"9":0,"10":0,"11":0,"12":0,"13":0,"14":0,"15":0,"16":0,"17":0,"18":0,"19":0,"20":0,"21":0,"22":0,"23":0,"24":0,"25":0,"26":0,"27":0,"28":0,"29":0,"30":0,"31":0,"32":0,"33":0,"34":0,"35":0,"36":0,"37":0,"38":0,"39":0,"40":0,"41":0,"42":0,"43":0,"44":0,"45":0,"46":0,"47":0,"48":0,"49":0,"50":0,"51":0,"52":0,"53":0,"54":0,"55":0,"56":0,"57":0,"58":0},"f":{"0":0,"1":0,"2":0,"3":0,"4":0,"5":0,"6":0,"7":0,"8":0,"9":0,"10":0,"11":0,"12":0,"13":0,"14":0,"15":0,"16":0,"17":0,"18":0,"19":0,"20":0,"21":0},"b":{"0":[0,0],"1":[0,0],"2":[0,0],"3":[0,0],"4":[0,0],"5":[0,0],"6":[0,0],"7":[0,0],"8":[0,0],"9":[0,0],"10":[0,0],"11":[0,0]},"_coverageSchema":"1a1c01bbd47fc00a2c39e90264f33305004495a9","hash":"9c4f4abbb97cfa5ca8f59a83a16e7d564dc2029a"}
,"C:\\ecole offline\\SR10\\projet\\git repo\\sr10_p2023_bridoux_perrette\\PaulEmploi\\model\\pool.js": {"path":"C:\\ecole offline\\SR10\\projet\\git repo\\sr10_p2023_bridoux_perrette\\PaulEmploi\\model\\pool.js","statementMap":{"0":{"start":{"line":1,"column":12},"end":{"line":1,"column":28}},"1":{"start":{"line":2,"column":11},"end":{"line":7,"column":2}},"2":{"start":{"line":8,"column":0},"end":{"line":8,"column":22}}},"fnMap":{},"branchMap":{},"s":{"0":2,"1":2,"2":2},"f":{},"b":{},"_coverageSchema":"1a1c01bbd47fc00a2c39e90264f33305004495a9","hash":"a3ee1b1604cc0f09f8a80e85401ea2217fc0995b"}
,"C:\\ecole offline\\SR10\\projet\\git repo\\sr10_p2023_bridoux_perrette\\PaulEmploi\\model\\statut_activites.js": {"path":"C:\\ecole offline\\SR10\\projet\\git repo\\sr10_p2023_bridoux_perrette\\PaulEmploi\\model\\statut_activites.js","statementMap":{"0":{"start":{"line":1,"column":9},"end":{"line":1,"column":29}},"1":{"start":{"line":3,"column":0},"end":{"line":35,"column":1}},"2":{"start":{"line":5,"column":8},"end":{"line":8,"column":11}},"3":{"start":{"line":6,"column":12},"end":{"line":6,"column":31}},"4":{"start":{"line":6,"column":21},"end":{"line":6,"column":31}},"5":{"start":{"line":7,"column":12},"end":{"line":7,"column":30}},"6":{"start":{"line":11,"column":8},"end":{"line":14,"column":11}},"7":{"start":{"line":12,"column":12},"end":{"line":12,"column":31}},"8":{"start":{"line":12,"column":21},"end":{"line":12,"column":31}},"9":{"start":{"line":13,"column":12},"end":{"line":13,"column":30}},"10":{"start":{"line":15,"column":8},"end":{"line":15,"column":20}},"11":{"start":{"line":18,"column":8},"end":{"line":21,"column":11}},"12":{"start":{"line":19,"column":12},"end":{"line":19,"column":31}},"13":{"start":{"line":19,"column":21},"end":{"line":19,"column":31}},"14":{"start":{"line":20,"column":12},"end":{"line":20,"column":30}},"15":{"start":{"line":22,"column":8},"end":{"line":22,"column":20}},"16":{"start":{"line":25,"column":8},"end":{"line":25,"column":63}},"17":{"start":{"line":26,"column":8},"end":{"line":33,"column":11}},"18":{"start":{"line":27,"column":8},"end":{"line":27,"column":27}},"19":{"start":{"line":27,"column":17},"end":{"line":27,"column":27}},"20":{"start":{"line":28,"column":8},"end":{"line":32,"column":9}},"21":{"start":{"line":29,"column":12},"end":{"line":29,"column":27}},"22":{"start":{"line":31,"column":12},"end":{"line":31,"column":28}}},"fnMap":{"0":{"name":"(anonymous_0)","decl":{"start":{"line":4,"column":13},"end":{"line":4,"column":14}},"loc":{"start":{"line":4,"column":33},"end":{"line":9,"column":5}},"line":4},"1":{"name":"(anonymous_1)","decl":{"start":{"line":5,"column":51},"end":{"line":5,"column":52}},"loc":{"start":{"line":5,"column":75},"end":{"line":8,"column":9}},"line":5},"2":{"name":"(anonymous_2)","decl":{"start":{"line":10,"column":12},"end":{"line":10,"column":13}},"loc":{"start":{"line":10,"column":37},"end":{"line":16,"column":5}},"line":10},"3":{"name":"(anonymous_3)","decl":{"start":{"line":11,"column":71},"end":{"line":11,"column":72}},"loc":{"start":{"line":11,"column":95},"end":{"line":14,"column":9}},"line":11},"4":{"name":"(anonymous_4)","decl":{"start":{"line":17,"column":12},"end":{"line":17,"column":13}},"loc":{"start":{"line":17,"column":37},"end":{"line":23,"column":5}},"line":17},"5":{"name":"(anonymous_5)","decl":{"start":{"line":18,"column":66},"end":{"line":18,"column":67}},"loc":{"start":{"line":18,"column":90},"end":{"line":21,"column":9}},"line":18},"6":{"name":"(anonymous_6)","decl":{"start":{"line":24,"column":13},"end":{"line":24,"column":14}},"loc":{"start":{"line":24,"column":38},"end":{"line":34,"column":5}},"line":24},"7":{"name":"(anonymous_7)","decl":{"start":{"line":26,"column":34},"end":{"line":26,"column":35}},"loc":{"start":{"line":26,"column":58},"end":{"line":33,"column":9}},"line":26}},"branchMap":{"0":{"loc":{"start":{"line":6,"column":12},"end":{"line":6,"column":31}},"type":"if","locations":[{"start":{"line":6,"column":12},"end":{"line":6,"column":31}},{"start":{},"end":{}}],"line":6},"1":{"loc":{"start":{"line":12,"column":12},"end":{"line":12,"column":31}},"type":"if","locations":[{"start":{"line":12,"column":12},"end":{"line":12,"column":31}},{"start":{},"end":{}}],"line":12},"2":{"loc":{"start":{"line":19,"column":12},"end":{"line":19,"column":31}},"type":"if","locations":[{"start":{"line":19,"column":12},"end":{"line":19,"column":31}},{"start":{},"end":{}}],"line":19},"3":{"loc":{"start":{"line":27,"column":8},"end":{"line":27,"column":27}},"type":"if","locations":[{"start":{"line":27,"column":8},"end":{"line":27,"column":27}},{"start":{},"end":{}}],"line":27},"4":{"loc":{"start":{"line":28,"column":8},"end":{"line":32,"column":9}},"type":"if","locations":[{"start":{"line":28,"column":8},"end":{"line":32,"column":9}},{"start":{"line":30,"column":15},"end":{"line":32,"column":9}}],"line":28}},"s":{"0":1,"1":1,"2":0,"3":0,"4":0,"5":0,"6":0,"7":0,"8":0,"9":0,"10":0,"11":0,"12":0,"13":0,"14":0,"15":0,"16":0,"17":0,"18":0,"19":0,"20":0,"21":0,"22":0},"f":{"0":0,"1":0,"2":0,"3":0,"4":0,"5":0,"6":0,"7":0},"b":{"0":[0,0],"1":[0,0],"2":[0,0],"3":[0,0],"4":[0,0]},"_coverageSchema":"1a1c01bbd47fc00a2c39e90264f33305004495a9","hash":"90b57c83fed49f7385eac0d1eb92bb12834d30d9"}
,"C:\\ecole offline\\SR10\\projet\\git repo\\sr10_p2023_bridoux_perrette\\PaulEmploi\\model\\type_metiers.js": {"path":"C:\\ecole offline\\SR10\\projet\\git repo\\sr10_p2023_bridoux_perrette\\PaulEmploi\\model\\type_metiers.js","statementMap":{"0":{"start":{"line":1,"column":9},"end":{"line":1,"column":29}},"1":{"start":{"line":3,"column":0},"end":{"line":35,"column":1}},"2":{"start":{"line":5,"column":8},"end":{"line":8,"column":11}},"3":{"start":{"line":6,"column":12},"end":{"line":6,"column":31}},"4":{"start":{"line":6,"column":21},"end":{"line":6,"column":31}},"5":{"start":{"line":7,"column":12},"end":{"line":7,"column":30}},"6":{"start":{"line":11,"column":8},"end":{"line":14,"column":11}},"7":{"start":{"line":12,"column":12},"end":{"line":12,"column":31}},"8":{"start":{"line":12,"column":21},"end":{"line":12,"column":31}},"9":{"start":{"line":13,"column":12},"end":{"line":13,"column":30}},"10":{"start":{"line":15,"column":8},"end":{"line":15,"column":20}},"11":{"start":{"line":18,"column":8},"end":{"line":21,"column":11}},"12":{"start":{"line":19,"column":12},"end":{"line":19,"column":31}},"13":{"start":{"line":19,"column":21},"end":{"line":19,"column":31}},"14":{"start":{"line":20,"column":12},"end":{"line":20,"column":30}},"15":{"start":{"line":22,"column":8},"end":{"line":22,"column":20}},"16":{"start":{"line":25,"column":8},"end":{"line":25,"column":64}},"17":{"start":{"line":26,"column":8},"end":{"line":33,"column":11}},"18":{"start":{"line":27,"column":8},"end":{"line":27,"column":27}},"19":{"start":{"line":27,"column":17},"end":{"line":27,"column":27}},"20":{"start":{"line":28,"column":8},"end":{"line":32,"column":9}},"21":{"start":{"line":29,"column":12},"end":{"line":29,"column":27}},"22":{"start":{"line":31,"column":12},"end":{"line":31,"column":28}}},"fnMap":{"0":{"name":"(anonymous_0)","decl":{"start":{"line":4,"column":13},"end":{"line":4,"column":14}},"loc":{"start":{"line":4,"column":33},"end":{"line":9,"column":5}},"line":4},"1":{"name":"(anonymous_1)","decl":{"start":{"line":5,"column":47},"end":{"line":5,"column":48}},"loc":{"start":{"line":5,"column":71},"end":{"line":8,"column":9}},"line":5},"2":{"name":"(anonymous_2)","decl":{"start":{"line":10,"column":12},"end":{"line":10,"column":13}},"loc":{"start":{"line":10,"column":44},"end":{"line":16,"column":5}},"line":10},"3":{"name":"(anonymous_3)","decl":{"start":{"line":11,"column":81},"end":{"line":11,"column":82}},"loc":{"start":{"line":11,"column":105},"end":{"line":14,"column":9}},"line":11},"4":{"name":"(anonymous_4)","decl":{"start":{"line":17,"column":12},"end":{"line":17,"column":13}},"loc":{"start":{"line":17,"column":44},"end":{"line":23,"column":5}},"line":17},"5":{"name":"(anonymous_5)","decl":{"start":{"line":18,"column":76},"end":{"line":18,"column":77}},"loc":{"start":{"line":18,"column":100},"end":{"line":21,"column":9}},"line":18},"6":{"name":"(anonymous_6)","decl":{"start":{"line":24,"column":13},"end":{"line":24,"column":14}},"loc":{"start":{"line":24,"column":45},"end":{"line":34,"column":5}},"line":24},"7":{"name":"(anonymous_7)","decl":{"start":{"line":26,"column":41},"end":{"line":26,"column":42}},"loc":{"start":{"line":26,"column":65},"end":{"line":33,"column":9}},"line":26}},"branchMap":{"0":{"loc":{"start":{"line":6,"column":12},"end":{"line":6,"column":31}},"type":"if","locations":[{"start":{"line":6,"column":12},"end":{"line":6,"column":31}},{"start":{},"end":{}}],"line":6},"1":{"loc":{"start":{"line":12,"column":12},"end":{"line":12,"column":31}},"type":"if","locations":[{"start":{"line":12,"column":12},"end":{"line":12,"column":31}},{"start":{},"end":{}}],"line":12},"2":{"loc":{"start":{"line":19,"column":12},"end":{"line":19,"column":31}},"type":"if","locations":[{"start":{"line":19,"column":12},"end":{"line":19,"column":31}},{"start":{},"end":{}}],"line":19},"3":{"loc":{"start":{"line":27,"column":8},"end":{"line":27,"column":27}},"type":"if","locations":[{"start":{"line":27,"column":8},"end":{"line":27,"column":27}},{"start":{},"end":{}}],"line":27},"4":{"loc":{"start":{"line":28,"column":8},"end":{"line":32,"column":9}},"type":"if","locations":[{"start":{"line":28,"column":8},"end":{"line":32,"column":9}},{"start":{"line":30,"column":15},"end":{"line":32,"column":9}}],"line":28}},"s":{"0":1,"1":1,"2":0,"3":0,"4":0,"5":0,"6":0,"7":0,"8":0,"9":0,"10":0,"11":0,"12":0,"13":0,"14":0,"15":0,"16":0,"17":0,"18":0,"19":0,"20":0,"21":0,"22":0},"f":{"0":0,"1":0,"2":0,"3":0,"4":0,"5":0,"6":0,"7":0},"b":{"0":[0,0],"1":[0,0],"2":[0,0],"3":[0,0],"4":[0,0]},"_coverageSchema":"1a1c01bbd47fc00a2c39e90264f33305004495a9","hash":"bcd4ed64ecb73f84b8e4a970323f385e246b9307"}
,"C:\\ecole offline\\SR10\\projet\\git repo\\sr10_p2023_bridoux_perrette\\PaulEmploi\\model\\utilisateurs.js": {"path":"C:\\ecole offline\\SR10\\projet\\git repo\\sr10_p2023_bridoux_perrette\\PaulEmploi\\model\\utilisateurs.js","statementMap":{"0":{"start":{"line":1,"column":9},"end":{"line":1,"column":29}},"1":{"start":{"line":3,"column":0},"end":{"line":146,"column":1}},"2":{"start":{"line":5,"column":8},"end":{"line":9,"column":11}},"3":{"start":{"line":7,"column":8},"end":{"line":7,"column":27}},"4":{"start":{"line":7,"column":17},"end":{"line":7,"column":27}},"5":{"start":{"line":8,"column":8},"end":{"line":8,"column":26}},"6":{"start":{"line":12,"column":8},"end":{"line":15,"column":11}},"7":{"start":{"line":13,"column":8},"end":{"line":13,"column":27}},"8":{"start":{"line":13,"column":17},"end":{"line":13,"column":27}},"9":{"start":{"line":14,"column":8},"end":{"line":14,"column":26}},"10":{"start":{"line":18,"column":8},"end":{"line":18,"column":113}},"11":{"start":{"line":19,"column":8},"end":{"line":22,"column":11}},"12":{"start":{"line":20,"column":12},"end":{"line":20,"column":31}},"13":{"start":{"line":20,"column":21},"end":{"line":20,"column":31}},"14":{"start":{"line":21,"column":12},"end":{"line":21,"column":30}},"15":{"start":{"line":25,"column":8},"end":{"line":28,"column":11}},"16":{"start":{"line":26,"column":8},"end":{"line":26,"column":27}},"17":{"start":{"line":26,"column":17},"end":{"line":26,"column":27}},"18":{"start":{"line":27,"column":8},"end":{"line":27,"column":26}},"19":{"start":{"line":31,"column":8},"end":{"line":34,"column":11}},"20":{"start":{"line":32,"column":8},"end":{"line":32,"column":27}},"21":{"start":{"line":32,"column":17},"end":{"line":32,"column":27}},"22":{"start":{"line":33,"column":8},"end":{"line":33,"column":26}},"23":{"start":{"line":37,"column":8},"end":{"line":40,"column":11}},"24":{"start":{"line":38,"column":12},"end":{"line":38,"column":31}},"25":{"start":{"line":38,"column":21},"end":{"line":38,"column":31}},"26":{"start":{"line":39,"column":12},"end":{"line":39,"column":30}},"27":{"start":{"line":43,"column":8},"end":{"line":46,"column":11}},"28":{"start":{"line":44,"column":12},"end":{"line":44,"column":31}},"29":{"start":{"line":44,"column":21},"end":{"line":44,"column":31}},"30":{"start":{"line":45,"column":12},"end":{"line":45,"column":30}},"31":{"start":{"line":49,"column":8},"end":{"line":49,"column":84}},"32":{"start":{"line":50,"column":8},"end":{"line":57,"column":11}},"33":{"start":{"line":51,"column":12},"end":{"line":51,"column":31}},"34":{"start":{"line":51,"column":21},"end":{"line":51,"column":31}},"35":{"start":{"line":52,"column":12},"end":{"line":56,"column":13}},"36":{"start":{"line":53,"column":12},"end":{"line":53,"column":30}},"37":{"start":{"line":55,"column":12},"end":{"line":55,"column":28}},"38":{"start":{"line":60,"column":19},"end":{"line":60,"column":56}},"39":{"start":{"line":61,"column":19},"end":{"line":61,"column":80}},"40":{"start":{"line":62,"column":8},"end":{"line":65,"column":11}},"41":{"start":{"line":63,"column":8},"end":{"line":63,"column":27}},"42":{"start":{"line":63,"column":17},"end":{"line":63,"column":27}},"43":{"start":{"line":64,"column":8},"end":{"line":64,"column":26}},"44":{"start":{"line":66,"column":8},"end":{"line":66,"column":20}},"45":{"start":{"line":69,"column":8},"end":{"line":72,"column":11}},"46":{"start":{"line":70,"column":12},"end":{"line":70,"column":31}},"47":{"start":{"line":70,"column":21},"end":{"line":70,"column":31}},"48":{"start":{"line":71,"column":12},"end":{"line":71,"column":30}},"49":{"start":{"line":73,"column":8},"end":{"line":73,"column":20}},"50":{"start":{"line":76,"column":8},"end":{"line":76,"column":114}},"51":{"start":{"line":76,"column":40},"end":{"line":76,"column":114}},"52":{"start":{"line":77,"column":8},"end":{"line":77,"column":38}},"53":{"start":{"line":78,"column":8},"end":{"line":80,"column":9}},"54":{"start":{"line":78,"column":21},"end":{"line":78,"column":22}},"55":{"start":{"line":79,"column":12},"end":{"line":79,"column":46}},"56":{"start":{"line":81,"column":8},"end":{"line":81,"column":53}},"57":{"start":{"line":82,"column":8},"end":{"line":82,"column":25}},"58":{"start":{"line":83,"column":8},"end":{"line":86,"column":15}},"59":{"start":{"line":84,"column":12},"end":{"line":84,"column":31}},"60":{"start":{"line":84,"column":21},"end":{"line":84,"column":31}},"61":{"start":{"line":85,"column":12},"end":{"line":85,"column":30}},"62":{"start":{"line":87,"column":8},"end":{"line":87,"column":20}},"63":{"start":{"line":90,"column":8},"end":{"line":93,"column":11}},"64":{"start":{"line":91,"column":12},"end":{"line":91,"column":31}},"65":{"start":{"line":91,"column":21},"end":{"line":91,"column":31}},"66":{"start":{"line":92,"column":12},"end":{"line":92,"column":30}},"67":{"start":{"line":96,"column":8},"end":{"line":99,"column":11}},"68":{"start":{"line":97,"column":12},"end":{"line":97,"column":32}},"69":{"start":{"line":97,"column":22},"end":{"line":97,"column":32}},"70":{"start":{"line":98,"column":12},"end":{"line":98,"column":30}},"71":{"start":{"line":102,"column":8},"end":{"line":105,"column":11}},"72":{"start":{"line":103,"column":12},"end":{"line":103,"column":31}},"73":{"start":{"line":103,"column":21},"end":{"line":103,"column":31}},"74":{"start":{"line":104,"column":12},"end":{"line":104,"column":30}},"75":{"start":{"line":108,"column":8},"end":{"line":111,"column":11}},"76":{"start":{"line":109,"column":12},"end":{"line":109,"column":31}},"77":{"start":{"line":109,"column":21},"end":{"line":109,"column":31}},"78":{"start":{"line":110,"column":12},"end":{"line":110,"column":30}},"79":{"start":{"line":114,"column":8},"end":{"line":114,"column":33}},"80":{"start":{"line":115,"column":8},"end":{"line":115,"column":64}},"81":{"start":{"line":116,"column":8},"end":{"line":121,"column":73}},"82":{"start":{"line":117,"column":12},"end":{"line":118,"column":72}},"83":{"start":{"line":118,"column":16},"end":{"line":118,"column":72}},"84":{"start":{"line":120,"column":13},"end":{"line":121,"column":73}},"85":{"start":{"line":121,"column":16},"end":{"line":121,"column":73}},"86":{"start":{"line":122,"column":8},"end":{"line":125,"column":11}},"87":{"start":{"line":123,"column":12},"end":{"line":123,"column":31}},"88":{"start":{"line":123,"column":21},"end":{"line":123,"column":31}},"89":{"start":{"line":124,"column":12},"end":{"line":124,"column":30}},"90":{"start":{"line":128,"column":8},"end":{"line":131,"column":11}},"91":{"start":{"line":129,"column":12},"end":{"line":129,"column":31}},"92":{"start":{"line":129,"column":21},"end":{"line":129,"column":31}},"93":{"start":{"line":130,"column":12},"end":{"line":130,"column":30}},"94":{"start":{"line":134,"column":8},"end":{"line":137,"column":11}},"95":{"start":{"line":135,"column":12},"end":{"line":135,"column":31}},"96":{"start":{"line":135,"column":21},"end":{"line":135,"column":31}},"97":{"start":{"line":136,"column":12},"end":{"line":136,"column":30}},"98":{"start":{"line":140,"column":8},"end":{"line":143,"column":11}},"99":{"start":{"line":141,"column":12},"end":{"line":141,"column":31}},"100":{"start":{"line":141,"column":21},"end":{"line":141,"column":31}},"101":{"start":{"line":142,"column":12},"end":{"line":142,"column":30}}},"fnMap":{"0":{"name":"(anonymous_0)","decl":{"start":{"line":4,"column":10},"end":{"line":4,"column":11}},"loc":{"start":{"line":4,"column":37},"end":{"line":10,"column":5}},"line":4},"1":{"name":"(anonymous_1)","decl":{"start":{"line":5,"column":68},"end":{"line":5,"column":69}},"loc":{"start":{"line":6,"column":23},"end":{"line":9,"column":9}},"line":6},"2":{"name":"(anonymous_2)","decl":{"start":{"line":11,"column":13},"end":{"line":11,"column":14}},"loc":{"start":{"line":11,"column":33},"end":{"line":16,"column":5}},"line":11},"3":{"name":"(anonymous_3)","decl":{"start":{"line":12,"column":47},"end":{"line":12,"column":48}},"loc":{"start":{"line":12,"column":71},"end":{"line":15,"column":9}},"line":12},"4":{"name":"(anonymous_4)","decl":{"start":{"line":17,"column":17},"end":{"line":17,"column":18}},"loc":{"start":{"line":17,"column":43},"end":{"line":23,"column":5}},"line":17},"5":{"name":"(anonymous_5)","decl":{"start":{"line":19,"column":22},"end":{"line":19,"column":23}},"loc":{"start":{"line":19,"column":46},"end":{"line":22,"column":9}},"line":19},"6":{"name":"(anonymous_6)","decl":{"start":{"line":24,"column":21},"end":{"line":24,"column":22}},"loc":{"start":{"line":24,"column":48},"end":{"line":29,"column":5}},"line":24},"7":{"name":"(anonymous_7)","decl":{"start":{"line":25,"column":101},"end":{"line":25,"column":102}},"loc":{"start":{"line":25,"column":125},"end":{"line":28,"column":9}},"line":25},"8":{"name":"(anonymous_8)","decl":{"start":{"line":30,"column":25},"end":{"line":30,"column":26}},"loc":{"start":{"line":30,"column":60},"end":{"line":35,"column":5}},"line":30},"9":{"name":"(anonymous_9)","decl":{"start":{"line":31,"column":173},"end":{"line":31,"column":174}},"loc":{"start":{"line":31,"column":197},"end":{"line":34,"column":9}},"line":31},"10":{"name":"(anonymous_10)","decl":{"start":{"line":36,"column":20},"end":{"line":36,"column":21}},"loc":{"start":{"line":36,"column":56},"end":{"line":41,"column":5}},"line":36},"11":{"name":"(anonymous_11)","decl":{"start":{"line":37,"column":73},"end":{"line":37,"column":74}},"loc":{"start":{"line":37,"column":96},"end":{"line":40,"column":9}},"line":37},"12":{"name":"(anonymous_12)","decl":{"start":{"line":42,"column":15},"end":{"line":42,"column":16}},"loc":{"start":{"line":42,"column":43},"end":{"line":47,"column":5}},"line":42},"13":{"name":"(anonymous_13)","decl":{"start":{"line":43,"column":79},"end":{"line":43,"column":80}},"loc":{"start":{"line":43,"column":102},"end":{"line":46,"column":9}},"line":43},"14":{"name":"(anonymous_14)","decl":{"start":{"line":48,"column":13},"end":{"line":48,"column":14}},"loc":{"start":{"line":48,"column":50},"end":{"line":58,"column":5}},"line":48},"15":{"name":"(anonymous_15)","decl":{"start":{"line":50,"column":36},"end":{"line":50,"column":37}},"loc":{"start":{"line":50,"column":60},"end":{"line":57,"column":9}},"line":50},"16":{"name":"(anonymous_16)","decl":{"start":{"line":59,"column":12},"end":{"line":59,"column":13}},"loc":{"start":{"line":59,"column":72},"end":{"line":67,"column":5}},"line":59},"17":{"name":"(anonymous_17)","decl":{"start":{"line":62,"column":189},"end":{"line":62,"column":190}},"loc":{"start":{"line":62,"column":213},"end":{"line":65,"column":9}},"line":62},"18":{"name":"(anonymous_18)","decl":{"start":{"line":68,"column":12},"end":{"line":68,"column":13}},"loc":{"start":{"line":68,"column":39},"end":{"line":74,"column":5}},"line":68},"19":{"name":"(anonymous_19)","decl":{"start":{"line":69,"column":66},"end":{"line":69,"column":67}},"loc":{"start":{"line":69,"column":90},"end":{"line":72,"column":9}},"line":69},"20":{"name":"(anonymous_20)","decl":{"start":{"line":75,"column":13},"end":{"line":75,"column":14}},"loc":{"start":{"line":75,"column":48},"end":{"line":88,"column":5}},"line":75},"21":{"name":"(anonymous_21)","decl":{"start":{"line":83,"column":28},"end":{"line":83,"column":29}},"loc":{"start":{"line":83,"column":52},"end":{"line":86,"column":13}},"line":83},"22":{"name":"(anonymous_22)","decl":{"start":{"line":89,"column":16},"end":{"line":89,"column":17}},"loc":{"start":{"line":89,"column":45},"end":{"line":94,"column":5}},"line":89},"23":{"name":"(anonymous_23)","decl":{"start":{"line":90,"column":77},"end":{"line":90,"column":78}},"loc":{"start":{"line":90,"column":101},"end":{"line":93,"column":9}},"line":90},"24":{"name":"(anonymous_24)","decl":{"start":{"line":95,"column":19},"end":{"line":95,"column":20}},"loc":{"start":{"line":95,"column":51},"end":{"line":100,"column":5}},"line":95},"25":{"name":"(anonymous_25)","decl":{"start":{"line":96,"column":83},"end":{"line":96,"column":84}},"loc":{"start":{"line":96,"column":107},"end":{"line":99,"column":9}},"line":96},"26":{"name":"(anonymous_26)","decl":{"start":{"line":101,"column":23},"end":{"line":101,"column":24}},"loc":{"start":{"line":101,"column":52},"end":{"line":106,"column":5}},"line":101},"27":{"name":"(anonymous_27)","decl":{"start":{"line":102,"column":86},"end":{"line":102,"column":87}},"loc":{"start":{"line":102,"column":110},"end":{"line":105,"column":9}},"line":102},"28":{"name":"(anonymous_28)","decl":{"start":{"line":107,"column":19},"end":{"line":107,"column":20}},"loc":{"start":{"line":107,"column":51},"end":{"line":112,"column":5}},"line":107},"29":{"name":"(anonymous_29)","decl":{"start":{"line":108,"column":83},"end":{"line":108,"column":84}},"loc":{"start":{"line":108,"column":107},"end":{"line":111,"column":9}},"line":108},"30":{"name":"(anonymous_30)","decl":{"start":{"line":113,"column":24},"end":{"line":113,"column":25}},"loc":{"start":{"line":113,"column":62},"end":{"line":126,"column":5}},"line":113},"31":{"name":"(anonymous_31)","decl":{"start":{"line":122,"column":95},"end":{"line":122,"column":96}},"loc":{"start":{"line":122,"column":119},"end":{"line":125,"column":9}},"line":122},"32":{"name":"(anonymous_32)","decl":{"start":{"line":127,"column":23},"end":{"line":127,"column":24}},"loc":{"start":{"line":127,"column":53},"end":{"line":132,"column":5}},"line":127},"33":{"name":"(anonymous_33)","decl":{"start":{"line":128,"column":86},"end":{"line":128,"column":87}},"loc":{"start":{"line":128,"column":110},"end":{"line":131,"column":9}},"line":128},"34":{"name":"(anonymous_34)","decl":{"start":{"line":133,"column":25},"end":{"line":133,"column":26}},"loc":{"start":{"line":133,"column":55},"end":{"line":138,"column":5}},"line":133},"35":{"name":"(anonymous_35)","decl":{"start":{"line":134,"column":87},"end":{"line":134,"column":88}},"loc":{"start":{"line":134,"column":111},"end":{"line":137,"column":9}},"line":134},"36":{"name":"(anonymous_36)","decl":{"start":{"line":139,"column":23},"end":{"line":139,"column":24}},"loc":{"start":{"line":139,"column":48},"end":{"line":144,"column":5}},"line":139},"37":{"name":"(anonymous_37)","decl":{"start":{"line":140,"column":83},"end":{"line":140,"column":84}},"loc":{"start":{"line":140,"column":107},"end":{"line":143,"column":9}},"line":140}},"branchMap":{"0":{"loc":{"start":{"line":7,"column":8},"end":{"line":7,"column":27}},"type":"if","locations":[{"start":{"line":7,"column":8},"end":{"line":7,"column":27}},{"start":{},"end":{}}],"line":7},"1":{"loc":{"start":{"line":13,"column":8},"end":{"line":13,"column":27}},"type":"if","locations":[{"start":{"line":13,"column":8},"end":{"line":13,"column":27}},{"start":{},"end":{}}],"line":13},"2":{"loc":{"start":{"line":20,"column":12},"end":{"line":20,"column":31}},"type":"if","locations":[{"start":{"line":20,"column":12},"end":{"line":20,"column":31}},{"start":{},"end":{}}],"line":20},"3":{"loc":{"start":{"line":26,"column":8},"end":{"line":26,"column":27}},"type":"if","locations":[{"start":{"line":26,"column":8},"end":{"line":26,"column":27}},{"start":{},"end":{}}],"line":26},"4":{"loc":{"start":{"line":32,"column":8},"end":{"line":32,"column":27}},"type":"if","locations":[{"start":{"line":32,"column":8},"end":{"line":32,"column":27}},{"start":{},"end":{}}],"line":32},"5":{"loc":{"start":{"line":38,"column":12},"end":{"line":38,"column":31}},"type":"if","locations":[{"start":{"line":38,"column":12},"end":{"line":38,"column":31}},{"start":{},"end":{}}],"line":38},"6":{"loc":{"start":{"line":44,"column":12},"end":{"line":44,"column":31}},"type":"if","locations":[{"start":{"line":44,"column":12},"end":{"line":44,"column":31}},{"start":{},"end":{}}],"line":44},"7":{"loc":{"start":{"line":51,"column":12},"end":{"line":51,"column":31}},"type":"if","locations":[{"start":{"line":51,"column":12},"end":{"line":51,"column":31}},{"start":{},"end":{}}],"line":51},"8":{"loc":{"start":{"line":52,"column":12},"end":{"line":56,"column":13}},"type":"if","locations":[{"start":{"line":52,"column":12},"end":{"line":56,"column":13}},{"start":{"line":54,"column":19},"end":{"line":56,"column":13}
[...]
ine":20},"3":{"loc":{"start":{"line":21,"column":4},"end":{"line":21,"column":27}},"type":"if","locations":[{"start":{"line":21,"column":4},"end":{"line":21,"column":27}},{"start":{},"end":{}}],"line":21},"4":{"loc":{"start":{"line":29,"column":2},"end":{"line":44,"column":3}},"type":"if","locations":[{"start":{"line":29,"column":2},"end":{"line":44,"column":3}},{"start":{"line":31,"column":8},"end":{"line":44,"column":3}}],"line":29},"5":{"loc":{"start":{"line":31,"column":8},"end":{"line":44,"column":3}},"type":"if","locations":[{"start":{"line":31,"column":8},"end":{"line":44,"column":3}},{"start":{"line":33,"column":9},"end":{"line":44,"column":3}}],"line":31},"6":{"loc":{"start":{"line":38,"column":6},"end":{"line":38,"column":23}},"type":"if","locations":[{"start":{"line":38,"column":6},"end":{"line":38,"column":23}},{"start":{},"end":{}}],"line":38},"7":{"loc":{"start":{"line":39,"column":6},"end":{"line":39,"column":29}},"type":"if","locations":[{"start":{"line":39,"column":6},"end":{"line":39,"column":29}},{"start":{},"end":{}}],"line":39},"8":{"loc":{"start":{"line":47,"column":2},"end":{"line":59,"column":3}},"type":"if","locations":[{"start":{"line":47,"column":2},"end":{"line":59,"column":3}},{"start":{"line":49,"column":8},"end":{"line":59,"column":3}}],"line":47},"9":{"loc":{"start":{"line":49,"column":8},"end":{"line":59,"column":3}},"type":"if","locations":[{"start":{"line":49,"column":8},"end":{"line":59,"column":3}},{"start":{"line":51,"column":9},"end":{"line":59,"column":3}}],"line":49},"10":{"loc":{"start":{"line":62,"column":2},"end":{"line":70,"column":3}},"type":"if","locations":[{"start":{"line":62,"column":2},"end":{"line":70,"column":3}},{"start":{"line":64,"column":8},"end":{"line":70,"column":3}}],"line":62},"11":{"loc":{"start":{"line":64,"column":8},"end":{"line":70,"column":3}},"type":"if","locations":[{"start":{"line":64,"column":8},"end":{"line":70,"column":3}},{"start":{"line":66,"column":9},"end":{"line":70,"column":3}}],"line":64},"12":{"loc":{"start":{"line":73,"column":2},"end":{"line":106,"column":3}},"type":"if","locations":[{"start":{"line":73,"column":2},"end":{"line":106,"column":3}},{"start":{"line":75,"column":8},"end":{"line":106,"column":3}}],"line":73},"13":{"loc":{"start":{"line":75,"column":8},"end":{"line":106,"column":3}},"type":"if","locations":[{"start":{"line":75,"column":8},"end":{"line":106,"column":3}},{"start":{"line":77,"column":9},"end":{"line":106,"column":3}}],"line":75},"14":{"loc":{"start":{"line":98,"column":8},"end":{"line":101,"column":25}},"type":"if","locations":[{"start":{"line":98,"column":8},"end":{"line":101,"column":25}},{"start":{"line":101,"column":10},"end":{"line":101,"column":25}}],"line":98},"15":{"loc":{"start":{"line":98,"column":11},"end":{"line":98,"column":67}},"type":"binary-expr","locations":[{"start":{"line":98,"column":11},"end":{"line":98,"column":28}},{"start":{"line":98,"column":32},"end":{"line":98,"column":67}}],"line":98},"16":{"loc":{"start":{"line":109,"column":2},"end":{"line":145,"column":3}},"type":"if","locations":[{"start":{"line":109,"column":2},"end":{"line":145,"column":3}},{"start":{"line":111,"column":8},"end":{"line":145,"column":3}}],"line":109},"17":{"loc":{"start":{"line":111,"column":8},"end":{"line":145,"column":3}},"type":"if","locations":[{"start":{"line":111,"column":8},"end":{"line":145,"column":3}},{"start":{"line":113,"column":9},"end":{"line":145,"column":3}}],"line":111},"18":{"loc":{"start":{"line":134,"column":4},"end":{"line":137,"column":21}},"type":"if","locations":[{"start":{"line":134,"column":4},"end":{"line":137,"column":21}},{"start":{"line":137,"column":6},"end":{"line":137,"column":21}}],"line":134},"19":{"loc":{"start":{"line":134,"column":7},"end":{"line":134,"column":63}},"type":"binary-expr","locations":[{"start":{"line":134,"column":7},"end":{"line":134,"column":24}},{"start":{"line":134,"column":28},"end":{"line":134,"column":63}}],"line":134},"20":{"loc":{"start":{"line":148,"column":2},"end":{"line":156,"column":3}},"type":"if","locations":[{"start":{"line":148,"column":2},"end":{"line":156,"column":3}},{"start":{"line":150,"column":8},"end":{"line":156,"column":3}}],"line":148},"21":{"loc":{"start":{"line":150,"column":8},"end":{"line":156,"column":3}},"type":"if","locations":[{"start":{"line":150,"column":8},"end":{"line":156,"column":3}},{"start":{"line":152,"column":9},"end":{"line":156,"column":3}}],"line":150},"22":{"loc":{"start":{"line":159,"column":2},"end":{"line":167,"column":3}},"type":"if","locations":[{"start":{"line":159,"column":2},"end":{"line":167,"column":3}},{"start":{"line":161,"column":8},"end":{"line":167,"column":3}}],"line":159},"23":{"loc":{"start":{"line":161,"column":8},"end":{"line":167,"column":3}},"type":"if","locations":[{"start":{"line":161,"column":8},"end":{"line":167,"column":3}},{"start":{"line":163,"column":9},"end":{"line":167,"column":3}}],"line":161},"24":{"loc":{"start":{"line":170,"column":2},"end":{"line":180,"column":3}},"type":"if","locations":[{"start":{"line":170,"column":2},"end":{"line":180,"column":3}},{"start":{"line":172,"column":8},"end":{"line":180,"column":3}}],"line":170},"25":{"loc":{"start":{"line":172,"column":8},"end":{"line":180,"column":3}},"type":"if","locations":[{"start":{"line":172,"column":8},"end":{"line":180,"column":3}},{"start":{"line":174,"column":9},"end":{"line":180,"column":3}}],"line":172},"26":{"loc":{"start":{"line":183,"column":2},"end":{"line":192,"column":3}},"type":"if","locations":[{"start":{"line":183,"column":2},"end":{"line":192,"column":3}},{"start":{"line":185,"column":8},"end":{"line":192,"column":3}}],"line":183},"27":{"loc":{"start":{"line":185,"column":8},"end":{"line":192,"column":3}},"type":"if","locations":[{"start":{"line":185,"column":8},"end":{"line":192,"column":3}},{"start":{"line":187,"column":9},"end":{"line":192,"column":3}}],"line":185},"28":{"loc":{"start":{"line":195,"column":2},"end":{"line":210,"column":3}},"type":"if","locations":[{"start":{"line":195,"column":2},"end":{"line":210,"column":3}},{"start":{"line":197,"column":8},"end":{"line":210,"column":3}}],"line":195},"29":{"loc":{"start":{"line":197,"column":8},"end":{"line":210,"column":3}},"type":"if","locations":[{"start":{"line":197,"column":8},"end":{"line":210,"column":3}},{"start":{"line":199,"column":9},"end":{"line":210,"column":3}}],"line":197}},"s":{"0":1,"1":1,"2":1,"3":1,"4":1,"5":1,"6":1,"7":1,"8":1,"9":0,"10":0,"11":0,"12":0,"13":0,"14":0,"15":0,"16":0,"17":0,"18":0,"19":0,"20":0,"21":0,"22":0,"23":1,"24":0,"25":0,"26":0,"27":0,"28":0,"29":0,"30":0,"31":0,"32":0,"33":0,"34":0,"35":0,"36":0,"37":0,"38":1,"39":0,"40":0,"41":0,"42":0,"43":0,"44":0,"45":0,"46":1,"47":0,"48":0,"49":0,"50":0,"51":0,"52":0,"53":0,"54":1,"55":0,"56":0,"57":0,"58":0,"59":0,"60":0,"61":0,"62":0,"63":0,"64":0,"65":0,"66":0,"67":0,"68":0,"69":0,"70":0,"71":0,"72":0,"73":0,"74":0,"75":0,"76":0,"77":0,"78":0,"79":0,"80":0,"81":0,"82":0,"83":1,"84":0,"85":0,"86":0,"87":0,"88":0,"89":0,"90":0,"91":0,"92":0,"93":0,"94":0,"95":0,"96":0,"97":0,"98":0,"99":0,"100":0,"101":0,"102":0,"103":0,"104":0,"105":0,"106":0,"107":0,"108":0,"109":0,"110":0,"111":0,"112":0,"113":0,"114":0,"115":1,"116":0,"117":0,"118":0,"119":0,"120":0,"121":0,"122":0,"123":1,"124":0,"125":0,"126":0,"127":0,"128":0,"129":0,"130":0,"131":1,"132":0,"133":0,"134":0,"135":0,"136":0,"137":0,"138":0,"139":0,"140":1,"141":0,"142":0,"143":0,"144":0,"145":0,"146":0,"147":0,"148":1,"149":0,"150":0,"151":0,"152":0,"153":0,"154":0,"155":0,"156":0,"157":0,"158":0,"159":1},"f":{"0":0,"1":0,"2":0,"3":0,"4":0,"5":0,"6":0,"7":0,"8":0,"9":0,"10":0,"11":0,"12":0,"13":0,"14":0,"15":0,"16":0,"17":0,"18":0,"19":0,"20":0,"21":0,"22":0,"23":0,"24":0,"25":0,"26":0,"27":0,"28":0,"29":0,"30":0},"b":{"0":[0,0],"1":[0,0],"2":[0,0],"3":[0,0],"4":[0,0],"5":[0,0],"6":[0,0],"7":[0,0],"8":[0,0],"9":[0,0],"10":[0,0],"11":[0,0],"12":[0,0],"13":[0,0],"14":[0,0],"15":[0,0],"16":[0,0],"17":[0,0],"18":[0,0],"19":[0,0],"20":[0,0],"21":[0,0],"22":[0,0],"23":[0,0],"24":[0,0],"25":[0,0],"26":[0,0],"27":[0,0],"28":[0,0],"29":[0,0]},"_coverageSchema":"1a1c01bbd47fc00a2c39e90264f33305004495a9","hash":"f09dfc8eb3c0f3fd22f2b7aebef3a37bdc8ddd92"}
,"C:\\ecole offline\\SR10\\projet\\git repo\\sr10_p2023_bridoux_perrette\\PaulEmploi\\routes\\utilisateurs.js": {"path":"C:\\ecole offline\\SR10\\projet\\git repo\\sr10_p2023_bridoux_perrette\\PaulEmploi\\routes\\utilisateurs.js","statementMap":{"0":{"start":{"line":1,"column":14},"end":{"line":1,"column":32}},"1":{"start":{"line":2,"column":16},"end":{"line":2,"column":42}},"2":{"start":{"line":3,"column":21},"end":{"line":3,"column":53}},"3":{"start":{"line":4,"column":13},"end":{"line":4,"column":29}},"4":{"start":{"line":5,"column":10},"end":{"line":5,"column":19}},"5":{"start":{"line":8,"column":0},"end":{"line":12,"column":3}},"6":{"start":{"line":9,"column":2},"end":{"line":11,"column":5}},"7":{"start":{"line":10,"column":4},"end":{"line":10,"column":87}},"8":{"start":{"line":14,"column":0},"end":{"line":17,"column":3}},"9":{"start":{"line":15,"column":2},"end":{"line":15,"column":23}},"10":{"start":{"line":16,"column":2},"end":{"line":16,"column":20}},"11":{"start":{"line":19,"column":0},"end":{"line":55,"column":3}},"12":{"start":{"line":20,"column":16},"end":{"line":20,"column":42}},"13":{"start":{"line":21,"column":12},"end":{"line":21,"column":36}},"14":{"start":{"line":22,"column":2},"end":{"line":22,"column":24}},"15":{"start":{"line":23,"column":2},"end":{"line":23,"column":40}},"16":{"start":{"line":24,"column":15},"end":{"line":24,"column":42}},"17":{"start":{"line":25,"column":2},"end":{"line":25,"column":30}},"18":{"start":{"line":26,"column":2},"end":{"line":26,"column":49}},"19":{"start":{"line":27,"column":21},"end":{"line":27,"column":52}},"20":{"start":{"line":28,"column":12},"end":{"line":28,"column":36}},"21":{"start":{"line":30,"column":17},"end":{"line":30,"column":60}},"22":{"start":{"line":31,"column":2},"end":{"line":32,"column":57}},"23":{"start":{"line":32,"column":4},"end":{"line":32,"column":57}},"24":{"start":{"line":34,"column":2},"end":{"line":34,"column":28}},"25":{"start":{"line":35,"column":2},"end":{"line":35,"column":28}},"26":{"start":{"line":37,"column":4},"end":{"line":37,"column":121}},"27":{"start":{"line":38,"column":4},"end":{"line":39,"column":60}},"28":{"start":{"line":39,"column":4},"end":{"line":39,"column":60}},"29":{"start":{"line":40,"column":2},"end":{"line":54,"column":5}},"30":{"start":{"line":41,"column":6},"end":{"line":53,"column":7}},"31":{"start":{"line":42,"column":8},"end":{"line":42,"column":62}},"32":{"start":{"line":44,"column":8},"end":{"line":52,"column":23}},"33":{"start":{"line":44,"column":86},"end":{"line":44,"column":105}},"34":{"start":{"line":46,"column":10},"end":{"line":46,"column":36}},"35":{"start":{"line":47,"column":10},"end":{"line":47,"column":32}},"36":{"start":{"line":48,"column":10},"end":{"line":48,"column":47}},"37":{"start":{"line":49,"column":10},"end":{"line":49,"column":29}},"38":{"start":{"line":50,"column":10},"end":{"line":50,"column":35}},"39":{"start":{"line":52,"column":13},"end":{"line":52,"column":23}},"40":{"start":{"line":57,"column":0},"end":{"line":79,"column":3}},"41":{"start":{"line":58,"column":16},"end":{"line":58,"column":42}},"42":{"start":{"line":59,"column":21},"end":{"line":59,"column":52}},"43":{"start":{"line":61,"column":2},"end":{"line":78,"column":5}},"44":{"start":{"line":62,"column":4},"end":{"line":62,"column":24}},"45":{"start":{"line":63,"column":4},"end":{"line":77,"column":5}},"46":{"start":{"line":64,"column":6},"end":{"line":71,"column":9}},"47":{"start":{"line":65,"column":8},"end":{"line":65,"column":22}},"48":{"start":{"line":66,"column":8},"end":{"line":66,"column":44}},"49":{"start":{"line":67,"column":8},"end":{"line":67,"column":40}},"50":{"start":{"line":68,"column":8},"end":{"line":68,"column":56}},"51":{"start":{"line":69,"column":8},"end":{"line":69,"column":26}},"52":{"start":{"line":70,"column":8},"end":{"line":70,"column":34}},"53":{"start":{"line":73,"column":9},"end":{"line":77,"column":5}},"54":{"start":{"line":74,"column":6},"end":{"line":74,"column":93}},"55":{"start":{"line":76,"column":6},"end":{"line":76,"column":62}},"56":{"start":{"line":81,"column":0},"end":{"line":92,"column":3}},"57":{"start":{"line":82,"column":2},"end":{"line":91,"column":3}},"58":{"start":{"line":83,"column":4},"end":{"line":83,"column":22}},"59":{"start":{"line":84,"column":8},"end":{"line":91,"column":3}},"60":{"start":{"line":85,"column":4},"end":{"line":85,"column":74}},"61":{"start":{"line":87,"column":21},"end":{"line":87,"column":50}},"62":{"start":{"line":88,"column":4},"end":{"line":90,"column":7}},"63":{"start":{"line":89,"column":6},"end":{"line":89,"column":38}},"64":{"start":{"line":94,"column":0},"end":{"line":113,"column":3}},"65":{"start":{"line":95,"column":2},"end":{"line":112,"column":3}},"66":{"start":{"line":96,"column":4},"end":{"line":96,"column":22}},"67":{"start":{"line":97,"column":8},"end":{"line":112,"column":3}},"68":{"start":{"line":98,"column":4},"end":{"line":98,"column":74}},"69":{"start":{"line":100,"column":21},"end":{"line":100,"column":50}},"70":{"start":{"line":101,"column":19},"end":{"line":101,"column":46}},"71":{"start":{"line":102,"column":16},"end":{"line":102,"column":40}},"72":{"start":{"line":103,"column":18},"end":{"line":103,"column":44}},"73":{"start":{"line":104,"column":19},"end":{"line":104,"column":46}},"74":{"start":{"line":105,"column":17},"end":{"line":105,"column":42}},"75":{"start":{"line":106,"column":18},"end":{"line":106,"column":44}},"76":{"start":{"line":107,"column":18},"end":{"line":107,"column":85}},"77":{"start":{"line":108,"column":15},"end":{"line":108,"column":56}},"78":{"start":{"line":109,"column":4},"end":{"line":111,"column":7}},"79":{"start":{"line":110,"column":6},"end":{"line":110,"column":38}},"80":{"start":{"line":115,"column":0},"end":{"line":115,"column":24}}},"fnMap":{"0":{"name":"(anonymous_0)","decl":{"start":{"line":8,"column":16},"end":{"line":8,"column":17}},"loc":{"start":{"line":8,"column":41},"end":{"line":12,"column":1}},"line":8},"1":{"name":"(anonymous_1)","decl":{"start":{"line":9,"column":30},"end":{"line":9,"column":31}},"loc":{"start":{"line":9,"column":46},"end":{"line":11,"column":3}},"line":9},"2":{"name":"(anonymous_2)","decl":{"start":{"line":14,"column":28},"end":{"line":14,"column":29}},"loc":{"start":{"line":14,"column":53},"end":{"line":17,"column":1}},"line":14},"3":{"name":"(anonymous_3)","decl":{"start":{"line":19,"column":34},"end":{"line":19,"column":35}},"loc":{"start":{"line":19,"column":59},"end":{"line":55,"column":1}},"line":19},"4":{"name":"(anonymous_4)","decl":{"start":{"line":40,"column":34},"end":{"line":40,"column":35}},"loc":{"start":{"line":40,"column":50},"end":{"line":54,"column":3}},"line":40},"5":{"name":"(anonymous_5)","decl":{"start":{"line":44,"column":68},"end":{"line":44,"column":69}},"loc":{"start":{"line":44,"column":84},"end":{"line":44,"column":107}},"line":44},"6":{"name":"(anonymous_6)","decl":{"start":{"line":57,"column":37},"end":{"line":57,"column":38}},"loc":{"start":{"line":57,"column":62},"end":{"line":79,"column":1}},"line":57},"7":{"name":"(anonymous_7)","decl":{"start":{"line":61,"column":41},"end":{"line":61,"column":42}},"loc":{"start":{"line":61,"column":57},"end":{"line":78,"column":3}},"line":61},"8":{"name":"(anonymous_8)","decl":{"start":{"line":64,"column":38},"end":{"line":64,"column":39}},"loc":{"start":{"line":64,"column":54},"end":{"line":71,"column":7}},"line":64},"9":{"name":"(anonymous_9)","decl":{"start":{"line":81,"column":37},"end":{"line":81,"column":38}},"loc":{"start":{"line":81,"column":62},"end":{"line":92,"column":1}},"line":81},"10":{"name":"(anonymous_10)","decl":{"start":{"line":88,"column":54},"end":{"line":88,"column":55}},"loc":{"start":{"line":88,"column":70},"end":{"line":90,"column":5}},"line":88},"11":{"name":"(anonymous_11)","decl":{"start":{"line":94,"column":32},"end":{"line":94,"column":33}},"loc":{"start":{"line":94,"column":57},"end":{"line":113,"column":1}},"line":94},"12":{"name":"(anonymous_12)","decl":{"start":{"line":109,"column":57},"end":{"line":109,"column":58}},"loc":{"start":{"line":109,"column":73},"end":{"line":111,"column":5}},"line":109}},"branchMap":{"0":{"loc":{"start":{"line":31,"column":2},"end":{"line":32,"column":57}},"type":"if","locations":[{"start":{"line":31,"column":2},"end":{"line":32,"column":57}},{"start":{},"end":{}}],"line":31},"1":{"loc":{"start":{"line":38,"column":4},"end":{"line":39,"column":60}},"type":"if","locations":[{"start":{"line":38,"column":4},"end":{"line":39,"column":60}},{"start":{},"end":{}}],"line":38},"2":{"loc":{"start":{"line":41,"column":6},"end":{"line":53,"column":7}},"type":"if","locations":[{"start":{"line":41,"column":6},"end":{"line":53,"column":7}},{"start":{"line":43,"column":11},"end":{"line":53,"column":7}}],"line":41},"3":{"loc":{"start":{"line":44,"column":8},"end":{"line":52,"column":23}},"type":"if","locations":[{"start":{"line":44,"column":8},"end":{"line":52,"column":23}},{"start":{"line":52,"column":13},"end":{"line":52,"column":23}}],"line":44},"4":{"loc":{"start":{"line":63,"column":4},"end":{"line":77,"column":5}},"type":"if","locations":[{"start":{"line":63,"column":4},"end":{"line":77,"column":5}},{"start":{"line":73,"column":9},"end":{"line":77,"column":5}}],"line":63},"5":{"loc":{"start":{"line":63,"column":7},"end":{"line":63,"column":43}},"type":"binary-expr","locations":[{"start":{"line":63,"column":7},"end":{"line":63,"column":13}},{"start":{"line":63,"column":17},"end":{"line":63,"column":43}}],"line":63},"6":{"loc":{"start":{"line":73,"column":9},"end":{"line":77,"column":5}},"type":"if","locations":[{"start":{"line":73,"column":9},"end":{"line":77,"column":5}},{"start":{"line":75,"column":11},"end":{"line":77,"column":5}}],"line":73},"7":{"loc":{"start":{"line":73,"column":13},"end":{"line":73,"column":49}},"type":"binary-expr","locations":[{"start":{"line":73,"column":13},"end":{"line":73,"column":19}},{"start":{"line":73,"column":23},"end":{"line":73,"column":49}}],"line":73},"8":{"loc":{"start":{"line":82,"column":2},"end":{"line":91,"column":3}},"type":"if","locations":[{"start":{"line":82,"column":2},"end":{"line":91,"column":3}},{"start":{"line":84,"column":8},"end":{"line":91,"column":3}}],"line":82},"9":{"loc":{"start":{"line":84,"column":8},"end":{"line":91,"column":3}},"type":"if","locations":[{"start":{"line":84,"column":8},"end":{"line":91,"column":3}},{"start":{"line":86,"column":9},"end":{"line":91,"column":3}}],"line":84},"10":{"loc":{"start":{"line":95,"column":2},"end":{"line":112,"column":3}},"type":"if","locations":[{"start":{"line":95,"column":2},"end":{"line":112,"column":3}},{"start":{"line":97,"column":8},"end":{"line":112,"column":3}}],"line":95},"11":{"loc":{"start":{"line":97,"column":8},"end":{"line":112,"column":3}},"type":"if","locations":[{"start":{"line":97,"column":8},"end":{"line":112,"column":3}},{"start":{"line":99,"column":9},"end":{"line":112,"column":3}}],"line":97}},"s":{"0":1,"1":1,"2":1,"3":1,"4":1,"5":1,"6":0,"7":0,"8":1,"9":0,"10":0,"11":1,"12":0,"13":0,"14":0,"15":0,"16":0,"17":0,"18":0,"19":0,"20":0,"21":0,"22":0,"23":0,"24":0,"25":0,"26":0,"27":0,"28":0,"29":0,"30":0,"31":0,"32":0,"33":0,"34":0,"35":0,"36":0,"37":0,"38":0,"39":0,"40":1,"41":0,"42":0,"43":0,"44":0,"45":0,"46":0,"47":0,"48":0,"49":0,"50":0,"51":0,"52":0,"53":0,"54":0,"55":0,"56":1,"57":0,"58":0,"59":0,"60":0,"61":0,"62":0,"63":0,"64":1,"65":0,"66":0,"67":0,"68":0,"69":0,"70":0,"71":0,"72":0,"73":0,"74":0,"75":0,"76":0,"77":0,"78":0,"79":0,"80":1},"f":{"0":0,"1":0,"2":0,"3":0,"4":0,"5":0,"6":0,"7":0,"8":0,"9":0,"10":0,"11":0,"12":0},"b":{"0":[0,0],"1":[0,0],"2":[0,0],"3":[0,0],"4":[0,0],"5":[0,0],"6":[0,0],"7":[0,0],"8":[0,0],"9":[0,0],"10":[0,0],"11":[0,0]},"_coverageSchema":"1a1c01bbd47fc00a2c39e90264f33305004495a9","hash":"e1d10719a44fd2b5cb887747a66e6aaf4b635b2d"}
}
